
[ 21:42:42 ][系统] 初始化配置项
[ 21:45:32 ][系统] 初始化配置项
[ 21:46:49 ][系统] 初始化配置项
[ 21:46:49 ][系统] 初始化完成，即将开始执行.....
[ 21:46:49 ][用户]>>> 正在执行 [1/1]
[ 21:46:49 ][用户]>>>>> 执行内容 [执行D盘数据备份，请稍后]
[ 21:46:49 ][用户]>>>>> 执行内容步骤总数 [2]
[ 21:46:49 ][用户]>>>>>>>> 执行内容步骤 [1/2]
[ 21:46:49 ][用户]>>>>>>>> [ 停止Mysql数据库  ]
[ 21:46:49 ][用户]>>>>> 执行内容步骤总数 [2]
[ 21:46:49 ][用户]>>>>>>>> 执行内容步骤 [2/2]
[ 21:46:49 ][用户]>>>>>>>> [ 启动Mysql数据库  ]
[ 21:46:50 ][系统]执行结束，总耗时 [ 828 毫秒 ]
[ 22:13:50 ][系统] 初始化配置项
[ 22:13:50 ][系统] 初始化完成，即将开始执行.....
[ 22:13:50 ][用户]>>> 正在执行 [1/1]
[ 22:13:50 ][用户]>>>>> 执行内容 [执行D盘数据备份，请稍后]
[ 22:13:50 ][用户]>>>>> 执行内容步骤总数 [2]
[ 22:13:51 ][用户]>>>>>>>> 执行内容步骤 [1/2]
[ 22:13:51 ][用户]>>>>>>>> [ 停止Mysql数据库  ]
[ 22:13:51 ][用户]>>>>> 执行内容步骤总数 [2]
[ 22:13:51 ][用户]>>>>>>>> 执行内容步骤 [2/2]
[ 22:13:51 ][用户]>>>>>>>> [ 启动Mysql数据库  ]
[ 22:13:51 ][系统]执行结束，总耗时 [ 656 毫秒 ]
[ 22:14:22 ][系统] 初始化配置项
[ 22:14:22 ][系统] 初始化完成，即将开始执行.....
[ 22:14:22 ][用户]>>> 正在执行 [1/1]
[ 22:14:22 ][用户]>>>>> 执行内容 [执行D盘数据备份，请稍后]
[ 22:14:22 ][用户]>>>>> 执行内容步骤总数 [2]
[ 22:14:22 ][用户]>>>>>>>> 执行内容步骤 [1/2]
[ 22:14:22 ][用户]>>>>>>>> [ 停止Mysql数据库  ]
[ 22:14:22 ][用户]>>>>> 执行内容步骤总数 [2]
[ 22:14:22 ][用户]>>>>>>>> 执行内容步骤 [2/2]
[ 22:14:22 ][用户]>>>>>>>> [ 启动Mysql数据库  ]
[ 22:14:23 ][系统]执行结束，总耗时 [ 618 毫秒 ]
[ 22:18:57 ][系统] 初始化配置项
[ 22:18:58 ][系统] 初始化完成，即将开始执行.....
[ 22:18:58 ][用户]>>> 正在执行 [1/1]
[ 22:18:58 ][用户]>>>>> 执行内容 [执行D盘数据备份，请稍后]
[ 22:18:58 ][用户]>>>>> 执行内容步骤总数 [2]
[ 22:18:58 ][用户]>>>>>>>> 执行内容步骤 [1/2]
[ 22:18:58 ][用户]>>>>>>>> [ 停止Mysql数据库  ]
[ 22:18:58 ][用户]>>>>> 执行内容步骤总数 [2]
[ 22:18:58 ][用户]>>>>>>>> 执行内容步骤 [2/2]
[ 22:18:58 ][用户]>>>>>>>> [ 启动Mysql数据库  ]
[ 22:18:58 ][系统]执行结束，总耗时 [ 670 毫秒 ]
[ 22:23:03 ][系统] 初始化配置项
[ 22:23:03 ][系统] 初始化完成，即将开始执行.....
[ 22:23:03 ][用户]>>> 正在执行 [1/1]
[ 22:23:03 ][用户]>>>>> 执行内容 [执行D盘数据备份，请稍后]
[ 22:23:03 ][用户]>>>>> 执行内容步骤总数 [2]
[ 22:23:03 ][用户]>>>>>>>> 执行内容步骤 [1/2]
[ 22:23:04 ][用户]>>>>>>>> [ 停止Mysql数据库  ]
[ 22:23:04 ][用户]>>>>> 执行内容步骤总数 [2]
[ 22:23:04 ][用户]>>>>>>>> 执行内容步骤 [2/2]
[ 22:23:04 ][用户]>>>>>>>> [ 启动Mysql数据库  ]
[ 22:23:04 ][系统]执行结束，总耗时 [ 683 毫秒 ]
[ 22:25:03 ][系统] 初始化配置项
[ 22:25:03 ][系统] 初始化完成，即将开始执行.....
[ 22:25:03 ][用户]>>> 正在执行 [1/1]
[ 22:25:03 ][用户]>>>>> 执行内容 [执行D盘数据备份，请稍后]
[ 22:25:04 ][用户]>>>>> 执行内容步骤总数 [2]
[ 22:25:04 ][用户]>>>>>>>> 执行内容步骤 [1/2]
[ 22:25:04 ][用户]>>>>>>>> [ 停止Mysql数据库  ]
[ 22:25:04 ][用户]>>>>> 执行内容步骤总数 [2]
[ 22:25:04 ][用户]>>>>>>>> 执行内容步骤 [2/2]
[ 22:25:04 ][用户]>>>>>>>> [ 启动Mysql数据库  ]
[ 22:25:05 ][系统]执行结束，总耗时 [ 1258 毫秒 ]
[ 22:25:34 ][系统] 初始化配置项
[ 22:25:34 ][系统] 初始化完成，即将开始执行.....
[ 22:25:34 ][用户]>>> 正在执行 [1/1]
[ 22:25:34 ][用户]>>>>> 执行内容 [执行D盘数据备份，请稍后]
[ 22:25:34 ][用户]>>>>> 执行内容步骤总数 [2]
[ 22:25:34 ][用户]>>>>>>>> 执行内容步骤 [1/2]
[ 22:25:34 ][用户]>>>>>>>> [ 停止Mysql数据库  ]
[ 22:25:35 ][用户]>>>>> 执行内容步骤总数 [2]
[ 22:25:35 ][用户]>>>>>>>> 执行内容步骤 [2/2]
[ 22:25:35 ][用户]>>>>>>>> [ 启动Mysql数据库  ]
[ 22:25:35 ][系统]执行结束，总耗时 [ 561 毫秒 ]
[ 22:28:13 ][系统] 初始化配置项
[ 22:28:13 ][系统] 初始化完成，即将开始执行.....
[ 22:28:13 ][用户]>>> 正在执行 [1/1]
[ 22:28:13 ][用户]>>>>> 执行内容 [执行D盘数据备份，请稍后]
[ 22:28:13 ][用户]>>>>> 执行内容步骤总数 [2]
[ 22:28:13 ][用户]>>>>>>>> 执行内容步骤 [1/2]
[ 22:28:13 ][用户]>>>>>>>> [ 停止Mysql数据库  ]
[ 22:28:13 ][用户]>>>>> 执行内容步骤总数 [2]
[ 22:28:13 ][用户]>>>>>>>> 执行内容步骤 [2/2]
[ 22:28:14 ][用户]>>>>>>>> [ 启动Mysql数据库  ]
[ 22:28:14 ][系统]执行结束，总耗时 [ 738 毫秒 ]
[ 22:29:04 ][系统] 初始化配置项
[ 22:29:04 ][系统] 初始化完成，即将开始执行.....
[ 22:29:04 ][用户]>>> 正在执行 [1/1]
[ 22:29:04 ][用户]>>>>> 执行内容 [执行D盘数据备份，请稍后]
[ 22:29:04 ][用户]>>>>> 执行内容步骤总数 [2]
[ 22:29:04 ][用户]>>>>>>>> 执行内容步骤 [1/2]
[ 22:29:04 ][用户]>>>>>>>> [ 停止Mysql数据库  ]
[ 22:29:04 ][用户]>>>>> 执行内容步骤总数 [2]
[ 22:29:04 ][用户]>>>>>>>> 执行内容步骤 [2/2]
[ 22:29:04 ][用户]>>>>>>>> [ 启动Mysql数据库  ]
[ 22:29:04 ][系统]执行结束，总耗时 [ 552 毫秒 ]
[ 22:29:27 ][系统] 初始化配置项
[ 22:29:27 ][系统] 初始化完成，即将开始执行.....
[ 22:29:27 ][用户]>>> 正在执行 [1/1]
[ 22:29:27 ][用户]>>>>> 执行内容 [执行D盘数据备份，请稍后]
[ 22:29:27 ][用户]>>>>> 执行内容步骤总数 [3]
[ 22:29:27 ][用户]>>>>>>>> 执行内容步骤 [1/3]
[ 22:29:27 ][用户]>>>>>>>> [ 测试  ]
[ 22:29:27 ][用户]>>>>> 执行内容步骤总数 [3]
[ 22:29:27 ][用户]>>>>>>>> 执行内容步骤 [2/3]
[ 22:29:27 ][用户]>>>>>>>> [ 启动Mysql数据库  ]
[ 22:29:27 ][用户]>>>>> 执行内容步骤总数 [3]
[ 22:29:27 ][用户]>>>>>>>> 执行内容步骤 [3/3]
[ 22:29:52 ][系统] 初始化配置项
[ 22:29:52 ][系统] 初始化完成，即将开始执行.....
[ 22:29:52 ][用户]>>> 正在执行 [1/1]
[ 22:29:52 ][用户]>>>>> 执行内容 [执行D盘数据备份，请稍后]
[ 22:29:52 ][用户]>>>>> 执行内容步骤总数 [3]
[ 22:29:52 ][用户]>>>>>>>> 执行内容步骤 [1/3]
[ 22:29:52 ][用户]>>>>>>>> [ 测试  ]
[ 22:29:52 ][用户]>>>>> 执行内容步骤总数 [3]
[ 22:29:52 ][用户]>>>>>>>> 执行内容步骤 [2/3]
[ 22:29:52 ][用户]>>>>>>>> [ 停止Mysql数据库  ]
[ 22:29:53 ][用户]>>>>> 执行内容步骤总数 [3]
[ 22:29:53 ][用户]>>>>>>>> 执行内容步骤 [3/3]
[ 22:29:53 ][用户]>>>>>>>> [ 启动Mysql数据库  ]
[ 22:29:53 ][系统]执行结束，总耗时 [ 985 毫秒 ]