2020-8-14 12:30:45 系统开始初始化！
2020-8-14 12:30:45 当前启动配置为：\\192.168.2.50\User\个人数据\编程\易语言编程\源码\Source 进程监控\1.2.8\Script\2.pms
2020-8-14 12:30:45 任务名：Test
2020-8-14 12:30:45 当前运行模式：群控
2020-8-14 12:30:45 初始化通讯端口：22226 成功
2020-8-14 12:30:45 初始化完成！
2020-8-14 12:30:47 找到符合条件进程
2020-8-14 12:30:47 找到符合条件进程
2020-8-14 12:30:48 找到符合条件进程
2020-8-14 12:30:49 找到符合条件进程
2020-8-14 12:30:50 找到符合条件进程
2020-8-14 12:30:52 找到符合条件进程
2020-8-14 12:30:53 找到符合条件进程
2020-8-14 12:30:54 找到符合条件进程
2020-8-14 12:30:55 找到符合条件进程
2020-8-14 12:30:56 找到符合条件进程
2020-8-14 12:30:57 找到符合条件进程
2020-8-14 12:30:58 找到符合条件进程
2020-8-14 12:30:59 找到符合条件进程
2020-8-14 12:31:00 找到符合条件进程
2020-8-14 12:31:01 找到符合条件进程
2020-8-14 12:31:02 找到符合条件进程
2020-8-14 12:31:03 找到符合条件进程
