
[2019-5-8 12:24:10][System]初始化完成....
[2019-5-8 12:24:18][System]程序退出
[2019-5-8 12:25:26][System]初始化完成....
[2019-5-8 12:25:33][System]程序退出
[2019-5-8 15:30:48][System]初始化完成....
[2019-5-8 15:30:50][System]程序退出
[2019-5-8 15:33:50][System]初始化完成....
[2019-5-8 15:33:57][System]程序退出
[2019-5-8 16:30:25][System]初始化完成....
[2019-5-8 16:30:39][Info]任务ID：5 状态变更
[2019-5-8 16:30:51][Warning]当前任务ID：5 符合触发条件，已执行结束进程：cmd.exe
[2019-5-8 16:30:55][Warning]当前任务ID：5 符合触发条件，已执行结束进程：cmd.exe
[2019-5-8 16:30:59][Warning]当前任务ID：5 符合触发条件，已执行结束进程：cmd.exe
[2019-5-8 16:31:11][Warning]当前任务ID：5 符合触发条件，已执行结束进程：cmd.exe
[2019-5-8 16:31:13][Warning]当前任务ID：5 符合触发条件，已执行结束进程：cmd.exe
[2019-5-8 16:31:14][Warning]当前任务ID：5 触发计数已达到阀值，设定值：5 当前值：5
[2019-5-8 16:32:02][Warning]当前任务ID：5 符合触发条件，已执行结束进程：cmd.exe
[2019-5-8 16:32:10][Warning]当前任务ID：5 符合触发条件，已执行结束进程：cmd.exe
[2019-5-8 16:32:12][Warning]当前任务ID：5 符合触发条件，已执行结束进程：cmd.exe
[2019-5-8 16:32:14][Warning]当前任务ID：5 符合触发条件，已执行结束进程：cmd.exe
[2019-5-8 16:32:16][Warning]当前任务ID：5 符合触发条件，已执行结束进程：cmd.exe
[2019-5-8 16:32:16][Warning]当前任务ID：5 触发计数已达到阀值，设定值：5 当前值：5
[2019-5-8 16:32:18][Warning]当前任务ID：5 符合触发条件，已执行结束进程：cmd.exe
[2019-5-8 16:32:48][System]程序退出
[2019-5-8 16:51:00][System]初始化完成....
[2019-5-8 16:54:40][Info]任务ID：5 状态变更
[2019-5-8 16:54:41][Warning]当前任务ID：5 符合触发条件，已执行结束进程：cmd.exe
[2019-5-8 16:54:44][Info]任务ID：5 状态变更
[2019-5-8 17:57:02][System]程序退出
[2019-5-8 21:20:45][System]初始化完成....
[2019-5-8 21:20:45][Info]任务ID：3 状态变更
[2019-5-8 21:20:45][Info]任务ID：4 状态变更
[2019-5-8 21:20:51][Warning]当前任务ID：3 触发计数已达到阀值，设定值：0 当前值：0
[2019-5-8 21:20:56][Warning]当前任务ID：3 触发计数已达到阀值，设定值：0 当前值：0
[2019-5-8 21:21:01][Warning]当前任务ID：3 触发计数已达到阀值，设定值：0 当前值：0
[2019-5-8 21:21:06][Warning]当前任务ID：3 触发计数已达到阀值，设定值：0 当前值：0
[2019-5-8 21:21:11][Warning]当前任务ID：3 触发计数已达到阀值，设定值：0 当前值：0
[2019-5-8 21:21:16][Warning]当前任务ID：3 触发计数已达到阀值，设定值：0 当前值：0
[2019-5-8 21:21:20][System]程序退出
[2019-5-8 22:56:58][System]初始化完成....
[2019-5-8 22:57:01][Info]任务ID：4 状态变更
[2019-5-8 22:57:04][Info]任务ID：4 状态变更
[2019-5-8 22:57:06][System]程序退出