
[2020-11-30 22:07:57][System]初始化结束....
[2020-11-30 22:07:59][System]程序退出
[2020-11-30 22:14:48][System]初始化结束....
[2020-11-30 22:16:13][System]用户提交邮件发送请求，结果为：Success
[2020-11-30 22:16:25][System]用户提交邮件发送请求，结果为：Success
[2020-11-30 22:17:16][System]用户提交邮件发送请求，结果为：Success
[2020-11-30 22:17:18][System]用户提交邮件发送请求，结果为：Success
[2020-11-30 22:17:20][System]用户提交邮件发送请求，结果为：Success
[2020-11-30 22:17:46][System]程序退出
[2020-11-30 22:19:50][System]初始化结束....
[2020-11-30 22:20:00][System]用户提交邮件发送请求，结果为：Success
[2020-11-30 22:22:38][System]程序退出
[2020-11-30 22:24:02][System]初始化结束....
[2020-11-30 22:24:11][System]用户提交邮件发送请求，结果为：Success
[2020-11-30 22:24:20][System]程序退出
[22:37:38][系统]初始化结束....
[22:37:45][信息]任务ID[1]状态变更为[启动]
[22:38:03][信息]任务ID[2]当前处于停止状态
[22:38:33][系统]程序退出
[22:45:03][系统]初始化结束....
[22:45:19][系统]程序退出
[23:32:34][系统]初始化结束....
[23:32:35][系统]程序退出
[23:33:22][系统]初始化结束....
[23:33:23][系统]程序退出
[23:35:21][系统]初始化结束....
[23:35:22][系统]程序退出