
[2020-11-22 13:17:45][System]初始化结束....
[2020-11-22 13:18:02][System]程序退出
[2020-11-22 13:18:35][System]初始化结束....
[2020-11-22 13:18:43][System]程序退出
[2020-11-22 15:01:49][System]初始化结束....
[2020-11-22 15:02:09][System]程序退出
[2020-11-22 15:02:11][System]初始化结束....
[2020-11-22 15:02:21][Info]任务ID:1状态变更为 启动
[2020-11-22 15:02:24][Info]任务ID：1 触发命中，当前已命中次数：1
[2020-11-22 15:02:33][System]程序退出
[2020-11-22 15:06:39][System]初始化结束....
[2020-11-22 15:06:57][System]程序退出
[2020-11-22 16:49:08][System]初始化结束....
[2020-11-22 16:49:18][Info]任务ID:1状态变更为 启动
[2020-11-22 16:54:15][Info]任务ID:1状态变更为 启动
[2020-11-22 16:55:10][System]程序退出
[2020-11-22 16:55:56][System]初始化结束....
[2020-11-22 16:55:58][System]程序退出
[2020-11-22 16:57:51][System]初始化结束....
[2020-11-22 16:58:25][Info]任务ID:1状态变更为 停止
[2020-11-22 16:58:25][System]程序退出