2020-8-13 16:01:18 系统开始初始化！
2020-8-13 16:01:18 当前启动配置为：\\192.168.2.50\User\个人数据\编程\易语言编程\源码\Source 进程监控\1.2.8\Script\2.pms
2020-8-13 16:01:19 任务名：Test
2020-8-13 16:01:19 当前运行模式：群控
2020-8-13 16:01:19 初始化通讯端口：22226 成功
2020-8-13 16:01:19 初始化完成！
2020-8-13 16:01:21 找到符合条件进程
2020-8-13 16:01:21 找到符合条件进程
2020-8-13 16:01:22 找到符合条件进程
2020-8-13 16:01:23 找到符合条件进程
2020-8-13 16:01:24 找到符合条件进程
2020-8-13 16:01:25 找到符合条件进程
2020-8-13 16:01:26 找到符合条件进程
2020-8-13 16:01:27 找到符合条件进程
2020-8-13 16:01:28 找到符合条件进程
2020-8-13 16:01:29 找到符合条件进程
2020-8-13 16:01:30 找到符合条件进程
2020-8-13 16:01:31 找到符合条件进程
2020-8-13 16:01:32 找到符合条件进程
2020-8-13 16:01:33 找到符合条件进程
2020-8-13 16:01:34 找到符合条件进程
2020-8-13 16:01:35 找到符合条件进程
2020-8-13 16:01:36 找到符合条件进程
2020-8-13 16:01:37 找到符合条件进程
2020-8-13 16:01:38 找到符合条件进程
2020-8-13 16:01:39 找到符合条件进程
2020-8-13 16:01:40 找到符合条件进程
2020-8-13 16:01:41 找到符合条件进程
2020-8-13 16:01:42 找到符合条件进程
2020-8-13 16:01:43 找到符合条件进程
2020-8-13 16:01:44 找到符合条件进程
2020-8-13 16:01:45 找到符合条件进程
2020-8-13 16:01:46 找到符合条件进程
2020-8-13 16:01:47 找到符合条件进程
2020-8-13 16:01:48 找到符合条件进程
2020-8-13 16:01:49 找到符合条件进程
2020-8-13 16:01:50 找到符合条件进程
2020-8-13 16:01:51 找到符合条件进程
2020-8-13 16:01:52 找到符合条件进程
2020-8-13 16:01:53 找到符合条件进程
2020-8-13 16:01:54 找到符合条件进程
2020-8-13 16:01:55 找到符合条件进程
2020-8-13 16:01:56 找到符合条件进程
2020-8-13 16:01:57 找到符合条件进程
2020-8-13 16:01:58 找到符合条件进程
2020-8-13 16:01:59 找到符合条件进程
2020-8-13 16:02:00 找到符合条件进程
2020-8-13 16:02:01 找到符合条件进程
2020-8-13 16:02:02 找到符合条件进程
2020-8-13 16:02:03 找到符合条件进程
2020-8-13 16:02:04 找到符合条件进程
2020-8-13 16:02:05 找到符合条件进程
2020-8-13 16:02:06 找到符合条件进程
2020-8-13 16:02:07 找到符合条件进程
2020-8-13 16:02:08 找到符合条件进程
2020-8-13 16:02:09 找到符合条件进程
2020-8-13 16:02:10 找到符合条件进程
2020-8-13 16:02:11 找到符合条件进程
2020-8-13 16:02:13 找到符合条件进程
2020-8-13 16:02:14 找到符合条件进程
2020-8-13 16:02:15 找到符合条件进程
2020-8-13 16:02:16 找到符合条件进程
2020-8-13 16:02:17 找到符合条件进程
2020-8-13 16:02:18 找到符合条件进程
2020-8-13 16:02:19 找到符合条件进程
2020-8-13 16:02:20 找到符合条件进程
2020-8-13 16:02:21 找到符合条件进程
2020-8-13 16:02:22 找到符合条件进程
2020-8-13 16:02:23 找到符合条件进程
2020-8-13 16:02:24 找到符合条件进程
2020-8-13 16:02:25 找到符合条件进程
2020-8-13 16:02:26 找到符合条件进程
2020-8-13 16:02:27 找到符合条件进程
2020-8-13 16:02:28 找到符合条件进程
2020-8-13 16:02:29 找到符合条件进程
2020-8-13 16:02:30 找到符合条件进程
2020-8-13 16:02:31 找到符合条件进程
2020-8-13 16:02:32 找到符合条件进程
2020-8-13 16:02:33 找到符合条件进程
2020-8-13 16:02:34 找到符合条件进程
2020-8-13 16:02:35 找到符合条件进程
2020-8-13 16:02:36 找到符合条件进程
2020-8-13 16:02:37 找到符合条件进程
2020-8-13 16:02:38 找到符合条件进程
2020-8-13 16:02:39 找到符合条件进程
2020-8-13 16:02:40 找到符合条件进程
2020-8-13 16:02:41 找到符合条件进程
2020-8-13 16:02:42 找到符合条件进程
2020-8-13 16:02:43 找到符合条件进程
2020-8-13 16:02:44 找到符合条件进程
2020-8-13 16:02:45 找到符合条件进程
2020-8-13 16:02:46 找到符合条件进程
2020-8-13 16:02:47 找到符合条件进程
2020-8-13 16:02:48 找到符合条件进程
2020-8-13 16:02:49 找到符合条件进程
2020-8-13 16:02:50 找到符合条件进程
2020-8-13 16:02:51 找到符合条件进程
2020-8-13 16:02:52 找到符合条件进程
2020-8-13 16:02:53 找到符合条件进程
2020-8-13 16:02:54 找到符合条件进程
2020-8-13 16:02:55 找到符合条件进程
2020-8-13 16:02:56 找到符合条件进程
2020-8-13 16:02:57 找到符合条件进程
2020-8-13 16:02:58 找到符合条件进程
2020-8-13 16:02:59 找到符合条件进程
2020-8-13 16:03:00 找到符合条件进程
2020-8-13 16:03:01 找到符合条件进程
2020-8-13 16:03:02 找到符合条件进程
2020-8-13 16:03:03 找到符合条件进程
2020-8-13 16:03:04 找到符合条件进程
2020-8-13 16:03:05 找到符合条件进程
2020-8-13 16:03:06 找到符合条件进程
2020-8-13 16:03:07 找到符合条件进程
2020-8-13 16:03:08 找到符合条件进程
2020-8-13 16:03:09 找到符合条件进程
2020-8-13 16:03:10 找到符合条件进程
2020-8-13 16:03:11 找到符合条件进程
2020-8-13 16:03:12 找到符合条件进程
2020-8-13 16:03:13 找到符合条件进程
2020-8-13 16:03:14 找到符合条件进程
2020-8-13 16:03:15 找到符合条件进程
2020-8-13 16:03:16 找到符合条件进程
2020-8-13 16:03:17 找到符合条件进程
2020-8-13 16:03:18 找到符合条件进程
2020-8-13 16:03:19 找到符合条件进程
2020-8-13 16:03:20 找到符合条件进程
2020-8-13 16:03:21 找到符合条件进程
2020-8-13 16:03:22 找到符合条件进程
2020-8-13 16:03:23 找到符合条件进程
2020-8-13 16:03:24 找到符合条件进程
2020-8-13 16:03:26 找到符合条件进程
2020-8-13 16:03:27 找到符合条件进程
2020-8-13 16:03:28 找到符合条件进程
2020-8-13 16:03:29 找到符合条件进程
2020-8-13 16:03:30 找到符合条件进程
2020-8-13 16:03:31 找到符合条件进程
2020-8-13 16:03:32 找到符合条件进程
2020-8-13 16:03:33 找到符合条件进程
2020-8-13 16:03:34 找到符合条件进程
2020-8-13 16:03:35 找到符合条件进程
2020-8-13 16:03:36 找到符合条件进程
2020-8-13 16:03:37 找到符合条件进程
2020-8-13 16:03:38 找到符合条件进程
2020-8-13 16:03:39 找到符合条件进程
2020-8-13 16:03:40 找到符合条件进程
2020-8-13 16:03:41 找到符合条件进程
2020-8-13 16:03:42 找到符合条件进程
2020-8-13 16:03:43 找到符合条件进程
2020-8-13 16:03:44 找到符合条件进程
2020-8-13 16:03:45 找到符合条件进程
2020-8-13 16:03:46 找到符合条件进程
2020-8-13 16:03:47 找到符合条件进程
2020-8-13 16:03:48 找到符合条件进程
2020-8-13 16:03:49 找到符合条件进程
2020-8-13 16:03:50 找到符合条件进程
2020-8-13 16:03:51 找到符合条件进程
2020-8-13 16:03:52 找到符合条件进程
2020-8-13 16:03:53 找到符合条件进程
2020-8-13 16:03:54 找到符合条件进程
2020-8-13 16:03:55 找到符合条件进程
2020-8-13 16:03:56 找到符合条件进程
2020-8-13 16:03:57 找到符合条件进程
2020-8-13 16:03:58 找到符合条件进程
2020-8-13 16:03:59 找到符合条件进程
2020-8-13 16:04:00 找到符合条件进程
2020-8-13 16:04:01 找到符合条件进程
2020-8-13 16:04:02 找到符合条件进程
2020-8-13 16:04:03 找到符合条件进程
2020-8-13 16:04:04 找到符合条件进程
2020-8-13 16:04:05 找到符合条件进程
2020-8-13 16:04:06 找到符合条件进程
2020-8-13 16:04:07 找到符合条件进程
2020-8-13 16:04:08 找到符合条件进程
2020-8-13 16:04:09 找到符合条件进程
2020-8-13 16:04:10 找到符合条件进程
2020-8-13 16:04:11 找到符合条件进程
2020-8-13 16:04:12 找到符合条件进程
2020-8-13 16:04:13 找到符合条件进程
2020-8-13 16:04:14 找到符合条件进程
2020-8-13 16:04:15 找到符合条件进程
2020-8-13 16:04:16 找到符合条件进程
2020-8-13 16:04:17 找到符合条件进程
2020-8-13 16:04:18 找到符合条件进程
2020-8-13 16:04:19 找到符合条件进程
2020-8-13 16:04:20 找到符合条件进程
2020-8-13 16:04:21 找到符合条件进程
2020-8-13 16:04:22 找到符合条件进程
2020-8-13 16:04:23 找到符合条件进程
2020-8-13 16:04:24 找到符合条件进程
2020-8-13 16:04:25 找到符合条件进程
2020-8-13 16:04:26 找到符合条件进程
2020-8-13 16:04:27 找到符合条件进程
2020-8-13 16:04:28 找到符合条件进程
2020-8-13 16:04:29 找到符合条件进程
2020-8-13 16:04:30 找到符合条件进程
2020-8-13 16:04:31 找到符合条件进程
2020-8-13 16:04:32 找到符合条件进程
2020-8-13 16:04:33 找到符合条件进程
2020-8-13 16:04:34 找到符合条件进程
2020-8-13 16:04:35 找到符合条件进程
2020-8-13 16:04:36 找到符合条件进程
2020-8-13 16:04:38 找到符合条件进程
2020-8-13 16:04:39 找到符合条件进程
2020-8-13 16:04:40 找到符合条件进程
2020-8-13 16:04:41 找到符合条件进程
2020-8-13 16:04:42 找到符合条件进程
2020-8-13 16:04:43 找到符合条件进程
2020-8-13 16:04:44 找到符合条件进程
2020-8-13 16:04:45 找到符合条件进程
2020-8-13 16:04:46 找到符合条件进程
2020-8-13 16:04:47 找到符合条件进程
2020-8-13 16:04:48 找到符合条件进程
2020-8-13 16:04:49 找到符合条件进程
2020-8-13 16:04:50 找到符合条件进程
2020-8-13 16:04:51 找到符合条件进程
2020-8-13 16:04:52 找到符合条件进程
2020-8-13 16:04:53 找到符合条件进程
2020-8-13 16:04:54 找到符合条件进程
2020-8-13 16:04:55 找到符合条件进程
2020-8-13 16:04:56 找到符合条件进程
2020-8-13 16:04:57 找到符合条件进程
2020-8-13 16:04:58 找到符合条件进程
2020-8-13 16:04:59 找到符合条件进程
2020-8-13 16:05:00 找到符合条件进程
2020-8-13 16:05:01 找到符合条件进程
2020-8-13 16:05:02 找到符合条件进程
2020-8-13 16:05:03 找到符合条件进程
2020-8-13 16:05:04 找到符合条件进程
2020-8-13 16:05:05 找到符合条件进程
2020-8-13 16:05:06 找到符合条件进程
2020-8-13 16:05:07 找到符合条件进程
2020-8-13 16:05:08 找到符合条件进程
2020-8-13 16:05:09 找到符合条件进程
2020-8-13 16:05:10 找到符合条件进程
2020-8-13 16:05:11 找到符合条件进程
2020-8-13 16:05:12 找到符合条件进程
2020-8-13 16:05:13 找到符合条件进程
2020-8-13 16:05:14 找到符合条件进程
2020-8-13 16:05:15 找到符合条件进程
2020-8-13 16:05:16 找到符合条件进程
2020-8-13 16:05:17 找到符合条件进程
2020-8-13 16:05:18 找到符合条件进程
2020-8-13 16:05:19 找到符合条件进程
2020-8-13 16:05:20 找到符合条件进程
2020-8-13 16:05:21 找到符合条件进程
2020-8-13 16:05:22 找到符合条件进程
2020-8-13 16:05:23 找到符合条件进程
2020-8-13 16:05:24 找到符合条件进程
2020-8-13 16:05:25 找到符合条件进程
2020-8-13 16:05:26 找到符合条件进程
2020-8-13 16:05:27 找到符合条件进程
2020-8-13 16:05:28 找到符合条件进程
2020-8-13 16:05:29 找到符合条件进程
2020-8-13 16:05:30 找到符合条件进程
2020-8-13 16:05:31 找到符合条件进程
2020-8-13 16:05:32 找到符合条件进程
2020-8-13 16:05:33 找到符合条件进程
2020-8-13 16:05:34 找到符合条件进程
2020-8-13 16:05:35 找到符合条件进程
2020-8-13 16:05:36 找到符合条件进程
2020-8-13 16:05:37 找到符合条件进程
2020-8-13 16:05:38 找到符合条件进程
2020-8-13 16:05:39 找到符合条件进程
2020-8-13 16:05:40 找到符合条件进程
2020-8-13 16:05:41 找到符合条件进程
2020-8-13 16:05:42 找到符合条件进程
2020-8-13 16:05:43 找到符合条件进程
2020-8-13 16:05:44 找到符合条件进程
2020-8-13 16:05:45 找到符合条件进程
2020-8-13 16:05:46 找到符合条件进程
2020-8-13 16:05:47 找到符合条件进程
2020-8-13 16:05:48 找到符合条件进程
2020-8-13 16:05:50 找到符合条件进程
2020-8-13 16:05:51 找到符合条件进程
2020-8-13 16:05:52 找到符合条件进程
2020-8-13 16:05:53 找到符合条件进程
2020-8-13 16:05:54 找到符合条件进程
2020-8-13 16:05:55 找到符合条件进程
2020-8-13 16:05:56 找到符合条件进程
2020-8-13 16:05:57 找到符合条件进程
2020-8-13 16:05:58 找到符合条件进程
2020-8-13 16:05:59 找到符合条件进程
2020-8-13 16:06:00 找到符合条件进程
2020-8-13 16:06:01 找到符合条件进程
2020-8-13 16:06:02 找到符合条件进程
2020-8-13 16:06:03 找到符合条件进程
2020-8-13 16:06:04 找到符合条件进程
2020-8-13 16:06:05 找到符合条件进程
2020-8-13 16:06:06 找到符合条件进程
2020-8-13 16:06:07 找到符合条件进程
2020-8-13 16:06:08 找到符合条件进程
2020-8-13 16:06:09 找到符合条件进程
2020-8-13 16:06:10 找到符合条件进程
2020-8-13 16:06:11 找到符合条件进程
2020-8-13 16:06:12 找到符合条件进程
2020-8-13 16:06:13 找到符合条件进程
2020-8-13 16:06:14 找到符合条件进程
2020-8-13 16:06:15 找到符合条件进程
2020-8-13 16:06:16 找到符合条件进程
2020-8-13 16:06:17 找到符合条件进程
2020-8-13 16:06:18 找到符合条件进程
2020-8-13 16:06:19 找到符合条件进程
2020-8-13 16:06:20 找到符合条件进程
2020-8-13 16:06:21 找到符合条件进程
2020-8-13 16:06:22 找到符合条件进程
2020-8-13 16:06:23 找到符合条件进程
2020-8-13 16:06:24 找到符合条件进程
2020-8-13 16:06:25 找到符合条件进程
2020-8-13 16:06:26 找到符合条件进程
2020-8-13 16:06:27 找到符合条件进程
2020-8-13 16:06:28 找到符合条件进程
2020-8-13 16:06:29 找到符合条件进程
2020-8-13 16:06:30 找到符合条件进程
2020-8-13 16:06:31 找到符合条件进程
2020-8-13 16:06:32 找到符合条件进程
2020-8-13 16:06:33 找到符合条件进程
2020-8-13 16:06:34 找到符合条件进程
2020-8-13 16:06:35 找到符合条件进程
2020-8-13 16:06:36 找到符合条件进程
2020-8-13 16:06:37 找到符合条件进程
2020-8-13 16:06:38 找到符合条件进程
2020-8-13 16:06:39 找到符合条件进程
2020-8-13 16:06:40 找到符合条件进程
2020-8-13 16:06:41 找到符合条件进程
2020-8-13 16:06:42 找到符合条件进程
2020-8-13 16:06:43 找到符合条件进程
2020-8-13 16:06:44 找到符合条件进程
2020-8-13 16:06:45 找到符合条件进程
2020-8-13 16:06:46 找到符合条件进程
2020-8-13 16:06:47 找到符合条件进程
2020-8-13 16:06:48 找到符合条件进程
2020-8-13 16:06:49 找到符合条件进程
2020-8-13 16:06:50 找到符合条件进程
2020-8-13 16:06:51 找到符合条件进程
2020-8-13 16:06:52 找到符合条件进程
2020-8-13 16:06:53 找到符合条件进程
2020-8-13 16:06:54 找到符合条件进程
2020-8-13 16:06:55 找到符合条件进程
2020-8-13 16:06:56 找到符合条件进程
2020-8-13 16:06:57 找到符合条件进程
2020-8-13 16:06:58 找到符合条件进程
2020-8-13 16:06:59 找到符合条件进程
2020-8-13 16:07:00 找到符合条件进程
2020-8-13 16:07:01 找到符合条件进程
2020-8-13 16:07:03 找到符合条件进程
2020-8-13 16:07:04 找到符合条件进程
2020-8-13 16:07:05 找到符合条件进程
2020-8-13 16:07:06 找到符合条件进程
2020-8-13 16:07:07 找到符合条件进程
2020-8-13 16:07:08 找到符合条件进程
2020-8-13 16:07:09 找到符合条件进程
2020-8-13 16:07:10 找到符合条件进程
2020-8-13 16:07:11 找到符合条件进程
2020-8-13 16:07:12 找到符合条件进程
2020-8-13 16:07:13 找到符合条件进程
2020-8-13 16:07:14 找到符合条件进程
2020-8-13 16:07:15 找到符合条件进程
2020-8-13 16:07:16 找到符合条件进程
2020-8-13 16:07:17 找到符合条件进程
2020-8-13 16:07:18 找到符合条件进程
2020-8-13 16:07:19 找到符合条件进程
2020-8-13 16:07:20 找到符合条件进程
2020-8-13 16:07:21 找到符合条件进程
2020-8-13 16:07:22 找到符合条件进程
2020-8-13 16:07:23 找到符合条件进程
2020-8-13 16:07:24 找到符合条件进程
2020-8-13 16:07:25 找到符合条件进程
2020-8-13 16:07:26 找到符合条件进程
2020-8-13 16:07:27 找到符合条件进程
2020-8-13 16:07:28 找到符合条件进程
2020-8-13 16:07:29 找到符合条件进程
2020-8-13 16:07:30 找到符合条件进程
2020-8-13 16:07:31 找到符合条件进程
2020-8-13 16:07:32 找到符合条件进程
2020-8-13 16:07:33 找到符合条件进程
2020-8-13 16:07:34 找到符合条件进程
2020-8-13 16:07:35 找到符合条件进程
2020-8-13 16:07:36 找到符合条件进程
2020-8-13 16:07:37 找到符合条件进程
2020-8-13 16:07:38 找到符合条件进程
2020-8-13 16:07:39 找到符合条件进程
2020-8-13 16:07:40 找到符合条件进程
2020-8-13 16:07:41 找到符合条件进程
2020-8-13 16:07:42 找到符合条件进程
2020-8-13 16:07:43 找到符合条件进程
2020-8-13 16:07:44 找到符合条件进程
2020-8-13 16:07:45 找到符合条件进程
2020-8-13 16:07:46 找到符合条件进程
2020-8-13 16:07:47 找到符合条件进程
2020-8-13 16:07:48 找到符合条件进程
2020-8-13 16:07:49 找到符合条件进程
2020-8-13 16:07:50 找到符合条件进程
2020-8-13 16:07:51 找到符合条件进程
2020-8-13 16:07:52 找到符合条件进程
2020-8-13 16:07:53 找到符合条件进程
2020-8-13 16:07:54 找到符合条件进程
2020-8-13 16:07:55 找到符合条件进程
2020-8-13 16:07:56 找到符合条件进程
2020-8-13 16:07:57 找到符合条件进程
2020-8-13 16:07:58 找到符合条件进程
2020-8-13 16:07:59 找到符合条件进程
2020-8-13 16:08:00 找到符合条件进程
2020-8-13 16:08:01 找到符合条件进程
2020-8-13 16:08:02 找到符合条件进程
