2020-8-13 16:09:27 系统开始初始化！
2020-8-13 16:09:27 当前启动配置为：\\192.168.2.50\User\个人数据\编程\易语言编程\源码\Source 进程监控\1.2.8\Script\3.pms
2020-8-13 16:09:27 任务名：Test
2020-8-13 16:09:27 当前运行模式：群控
2020-8-13 16:09:27 初始化通讯端口：22226 成功
2020-8-13 16:09:27 初始化完成！
2020-8-13 16:09:30 找到符合条件进程
2020-8-13 16:09:30 找到符合条件进程
2020-8-13 16:09:31 找到符合条件进程
2020-8-13 16:09:32 找到符合条件进程
2020-8-13 16:09:33 找到符合条件进程
2020-8-13 16:09:34 找到符合条件进程
2020-8-13 16:09:35 找到符合条件进程
2020-8-13 16:09:36 找到符合条件进程
2020-8-13 16:09:37 找到符合条件进程
2020-8-13 16:09:38 找到符合条件进程
2020-8-13 16:09:39 找到符合条件进程
2020-8-13 16:09:40 找到符合条件进程
2020-8-13 16:09:41 找到符合条件进程
2020-8-13 16:09:42 找到符合条件进程
2020-8-13 16:09:43 找到符合条件进程
2020-8-13 16:09:44 找到符合条件进程
2020-8-13 16:09:45 找到符合条件进程
2020-8-13 16:09:46 找到符合条件进程
2020-8-13 16:09:47 找到符合条件进程
2020-8-13 16:09:48 找到符合条件进程
2020-8-13 16:09:49 找到符合条件进程
2020-8-13 16:09:50 找到符合条件进程
2020-8-13 16:09:51 找到符合条件进程
2020-8-13 16:09:52 找到符合条件进程
2020-8-13 16:09:53 找到符合条件进程
2020-8-13 16:09:54 找到符合条件进程
2020-8-13 16:09:55 找到符合条件进程
2020-8-13 16:09:56 找到符合条件进程
2020-8-13 16:09:57 找到符合条件进程
2020-8-13 16:09:58 找到符合条件进程
2020-8-13 16:09:59 找到符合条件进程
2020-8-13 16:10:00 找到符合条件进程
2020-8-13 16:10:01 找到符合条件进程
2020-8-13 16:10:02 找到符合条件进程
2020-8-13 16:10:03 找到符合条件进程
2020-8-13 16:10:04 找到符合条件进程
2020-8-13 16:10:05 找到符合条件进程
2020-8-13 16:10:06 找到符合条件进程
2020-8-13 16:10:07 找到符合条件进程
2020-8-13 16:10:08 找到符合条件进程
2020-8-13 16:10:09 找到符合条件进程
2020-8-13 16:10:10 找到符合条件进程
2020-8-13 16:10:11 找到符合条件进程
2020-8-13 16:10:12 找到符合条件进程
2020-8-13 16:10:13 找到符合条件进程
2020-8-13 16:10:14 找到符合条件进程
2020-8-13 16:10:15 找到符合条件进程
2020-8-13 16:10:16 找到符合条件进程
2020-8-13 16:10:17 找到符合条件进程
2020-8-13 16:10:18 找到符合条件进程
2020-8-13 16:10:19 找到符合条件进程
2020-8-13 16:10:20 找到符合条件进程
2020-8-13 16:10:21 找到符合条件进程
2020-8-13 16:10:22 找到符合条件进程
2020-8-13 16:10:23 找到符合条件进程
2020-8-13 16:10:24 找到符合条件进程
2020-8-13 16:10:25 找到符合条件进程
2020-8-13 16:10:26 找到符合条件进程
2020-8-13 16:10:28 找到符合条件进程
2020-8-13 16:10:29 找到符合条件进程
2020-8-13 16:10:30 找到符合条件进程
2020-8-13 16:10:31 找到符合条件进程
2020-8-13 16:10:32 找到符合条件进程
2020-8-13 16:10:33 找到符合条件进程
2020-8-13 16:10:34 找到符合条件进程
2020-8-13 16:10:35 找到符合条件进程
2020-8-13 16:10:36 找到符合条件进程
2020-8-13 16:10:37 找到符合条件进程
2020-8-13 16:10:38 找到符合条件进程
2020-8-13 16:10:39 找到符合条件进程
2020-8-13 16:10:40 找到符合条件进程
2020-8-13 16:10:41 找到符合条件进程
2020-8-13 16:10:42 找到符合条件进程
2020-8-13 16:10:43 找到符合条件进程
2020-8-13 16:10:44 找到符合条件进程
2020-8-13 16:10:45 找到符合条件进程
2020-8-13 16:10:46 找到符合条件进程
2020-8-13 16:10:47 找到符合条件进程
2020-8-13 16:10:48 找到符合条件进程
2020-8-13 16:10:49 找到符合条件进程
2020-8-13 16:10:50 找到符合条件进程
2020-8-13 16:10:51 找到符合条件进程
2020-8-13 16:10:52 找到符合条件进程
2020-8-13 16:10:53 找到符合条件进程
2020-8-13 16:10:54 找到符合条件进程
2020-8-13 16:10:55 找到符合条件进程
2020-8-13 16:10:56 找到符合条件进程
2020-8-13 16:10:57 找到符合条件进程
2020-8-13 16:10:58 找到符合条件进程
2020-8-13 16:10:59 找到符合条件进程
2020-8-13 16:11:00 找到符合条件进程
2020-8-13 16:11:01 找到符合条件进程
2020-8-13 16:11:02 找到符合条件进程
2020-8-13 16:11:03 找到符合条件进程
2020-8-13 16:11:04 找到符合条件进程
2020-8-13 16:11:05 找到符合条件进程
2020-8-13 16:11:06 找到符合条件进程
2020-8-13 16:11:07 找到符合条件进程
2020-8-13 16:11:08 找到符合条件进程
2020-8-13 16:11:09 找到符合条件进程
2020-8-13 16:11:10 找到符合条件进程
2020-8-13 16:11:11 找到符合条件进程
2020-8-13 16:11:12 找到符合条件进程
2020-8-13 16:11:13 找到符合条件进程
2020-8-13 16:11:14 找到符合条件进程
2020-8-13 16:11:15 找到符合条件进程
2020-8-13 16:11:16 找到符合条件进程
2020-8-13 16:11:17 找到符合条件进程
2020-8-13 16:11:18 找到符合条件进程
2020-8-13 16:11:19 找到符合条件进程
2020-8-13 16:11:20 找到符合条件进程
2020-8-13 16:11:21 找到符合条件进程
2020-8-13 16:11:22 找到符合条件进程
2020-8-13 16:11:23 找到符合条件进程
2020-8-13 16:11:24 找到符合条件进程
2020-8-13 16:11:25 找到符合条件进程
2020-8-13 16:11:26 找到符合条件进程
2020-8-13 16:11:27 找到符合条件进程
2020-8-13 16:11:28 找到符合条件进程
2020-8-13 16:11:29 找到符合条件进程
2020-8-13 16:11:30 找到符合条件进程
2020-8-13 16:11:31 找到符合条件进程
2020-8-13 16:11:32 找到符合条件进程
2020-8-13 16:11:33 找到符合条件进程
2020-8-13 16:11:34 找到符合条件进程
2020-8-13 16:11:35 找到符合条件进程
2020-8-13 16:11:36 找到符合条件进程
2020-8-13 16:11:37 找到符合条件进程
2020-8-13 16:11:38 找到符合条件进程
2020-8-13 16:11:40 找到符合条件进程
2020-8-13 16:11:41 找到符合条件进程
2020-8-13 16:11:42 找到符合条件进程
2020-8-13 16:11:43 找到符合条件进程
2020-8-13 16:11:44 找到符合条件进程
2020-8-13 16:11:45 找到符合条件进程
2020-8-13 16:11:46 找到符合条件进程
2020-8-13 16:11:47 找到符合条件进程
2020-8-13 16:11:48 找到符合条件进程
2020-8-13 16:11:49 找到符合条件进程
2020-8-13 16:11:50 找到符合条件进程
2020-8-13 16:11:51 找到符合条件进程
2020-8-13 16:11:52 找到符合条件进程
2020-8-13 16:11:53 找到符合条件进程
2020-8-13 16:11:54 找到符合条件进程
2020-8-13 16:11:55 找到符合条件进程
2020-8-13 16:11:56 找到符合条件进程
2020-8-13 16:11:57 找到符合条件进程
2020-8-13 16:11:58 找到符合条件进程
2020-8-13 16:11:59 找到符合条件进程
2020-8-13 16:12:00 找到符合条件进程
2020-8-13 16:12:01 找到符合条件进程
2020-8-13 16:12:02 找到符合条件进程
2020-8-13 16:12:03 找到符合条件进程
2020-8-13 16:12:04 找到符合条件进程
2020-8-13 16:12:05 找到符合条件进程
2020-8-13 16:12:06 找到符合条件进程
2020-8-13 16:12:07 找到符合条件进程
2020-8-13 16:12:08 找到符合条件进程
2020-8-13 16:12:09 找到符合条件进程
2020-8-13 16:12:10 找到符合条件进程
2020-8-13 16:12:11 找到符合条件进程
2020-8-13 16:12:12 找到符合条件进程
2020-8-13 16:12:13 找到符合条件进程
2020-8-13 16:12:14 找到符合条件进程
2020-8-13 16:12:15 找到符合条件进程
2020-8-13 16:12:16 找到符合条件进程
2020-8-13 16:12:17 找到符合条件进程
2020-8-13 16:12:18 找到符合条件进程
2020-8-13 16:12:19 找到符合条件进程
2020-8-13 16:12:20 找到符合条件进程
2020-8-13 16:12:21 找到符合条件进程
2020-8-13 16:12:22 找到符合条件进程
2020-8-13 16:12:23 找到符合条件进程
2020-8-13 16:12:24 找到符合条件进程
2020-8-13 16:12:25 找到符合条件进程
2020-8-13 16:12:26 找到符合条件进程
2020-8-13 16:12:27 找到符合条件进程
2020-8-13 16:12:28 找到符合条件进程
2020-8-13 16:12:29 找到符合条件进程
2020-8-13 16:12:30 找到符合条件进程
2020-8-13 16:12:31 找到符合条件进程
2020-8-13 16:12:32 找到符合条件进程
2020-8-13 16:12:33 找到符合条件进程
2020-8-13 16:12:34 找到符合条件进程
2020-8-13 16:12:35 找到符合条件进程
2020-8-13 16:12:36 找到符合条件进程
2020-8-13 16:12:37 找到符合条件进程
2020-8-13 16:12:38 找到符合条件进程
2020-8-13 16:12:39 找到符合条件进程
2020-8-13 16:12:40 找到符合条件进程
2020-8-13 16:12:41 找到符合条件进程
2020-8-13 16:12:42 找到符合条件进程
2020-8-13 16:12:43 找到符合条件进程
2020-8-13 16:12:44 找到符合条件进程
2020-8-13 16:12:45 找到符合条件进程
2020-8-13 16:12:46 找到符合条件进程
2020-8-13 16:12:47 找到符合条件进程
2020-8-13 16:12:48 找到符合条件进程
2020-8-13 16:12:49 找到符合条件进程
2020-8-13 16:12:50 找到符合条件进程
2020-8-13 16:12:51 找到符合条件进程
2020-8-13 16:12:53 找到符合条件进程
2020-8-13 16:12:54 找到符合条件进程
2020-8-13 16:12:55 找到符合条件进程
2020-8-13 16:12:56 找到符合条件进程
2020-8-13 16:12:57 找到符合条件进程
2020-8-13 16:12:58 找到符合条件进程
2020-8-13 16:12:59 找到符合条件进程
2020-8-13 16:13:00 找到符合条件进程
2020-8-13 16:13:01 找到符合条件进程
2020-8-13 16:13:02 找到符合条件进程
2020-8-13 16:13:03 找到符合条件进程
2020-8-13 16:13:04 找到符合条件进程
2020-8-13 16:13:05 找到符合条件进程
2020-8-13 16:13:06 找到符合条件进程
2020-8-13 16:13:07 找到符合条件进程
2020-8-13 16:13:08 找到符合条件进程
2020-8-13 16:13:09 找到符合条件进程
2020-8-13 16:13:10 找到符合条件进程
2020-8-13 16:13:11 找到符合条件进程
2020-8-13 16:13:12 找到符合条件进程
2020-8-13 16:13:13 找到符合条件进程
2020-8-13 16:13:14 找到符合条件进程
2020-8-13 16:13:15 找到符合条件进程
2020-8-13 16:13:16 找到符合条件进程
2020-8-13 16:13:17 找到符合条件进程
2020-8-13 16:13:18 找到符合条件进程
2020-8-13 16:13:19 找到符合条件进程
2020-8-13 16:13:20 找到符合条件进程
2020-8-13 16:13:21 找到符合条件进程
2020-8-13 16:13:22 找到符合条件进程
2020-8-13 16:13:23 找到符合条件进程
2020-8-13 16:13:24 找到符合条件进程
2020-8-13 16:13:25 找到符合条件进程
2020-8-13 16:13:26 找到符合条件进程
2020-8-13 16:13:27 找到符合条件进程
2020-8-13 16:13:28 找到符合条件进程
2020-8-13 16:13:29 找到符合条件进程
2020-8-13 16:13:30 找到符合条件进程
2020-8-13 16:13:31 找到符合条件进程
2020-8-13 16:13:32 找到符合条件进程
2020-8-13 16:13:33 找到符合条件进程
2020-8-13 16:13:34 找到符合条件进程
2020-8-13 16:13:35 找到符合条件进程
2020-8-13 16:13:36 找到符合条件进程
2020-8-13 16:13:37 找到符合条件进程
2020-8-13 16:13:38 找到符合条件进程
2020-8-13 16:13:39 找到符合条件进程
2020-8-13 16:13:40 找到符合条件进程
2020-8-13 16:13:41 找到符合条件进程
2020-8-13 16:13:42 找到符合条件进程
2020-8-13 16:13:43 找到符合条件进程
2020-8-13 16:13:44 找到符合条件进程
2020-8-13 16:13:45 找到符合条件进程
2020-8-13 16:13:46 找到符合条件进程
2020-8-13 16:13:47 找到符合条件进程
2020-8-13 16:13:48 找到符合条件进程
2020-8-13 16:13:49 找到符合条件进程
2020-8-13 16:13:50 找到符合条件进程
2020-8-13 16:13:51 找到符合条件进程
2020-8-13 16:13:52 找到符合条件进程
2020-8-13 16:13:53 找到符合条件进程
2020-8-13 16:13:54 找到符合条件进程
2020-8-13 16:13:55 找到符合条件进程
2020-8-13 16:13:56 找到符合条件进程
2020-8-13 16:13:57 找到符合条件进程
2020-8-13 16:13:58 找到符合条件进程
2020-8-13 16:13:59 找到符合条件进程
2020-8-13 16:14:00 找到符合条件进程
2020-8-13 16:14:01 找到符合条件进程
2020-8-13 16:14:02 找到符合条件进程
2020-8-13 16:14:03 找到符合条件进程
2020-8-13 16:14:05 找到符合条件进程
2020-8-13 16:14:06 找到符合条件进程
2020-8-13 16:14:07 找到符合条件进程
2020-8-13 16:14:08 找到符合条件进程
2020-8-13 16:14:09 找到符合条件进程
2020-8-13 16:14:10 找到符合条件进程
2020-8-13 16:14:11 找到符合条件进程
2020-8-13 16:14:12 找到符合条件进程
2020-8-13 16:14:13 找到符合条件进程
2020-8-13 16:14:14 找到符合条件进程
2020-8-13 16:14:15 找到符合条件进程
2020-8-13 16:14:16 找到符合条件进程
2020-8-13 16:14:17 找到符合条件进程
2020-8-13 16:14:18 找到符合条件进程
2020-8-13 16:14:19 找到符合条件进程
2020-8-13 16:14:20 找到符合条件进程
2020-8-13 16:14:21 找到符合条件进程
2020-8-13 16:14:22 找到符合条件进程
2020-8-13 16:14:23 找到符合条件进程
2020-8-13 16:14:24 找到符合条件进程
2020-8-13 16:14:25 找到符合条件进程
2020-8-13 16:14:26 找到符合条件进程
2020-8-13 16:14:27 找到符合条件进程
2020-8-13 16:14:28 找到符合条件进程
2020-8-13 16:14:29 找到符合条件进程
2020-8-13 16:14:30 找到符合条件进程
2020-8-13 16:14:31 找到符合条件进程
2020-8-13 16:14:32 找到符合条件进程
2020-8-13 16:14:33 找到符合条件进程
2020-8-13 16:14:34 找到符合条件进程
2020-8-13 16:14:35 找到符合条件进程
2020-8-13 16:14:36 找到符合条件进程
2020-8-13 16:14:37 找到符合条件进程
2020-8-13 16:14:38 找到符合条件进程
2020-8-13 16:14:39 找到符合条件进程
2020-8-13 16:14:40 找到符合条件进程
2020-8-13 16:14:41 找到符合条件进程
2020-8-13 16:14:42 找到符合条件进程
2020-8-13 16:14:43 找到符合条件进程
2020-8-13 16:14:44 找到符合条件进程
2020-8-13 16:14:45 找到符合条件进程
2020-8-13 16:14:46 找到符合条件进程
2020-8-13 16:14:47 找到符合条件进程
2020-8-13 16:14:48 找到符合条件进程
2020-8-13 16:14:49 找到符合条件进程
2020-8-13 16:14:50 找到符合条件进程
2020-8-13 16:14:51 找到符合条件进程
2020-8-13 16:14:52 找到符合条件进程
2020-8-13 16:14:53 找到符合条件进程
2020-8-13 16:14:54 找到符合条件进程
2020-8-13 16:14:55 找到符合条件进程
2020-8-13 16:14:56 找到符合条件进程
2020-8-13 16:14:57 找到符合条件进程
2020-8-13 16:14:58 找到符合条件进程
2020-8-13 16:14:59 找到符合条件进程
2020-8-13 16:15:00 找到符合条件进程
2020-8-13 16:15:01 找到符合条件进程
2020-8-13 16:15:02 找到符合条件进程
2020-8-13 16:15:03 找到符合条件进程
2020-8-13 16:15:04 找到符合条件进程
2020-8-13 16:15:05 找到符合条件进程
2020-8-13 16:15:06 找到符合条件进程
2020-8-13 16:15:07 找到符合条件进程
2020-8-13 16:15:08 找到符合条件进程
2020-8-13 16:15:09 找到符合条件进程
2020-8-13 16:15:10 找到符合条件进程
2020-8-13 16:15:11 找到符合条件进程
2020-8-13 16:15:12 找到符合条件进程
2020-8-13 16:15:13 找到符合条件进程
2020-8-13 16:15:14 找到符合条件进程
2020-8-13 16:15:15 找到符合条件进程
2020-8-13 16:15:17 找到符合条件进程
2020-8-13 16:15:18 找到符合条件进程
2020-8-13 16:15:19 找到符合条件进程
2020-8-13 16:15:20 找到符合条件进程
2020-8-13 16:15:21 找到符合条件进程
2020-8-13 16:15:22 找到符合条件进程
2020-8-13 16:15:23 找到符合条件进程
2020-8-13 16:15:24 找到符合条件进程
2020-8-13 16:15:25 找到符合条件进程
2020-8-13 16:15:26 找到符合条件进程
2020-8-13 16:15:27 找到符合条件进程
2020-8-13 16:15:28 找到符合条件进程
2020-8-13 16:15:29 找到符合条件进程
2020-8-13 16:15:30 找到符合条件进程
2020-8-13 16:15:31 找到符合条件进程
2020-8-13 16:15:32 找到符合条件进程
2020-8-13 16:15:33 找到符合条件进程
2020-8-13 16:15:34 找到符合条件进程
2020-8-13 16:15:35 找到符合条件进程
2020-8-13 16:15:36 找到符合条件进程
2020-8-13 16:15:37 找到符合条件进程
2020-8-13 16:15:38 找到符合条件进程
2020-8-13 16:15:39 找到符合条件进程
2020-8-13 16:15:40 找到符合条件进程
2020-8-13 16:15:41 找到符合条件进程
2020-8-13 16:15:42 找到符合条件进程
2020-8-13 16:15:43 找到符合条件进程
2020-8-13 16:15:44 找到符合条件进程
2020-8-13 16:15:45 找到符合条件进程
2020-8-13 16:15:46 找到符合条件进程
2020-8-13 16:15:47 找到符合条件进程
2020-8-13 16:15:48 找到符合条件进程
2020-8-13 16:15:49 找到符合条件进程
2020-8-13 16:15:50 找到符合条件进程
2020-8-13 16:15:51 找到符合条件进程
2020-8-13 16:15:52 找到符合条件进程
2020-8-13 16:15:53 找到符合条件进程
2020-8-13 16:15:54 找到符合条件进程
2020-8-13 16:15:55 找到符合条件进程
2020-8-13 16:15:56 找到符合条件进程
2020-8-13 16:15:57 找到符合条件进程
2020-8-13 16:15:58 找到符合条件进程
2020-8-13 16:15:59 找到符合条件进程
2020-8-13 16:16:00 找到符合条件进程
2020-8-13 16:16:01 找到符合条件进程
2020-8-13 16:16:02 找到符合条件进程
2020-8-13 16:16:03 找到符合条件进程
2020-8-13 16:16:04 找到符合条件进程
2020-8-13 16:16:05 找到符合条件进程
2020-8-13 16:16:06 找到符合条件进程
2020-8-13 16:16:07 找到符合条件进程
2020-8-13 16:16:08 找到符合条件进程
2020-8-13 16:16:09 找到符合条件进程
2020-8-13 16:16:10 找到符合条件进程
2020-8-13 16:16:11 找到符合条件进程
2020-8-13 16:16:12 找到符合条件进程
2020-8-13 16:16:13 找到符合条件进程
2020-8-13 16:16:14 找到符合条件进程
2020-8-13 16:16:15 找到符合条件进程
2020-8-13 16:16:16 找到符合条件进程
2020-8-13 16:16:17 找到符合条件进程
2020-8-13 16:16:18 找到符合条件进程
2020-8-13 16:16:19 找到符合条件进程
2020-8-13 16:16:20 找到符合条件进程
2020-8-13 16:16:21 找到符合条件进程
2020-8-13 16:16:22 找到符合条件进程
2020-8-13 16:16:23 找到符合条件进程
2020-8-13 16:16:24 找到符合条件进程
2020-8-13 16:16:25 找到符合条件进程
2020-8-13 16:16:26 找到符合条件进程
2020-8-13 16:16:27 找到符合条件进程
2020-8-13 16:16:28 找到符合条件进程
2020-8-13 16:16:30 找到符合条件进程
2020-8-13 16:16:31 找到符合条件进程
2020-8-13 16:16:32 找到符合条件进程
2020-8-13 16:16:33 找到符合条件进程
2020-8-13 16:16:34 找到符合条件进程
2020-8-13 16:16:35 找到符合条件进程
2020-8-13 16:16:36 找到符合条件进程
2020-8-13 16:16:37 找到符合条件进程
2020-8-13 16:16:38 找到符合条件进程
2020-8-13 16:16:39 找到符合条件进程
2020-8-13 16:16:40 找到符合条件进程
2020-8-13 16:16:41 找到符合条件进程
2020-8-13 16:16:42 找到符合条件进程
2020-8-13 16:16:43 找到符合条件进程
2020-8-13 16:16:44 找到符合条件进程
2020-8-13 16:16:45 找到符合条件进程
2020-8-13 16:16:46 找到符合条件进程
2020-8-13 16:16:47 找到符合条件进程
2020-8-13 16:16:48 找到符合条件进程
2020-8-13 16:16:49 找到符合条件进程
2020-8-13 16:16:50 找到符合条件进程
2020-8-13 16:16:51 找到符合条件进程
2020-8-13 16:16:52 找到符合条件进程
2020-8-13 16:16:53 找到符合条件进程
2020-8-13 16:16:54 找到符合条件进程
2020-8-13 16:16:55 找到符合条件进程
2020-8-13 16:16:56 找到符合条件进程
2020-8-13 16:16:57 找到符合条件进程
2020-8-13 16:16:58 找到符合条件进程
2020-8-13 16:16:59 找到符合条件进程
2020-8-13 16:17:00 找到符合条件进程
2020-8-13 16:17:01 找到符合条件进程
2020-8-13 16:17:02 找到符合条件进程
2020-8-13 16:17:03 找到符合条件进程
2020-8-13 16:17:04 找到符合条件进程
2020-8-13 16:17:05 找到符合条件进程
2020-8-13 16:17:06 找到符合条件进程
2020-8-13 16:17:07 找到符合条件进程
2020-8-13 16:17:08 找到符合条件进程
2020-8-13 16:17:09 找到符合条件进程
2020-8-13 16:17:10 找到符合条件进程
2020-8-13 16:17:11 找到符合条件进程
2020-8-13 16:17:12 找到符合条件进程
2020-8-13 16:17:13 找到符合条件进程
2020-8-13 16:17:14 找到符合条件进程
2020-8-13 16:17:15 找到符合条件进程
2020-8-13 16:17:16 找到符合条件进程
2020-8-13 16:17:17 找到符合条件进程
2020-8-13 16:17:18 找到符合条件进程
2020-8-13 16:17:19 找到符合条件进程
2020-8-13 16:17:20 找到符合条件进程
2020-8-13 16:17:21 找到符合条件进程
2020-8-13 16:17:22 找到符合条件进程
2020-8-13 16:17:23 找到符合条件进程
2020-8-13 16:17:24 找到符合条件进程
2020-8-13 16:17:25 找到符合条件进程
2020-8-13 16:17:26 找到符合条件进程
2020-8-13 16:17:27 找到符合条件进程
2020-8-13 16:17:28 找到符合条件进程
2020-8-13 16:17:29 找到符合条件进程
2020-8-13 16:17:30 找到符合条件进程
2020-8-13 16:17:31 找到符合条件进程
2020-8-13 16:17:32 找到符合条件进程
2020-8-13 16:17:33 找到符合条件进程
2020-8-13 16:17:34 找到符合条件进程
2020-8-13 16:17:35 找到符合条件进程
2020-8-13 16:17:36 找到符合条件进程
2020-8-13 16:17:37 找到符合条件进程
2020-8-13 16:17:38 找到符合条件进程
2020-8-13 16:17:39 找到符合条件进程
2020-8-13 16:17:40 找到符合条件进程
2020-8-13 16:17:42 找到符合条件进程
2020-8-13 16:17:43 找到符合条件进程
2020-8-13 16:17:44 找到符合条件进程
2020-8-13 16:17:45 找到符合条件进程
2020-8-13 16:17:46 找到符合条件进程
2020-8-13 16:17:47 找到符合条件进程
2020-8-13 16:17:48 找到符合条件进程
2020-8-13 16:17:49 找到符合条件进程
2020-8-13 16:17:50 找到符合条件进程
2020-8-13 16:17:51 找到符合条件进程
2020-8-13 16:17:52 找到符合条件进程
2020-8-13 16:17:53 找到符合条件进程
2020-8-13 16:17:54 找到符合条件进程
2020-8-13 16:17:55 找到符合条件进程
2020-8-13 16:17:56 找到符合条件进程
2020-8-13 16:17:57 找到符合条件进程
2020-8-13 16:17:58 找到符合条件进程
2020-8-13 16:17:59 找到符合条件进程
2020-8-13 16:18:00 找到符合条件进程
2020-8-13 16:18:01 找到符合条件进程
2020-8-13 16:18:02 找到符合条件进程
2020-8-13 16:18:03 找到符合条件进程
2020-8-13 16:18:04 找到符合条件进程
2020-8-13 16:18:05 找到符合条件进程
2020-8-13 16:18:06 找到符合条件进程
2020-8-13 16:18:07 找到符合条件进程
2020-8-13 16:18:08 找到符合条件进程
2020-8-13 16:18:09 找到符合条件进程
2020-8-13 16:18:10 找到符合条件进程
2020-8-13 16:18:11 找到符合条件进程
2020-8-13 16:18:12 找到符合条件进程
2020-8-13 16:18:13 找到符合条件进程
2020-8-13 16:18:14 找到符合条件进程
2020-8-13 16:18:15 找到符合条件进程
2020-8-13 16:18:16 找到符合条件进程
2020-8-13 16:18:17 找到符合条件进程
2020-8-13 16:18:18 找到符合条件进程
2020-8-13 16:18:19 找到符合条件进程
2020-8-13 16:18:20 找到符合条件进程
2020-8-13 16:18:21 找到符合条件进程
2020-8-13 16:18:22 找到符合条件进程
2020-8-13 16:18:23 找到符合条件进程
2020-8-13 16:18:24 找到符合条件进程
2020-8-13 16:18:25 找到符合条件进程
2020-8-13 16:18:26 找到符合条件进程
2020-8-13 16:18:27 找到符合条件进程
2020-8-13 16:18:28 找到符合条件进程
2020-8-13 16:18:29 找到符合条件进程
2020-8-13 16:18:30 找到符合条件进程
2020-8-13 16:18:31 找到符合条件进程
2020-8-13 16:18:32 找到符合条件进程
2020-8-13 16:18:33 找到符合条件进程
2020-8-13 16:18:34 找到符合条件进程
2020-8-13 16:18:35 找到符合条件进程
2020-8-13 16:18:36 找到符合条件进程
2020-8-13 16:18:37 找到符合条件进程
2020-8-13 16:18:38 找到符合条件进程
2020-8-13 16:18:39 找到符合条件进程
2020-8-13 16:18:40 找到符合条件进程
2020-8-13 16:18:41 找到符合条件进程
2020-8-13 16:18:42 找到符合条件进程
2020-8-13 16:18:43 找到符合条件进程
2020-8-13 16:18:44 找到符合条件进程
2020-8-13 16:18:45 找到符合条件进程
2020-8-13 16:18:46 找到符合条件进程
2020-8-13 16:18:47 找到符合条件进程
2020-8-13 16:18:48 找到符合条件进程
2020-8-13 16:18:49 找到符合条件进程
2020-8-13 16:18:50 找到符合条件进程
2020-8-13 16:18:51 找到符合条件进程
2020-8-13 16:18:52 找到符合条件进程
2020-8-13 16:18:53 找到符合条件进程
2020-8-13 16:18:55 找到符合条件进程
2020-8-13 16:18:56 找到符合条件进程
2020-8-13 16:18:57 找到符合条件进程
2020-8-13 16:18:58 找到符合条件进程
2020-8-13 16:18:59 找到符合条件进程
2020-8-13 16:19:00 找到符合条件进程
2020-8-13 16:19:01 找到符合条件进程
2020-8-13 16:19:02 找到符合条件进程
2020-8-13 16:19:03 找到符合条件进程
2020-8-13 16:19:04 找到符合条件进程
2020-8-13 16:19:05 找到符合条件进程
2020-8-13 16:19:06 找到符合条件进程
2020-8-13 16:19:07 找到符合条件进程
2020-8-13 16:19:08 找到符合条件进程
2020-8-13 16:19:09 找到符合条件进程
2020-8-13 16:19:10 找到符合条件进程
2020-8-13 16:19:11 找到符合条件进程
2020-8-13 16:19:12 找到符合条件进程
2020-8-13 16:19:13 找到符合条件进程
2020-8-13 16:19:14 找到符合条件进程
2020-8-13 16:19:15 找到符合条件进程
2020-8-13 16:19:16 找到符合条件进程
2020-8-13 16:19:17 找到符合条件进程
2020-8-13 16:19:18 找到符合条件进程
2020-8-13 16:19:19 找到符合条件进程
