[10:30:47][系统]系统开始初始化！
[10:30:47][系统]当前启动配置为：Z:\个人数据\编程\易语言编程\源码\Source 全能监控(原Source 进程监控)\1.5.0\Script\4.pms
[10:30:47][系统]任务名：abc
[10:30:47][系统]控制台可见：true
[10:30:47][系统]当前运行模式：群控
[10:30:49][系统]初始化通讯端口：22226 失败
[10:30:49][系统]初始化完成！
[10:30:49][用户]启动监测
[10:30:50][用户]当前系统已使用CPU[99] 超过或达到系统设定阈值[10]
[10:30:51][用户]当前系统已使用CPU[31] 超过或达到系统设定阈值[10]
[10:30:52][用户]当前系统已使用CPU[18] 超过或达到系统设定阈值[10]
[10:30:53][用户]当前系统已使用CPU[20] 超过或达到系统设定阈值[10]
[10:30:54][用户]当前系统已使用CPU[27] 超过或达到系统设定阈值[10]
[10:30:55][用户]当前系统已使用CPU[17] 超过或达到系统设定阈值[10]
[10:30:56][用户]当前系统已使用CPU[14] 超过或达到系统设定阈值[10]
[10:30:57][用户]当前系统已使用CPU[34] 超过或达到系统设定阈值[10]
[10:30:58][用户]当前系统已使用CPU[40] 超过或达到系统设定阈值[10]
[10:30:59][用户]当前系统已使用CPU[12] 超过或达到系统设定阈值[10]
[10:31:00][用户]当前系统已使用CPU[26] 超过或达到系统设定阈值[10]
[10:31:01][用户]当前系统已使用CPU[13] 超过或达到系统设定阈值[10]
[10:31:02][用户]当前系统已使用CPU[23] 超过或达到系统设定阈值[10]
[10:31:03][用户]当前系统已使用CPU[27] 超过或达到系统设定阈值[10]
[10:31:04][用户]当前系统已使用CPU[41] 超过或达到系统设定阈值[10]
[10:31:05][用户]当前系统已使用CPU[36] 超过或达到系统设定阈值[10]
[10:31:06][用户]当前系统已使用CPU[65] 超过或达到系统设定阈值[10]
[10:31:07][用户]当前系统已使用CPU[39] 超过或达到系统设定阈值[10]
[10:31:08][用户]当前系统已使用CPU[25] 超过或达到系统设定阈值[10]
[10:31:09][用户]当前系统已使用CPU[28] 超过或达到系统设定阈值[10]
[10:31:10][用户]当前系统已使用CPU[18] 超过或达到系统设定阈值[10]
[10:31:11][用户]当前系统已使用CPU[22] 超过或达到系统设定阈值[10]
[10:31:12][用户]当前系统已使用CPU[42] 超过或达到系统设定阈值[10]
[10:31:13][用户]当前系统已使用CPU[49] 超过或达到系统设定阈值[10]
[10:31:14][用户]当前系统已使用CPU[27] 超过或达到系统设定阈值[10]
[10:31:15][用户]当前系统已使用CPU[69] 超过或达到系统设定阈值[10]
[10:31:16][用户]当前系统已使用CPU[34] 超过或达到系统设定阈值[10]
[10:31:17][用户]当前系统已使用CPU[18] 超过或达到系统设定阈值[10]
[10:31:18][用户]当前系统已使用CPU[30] 超过或达到系统设定阈值[10]
[10:31:19][用户]当前系统已使用CPU[22] 超过或达到系统设定阈值[10]
[10:31:20][用户]当前系统已使用CPU[12] 超过或达到系统设定阈值[10]
[10:31:21][用户]当前系统已使用CPU[35] 超过或达到系统设定阈值[10]
[10:31:22][用户]当前系统已使用CPU[16] 超过或达到系统设定阈值[10]
[10:31:23][用户]当前系统已使用CPU[20] 超过或达到系统设定阈值[10]
[10:31:24][用户]当前系统已使用CPU[23] 超过或达到系统设定阈值[10]
[10:31:25][用户]当前系统已使用CPU[18] 超过或达到系统设定阈值[10]
[10:31:26][用户]当前系统已使用CPU[18] 超过或达到系统设定阈值[10]
[10:31:27][用户]当前系统已使用CPU[29] 超过或达到系统设定阈值[10]
[10:31:28][用户]当前系统已使用CPU[26] 超过或达到系统设定阈值[10]
[10:31:29][用户]当前系统已使用CPU[12] 超过或达到系统设定阈值[10]
[10:31:30][用户]当前系统已使用CPU[21] 超过或达到系统设定阈值[10]
[10:31:31][用户]当前系统已使用CPU[16] 超过或达到系统设定阈值[10]
[10:31:32][用户]当前系统已使用CPU[10] 超过或达到系统设定阈值[10]
[10:31:33][用户]当前系统已使用CPU[28] 超过或达到系统设定阈值[10]
[10:31:34][用户]当前系统已使用CPU[14] 超过或达到系统设定阈值[10]
[10:31:35][用户]当前系统已使用CPU[44] 超过或达到系统设定阈值[10]
[10:31:36][用户]当前系统已使用CPU[57] 超过或达到系统设定阈值[10]
[10:31:37][用户]当前系统已使用CPU[40] 超过或达到系统设定阈值[10]
[10:31:38][用户]当前系统已使用CPU[28] 超过或达到系统设定阈值[10]
[10:31:39][用户]当前系统已使用CPU[48] 超过或达到系统设定阈值[10]
[10:31:40][用户]当前系统已使用CPU[39] 超过或达到系统设定阈值[10]
[10:31:41][用户]当前系统已使用CPU[32] 超过或达到系统设定阈值[10]
[10:31:42][用户]当前系统已使用CPU[22] 超过或达到系统设定阈值[10]
[10:31:43][用户]当前系统已使用CPU[12] 超过或达到系统设定阈值[10]
[10:31:44][用户]当前系统已使用CPU[13] 超过或达到系统设定阈值[10]
[10:31:45][用户]当前系统已使用CPU[27] 超过或达到系统设定阈值[10]
[10:31:46][用户]当前系统已使用CPU[17] 超过或达到系统设定阈值[10]
[10:31:47][用户]当前系统已使用CPU[10] 超过或达到系统设定阈值[10]
[10:31:48][用户]当前系统已使用CPU[36] 超过或达到系统设定阈值[10]
[10:31:49][用户]当前系统已使用CPU[14] 超过或达到系统设定阈值[10]
[10:31:50][用户]当前系统已使用CPU[22] 超过或达到系统设定阈值[10]
[10:31:51][用户]当前系统已使用CPU[31] 超过或达到系统设定阈值[10]
[10:31:52][用户]当前系统已使用CPU[19] 超过或达到系统设定阈值[10]
[10:31:53][用户]当前系统已使用CPU[17] 超过或达到系统设定阈值[10]
[10:31:54][用户]当前系统已使用CPU[26] 超过或达到系统设定阈值[10]
[10:31:55][用户]当前系统已使用CPU[15] 超过或达到系统设定阈值[10]
[10:31:56][用户]当前系统已使用CPU[14] 超过或达到系统设定阈值[10]
[10:31:57][用户]当前系统已使用CPU[23] 超过或达到系统设定阈值[10]
[10:31:58][用户]当前系统已使用CPU[15] 超过或达到系统设定阈值[10]
[10:31:59][用户]当前系统已使用CPU[19] 超过或达到系统设定阈值[10]
[10:32:00][用户]当前系统已使用CPU[26] 超过或达到系统设定阈值[10]
[10:32:01][用户]当前系统已使用CPU[17] 超过或达到系统设定阈值[10]
[10:32:03][用户]当前系统已使用CPU[23] 超过或达到系统设定阈值[10]
[10:32:05][用户]当前系统已使用CPU[11] 超过或达到系统设定阈值[10]
[10:32:06][用户]当前系统已使用CPU[28] 超过或达到系统设定阈值[10]
[10:32:07][用户]当前系统已使用CPU[17] 超过或达到系统设定阈值[10]
[10:32:08][用户]当前系统已使用CPU[13] 超过或达到系统设定阈值[10]
[10:32:09][用户]当前系统已使用CPU[27] 超过或达到系统设定阈值[10]
[10:32:10][用户]当前系统已使用CPU[14] 超过或达到系统设定阈值[10]
[10:32:11][用户]当前系统已使用CPU[23] 超过或达到系统设定阈值[10]
[10:32:12][用户]当前系统已使用CPU[28] 超过或达到系统设定阈值[10]
[10:32:13][用户]当前系统已使用CPU[12] 超过或达到系统设定阈值[10]
[10:32:14][用户]当前系统已使用CPU[14] 超过或达到系统设定阈值[10]
[10:32:15][用户]当前系统已使用CPU[21] 超过或达到系统设定阈值[10]
[10:32:16][用户]当前系统已使用CPU[12] 超过或达到系统设定阈值[10]
[10:32:17][用户]当前系统已使用CPU[14] 超过或达到系统设定阈值[10]
[10:32:18][用户]当前系统已使用CPU[25] 超过或达到系统设定阈值[10]
[10:32:20][用户]当前系统已使用CPU[18] 超过或达到系统设定阈值[10]
[10:32:21][用户]当前系统已使用CPU[34] 超过或达到系统设定阈值[10]
[10:32:23][用户]当前系统已使用CPU[17] 超过或达到系统设定阈值[10]
[10:32:24][用户]当前系统已使用CPU[26] 超过或达到系统设定阈值[10]
[10:32:25][用户]当前系统已使用CPU[12] 超过或达到系统设定阈值[10]
[10:32:26][用户]当前系统已使用CPU[20] 超过或达到系统设定阈值[10]
[10:32:27][用户]当前系统已使用CPU[21] 超过或达到系统设定阈值[10]
[10:32:28][用户]当前系统已使用CPU[11] 超过或达到系统设定阈值[10]
[10:32:29][用户]当前系统已使用CPU[12] 超过或达到系统设定阈值[10]
[10:32:30][用户]当前系统已使用CPU[24] 超过或达到系统设定阈值[10]
[10:32:31][用户]当前系统已使用CPU[19] 超过或达到系统设定阈值[10]
[10:32:32][用户]当前系统已使用CPU[19] 超过或达到系统设定阈值[10]
[10:32:33][用户]当前系统已使用CPU[24] 超过或达到系统设定阈值[10]
[10:32:34][用户]当前系统已使用CPU[16] 超过或达到系统设定阈值[10]
[10:32:35][用户]当前系统已使用CPU[18] 超过或达到系统设定阈值[10]
[10:32:36][用户]当前系统已使用CPU[34] 超过或达到系统设定阈值[10]
[10:32:37][用户]当前系统已使用CPU[15] 超过或达到系统设定阈值[10]
[10:32:38][用户]当前系统已使用CPU[32] 超过或达到系统设定阈值[10]
[10:32:39][用户]当前系统已使用CPU[28] 超过或达到系统设定阈值[10]
[10:32:40][用户]当前系统已使用CPU[18] 超过或达到系统设定阈值[10]
[10:32:41][用户]当前系统已使用CPU[18] 超过或达到系统设定阈值[10]
[10:32:42][用户]当前系统已使用CPU[24] 超过或达到系统设定阈值[10]
[10:32:43][用户]当前系统已使用CPU[15] 超过或达到系统设定阈值[10]
[10:32:44][用户]当前系统已使用CPU[17] 超过或达到系统设定阈值[10]
[10:32:45][用户]当前系统已使用CPU[24] 超过或达到系统设定阈值[10]
[10:32:46][用户]当前系统已使用CPU[19] 超过或达到系统设定阈值[10]
[10:32:47][用户]当前系统已使用CPU[15] 超过或达到系统设定阈值[10]
[10:32:48][用户]当前系统已使用CPU[26] 超过或达到系统设定阈值[10]
[10:32:49][用户]当前系统已使用CPU[20] 超过或达到系统设定阈值[10]
[10:32:50][用户]当前系统已使用CPU[18] 超过或达到系统设定阈值[10]
[10:32:51][用户]当前系统已使用CPU[33] 超过或达到系统设定阈值[10]
[10:32:52][用户]当前系统已使用CPU[13] 超过或达到系统设定阈值[10]
[10:32:53][用户]当前系统已使用CPU[21] 超过或达到系统设定阈值[10]
[10:32:54][用户]当前系统已使用CPU[21] 超过或达到系统设定阈值[10]
[10:32:55][用户]当前系统已使用CPU[10] 超过或达到系统设定阈值[10]
[10:32:56][用户]当前系统已使用CPU[17] 超过或达到系统设定阈值[10]
[10:32:57][用户]当前系统已使用CPU[26] 超过或达到系统设定阈值[10]
[10:32:58][用户]当前系统已使用CPU[16] 超过或达到系统设定阈值[10]
[10:32:59][用户]当前系统已使用CPU[20] 超过或达到系统设定阈值[10]
[10:33:00][用户]当前系统已使用CPU[22] 超过或达到系统设定阈值[10]
[10:33:01][用户]当前系统已使用CPU[24] 超过或达到系统设定阈值[10]
[10:33:02][用户]当前系统已使用CPU[16] 超过或达到系统设定阈值[10]
[10:33:03][用户]当前系统已使用CPU[24] 超过或达到系统设定阈值[10]
[10:33:05][用户]当前系统已使用CPU[13] 超过或达到系统设定阈值[10]
[10:33:06][用户]当前系统已使用CPU[29] 超过或达到系统设定阈值[10]
[10:33:07][用户]当前系统已使用CPU[13] 超过或达到系统设定阈值[10]
[10:33:08][用户]当前系统已使用CPU[13] 超过或达到系统设定阈值[10]
[10:33:09][用户]当前系统已使用CPU[22] 超过或达到系统设定阈值[10]
[10:33:10][用户]当前系统已使用CPU[16] 超过或达到系统设定阈值[10]
[10:33:11][用户]当前系统已使用CPU[21] 超过或达到系统设定阈值[10]
[10:33:12][用户]当前系统已使用CPU[22] 超过或达到系统设定阈值[10]
[10:33:13][用户]当前系统已使用CPU[21] 超过或达到系统设定阈值[10]
[10:33:14][用户]当前系统已使用CPU[17] 超过或达到系统设定阈值[10]
[10:33:15][用户]当前系统已使用CPU[34] 超过或达到系统设定阈值[10]
[10:33:16][用户]当前系统已使用CPU[28] 超过或达到系统设定阈值[10]
[10:33:17][用户]当前系统已使用CPU[44] 超过或达到系统设定阈值[10]
[10:33:18][用户]当前系统已使用CPU[34] 超过或达到系统设定阈值[10]
[10:33:19][用户]当前系统已使用CPU[54] 超过或达到系统设定阈值[10]
[10:33:20][用户]当前系统已使用CPU[23] 超过或达到系统设定阈值[10]
[10:33:21][用户]当前系统已使用CPU[27] 超过或达到系统设定阈值[10]
[10:33:22][用户]当前系统已使用CPU[18] 超过或达到系统设定阈值[10]
[10:33:23][用户]当前系统已使用CPU[19] 超过或达到系统设定阈值[10]
[10:33:24][用户]当前系统已使用CPU[27] 超过或达到系统设定阈值[10]
[10:33:25][用户]当前系统已使用CPU[16] 超过或达到系统设定阈值[10]
[10:33:26][用户]当前系统已使用CPU[11] 超过或达到系统设定阈值[10]
[10:33:27][用户]当前系统已使用CPU[25] 超过或达到系统设定阈值[10]
[10:33:28][用户]当前系统已使用CPU[24] 超过或达到系统设定阈值[10]
[10:33:29][用户]当前系统已使用CPU[14] 超过或达到系统设定阈值[10]
[10:33:30][用户]当前系统已使用CPU[24] 超过或达到系统设定阈值[10]
[10:33:31][用户]当前系统已使用CPU[17] 超过或达到系统设定阈值[10]
[10:33:32][用户]当前系统已使用CPU[24] 超过或达到系统设定阈值[10]
[10:33:33][用户]当前系统已使用CPU[21] 超过或达到系统设定阈值[10]
[10:33:34][用户]当前系统已使用CPU[13] 超过或达到系统设定阈值[10]
[10:33:35][用户]当前系统已使用CPU[24] 超过或达到系统设定阈值[10]
[10:33:36][用户]当前系统已使用CPU[36] 超过或达到系统设定阈值[10]
[10:33:37][用户]当前系统已使用CPU[13] 超过或达到系统设定阈值[10]
[10:33:38][用户]当前系统已使用CPU[20] 超过或达到系统设定阈值[10]
[10:33:39][用户]当前系统已使用CPU[27] 超过或达到系统设定阈值[10]
[10:33:40][用户]当前系统已使用CPU[15] 超过或达到系统设定阈值[10]
[10:33:41][用户]当前系统已使用CPU[13] 超过或达到系统设定阈值[10]
[10:33:42][用户]当前系统已使用CPU[25] 超过或达到系统设定阈值[10]
[10:33:43][用户]当前系统已使用CPU[11] 超过或达到系统设定阈值[10]
[10:33:44][用户]当前系统已使用CPU[17] 超过或达到系统设定阈值[10]
[10:33:45][用户]当前系统已使用CPU[25] 超过或达到系统设定阈值[10]
[10:33:46][用户]当前系统已使用CPU[18] 超过或达到系统设定阈值[10]
[10:33:47][用户]当前系统已使用CPU[20] 超过或达到系统设定阈值[10]
[10:33:48][用户]当前系统已使用CPU[28] 超过或达到系统设定阈值[10]
[10:33:49][用户]当前系统已使用CPU[21] 超过或达到系统设定阈值[10]
[10:33:50][用户]当前系统已使用CPU[14] 超过或达到系统设定阈值[10]
[10:33:51][用户]当前系统已使用CPU[23] 超过或达到系统设定阈值[10]
[10:33:52][用户]当前系统已使用CPU[14] 超过或达到系统设定阈值[10]
[10:33:53][用户]当前系统已使用CPU[13] 超过或达到系统设定阈值[10]
[10:33:54][用户]当前系统已使用CPU[20] 超过或达到系统设定阈值[10]
[10:33:55][用户]当前系统已使用CPU[14] 超过或达到系统设定阈值[10]
[10:33:56][用户]当前系统已使用CPU[17] 超过或达到系统设定阈值[10]
[10:33:57][用户]当前系统已使用CPU[23] 超过或达到系统设定阈值[10]
[10:33:58][用户]当前系统已使用CPU[16] 超过或达到系统设定阈值[10]
[10:33:59][用户]当前系统已使用CPU[11] 超过或达到系统设定阈值[10]
[10:34:00][用户]当前系统已使用CPU[22] 超过或达到系统设定阈值[10]
[10:34:01][用户]当前系统已使用CPU[16] 超过或达到系统设定阈值[10]
[10:34:02][用户]当前系统已使用CPU[16] 超过或达到系统设定阈值[10]
[10:34:03][用户]当前系统已使用CPU[26] 超过或达到系统设定阈值[10]
[10:34:04][用户]当前系统已使用CPU[22] 超过或达到系统设定阈值[10]
[10:34:05][用户]当前系统已使用CPU[15] 超过或达到系统设定阈值[10]
[10:34:06][用户]当前系统已使用CPU[25] 超过或达到系统设定阈值[10]
[10:34:07][用户]当前系统已使用CPU[17] 超过或达到系统设定阈值[10]
[10:34:08][用户]当前系统已使用CPU[18] 超过或达到系统设定阈值[10]
[10:34:09][用户]当前系统已使用CPU[28] 超过或达到系统设定阈值[10]
[10:34:10][用户]当前系统已使用CPU[19] 超过或达到系统设定阈值[10]
[10:34:11][用户]当前系统已使用CPU[22] 超过或达到系统设定阈值[10]
[10:34:12][用户]当前系统已使用CPU[26] 超过或达到系统设定阈值[10]
[10:34:13][用户]当前系统已使用CPU[14] 超过或达到系统设定阈值[10]
[10:34:14][用户]当前系统已使用CPU[16] 超过或达到系统设定阈值[10]
[10:34:15][用户]当前系统已使用CPU[20] 超过或达到系统设定阈值[10]
[10:34:16][用户]当前系统已使用CPU[16] 超过或达到系统设定阈值[10]
[10:34:17][用户]当前系统已使用CPU[18] 超过或达到系统设定阈值[10]
[10:34:18][用户]当前系统已使用CPU[25] 超过或达到系统设定阈值[10]
[10:34:19][用户]当前系统已使用CPU[22] 超过或达到系统设定阈值[10]
[10:34:20][用户]当前系统已使用CPU[12] 超过或达到系统设定阈值[10]
[10:34:21][用户]当前系统已使用CPU[29] 超过或达到系统设定阈值[10]
[10:34:22][用户]当前系统已使用CPU[10] 超过或达到系统设定阈值[10]
[10:34:23][用户]当前系统已使用CPU[11] 超过或达到系统设定阈值[10]
[10:34:24][用户]当前系统已使用CPU[24] 超过或达到系统设定阈值[10]
[10:34:25][用户]当前系统已使用CPU[15] 超过或达到系统设定阈值[10]
[10:34:26][用户]当前系统已使用CPU[20] 超过或达到系统设定阈值[10]
[10:34:27][用户]当前系统已使用CPU[22] 超过或达到系统设定阈值[10]
[10:34:28][用户]当前系统已使用CPU[15] 超过或达到系统设定阈值[10]
[10:34:29][用户]当前系统已使用CPU[14] 超过或达到系统设定阈值[10]
[10:34:30][用户]当前系统已使用CPU[19] 超过或达到系统设定阈值[10]
[10:34:31][用户]当前系统已使用CPU[14] 超过或达到系统设定阈值[10]
[10:34:32][用户]当前系统已使用CPU[18] 超过或达到系统设定阈值[10]
[10:34:33][用户]当前系统已使用CPU[29] 超过或达到系统设定阈值[10]
[10:34:34][用户]当前系统已使用CPU[19] 超过或达到系统设定阈值[10]
[10:34:35][用户]当前系统已使用CPU[11] 超过或达到系统设定阈值[10]
[10:34:36][用户]当前系统已使用CPU[19] 超过或达到系统设定阈值[10]
[10:34:37][用户]当前系统已使用CPU[11] 超过或达到系统设定阈值[10]
[10:34:38][用户]当前系统已使用CPU[16] 超过或达到系统设定阈值[10]
[10:34:39][用户]当前系统已使用CPU[27] 超过或达到系统设定阈值[10]
[10:34:40][用户]当前系统已使用CPU[14] 超过或达到系统设定阈值[10]
[10:34:41][用户]当前系统已使用CPU[17] 超过或达到系统设定阈值[10]
[10:34:42][用户]当前系统已使用CPU[25] 超过或达到系统设定阈值[10]
[10:34:43][用户]当前系统已使用CPU[15] 超过或达到系统设定阈值[10]
[10:34:44][用户]当前系统已使用CPU[12] 超过或达到系统设定阈值[10]
[10:34:45][用户]当前系统已使用CPU[24] 超过或达到系统设定阈值[10]
[10:34:46][用户]当前系统已使用CPU[15] 超过或达到系统设定阈值[10]
[10:34:47][用户]当前系统已使用CPU[15] 超过或达到系统设定阈值[10]
[10:34:48][用户]当前系统已使用CPU[27] 超过或达到系统设定阈值[10]
[10:34:49][用户]当前系统已使用CPU[17] 超过或达到系统设定阈值[10]
[10:34:50][用户]当前系统已使用CPU[15] 超过或达到系统设定阈值[10]
[10:34:51][用户]当前系统已使用CPU[23] 超过或达到系统设定阈值[10]
[10:34:53][用户]当前系统已使用CPU[13] 超过或达到系统设定阈值[10]
[10:34:54][用户]当前系统已使用CPU[22] 超过或达到系统设定阈值[10]
[10:34:55][用户]当前系统已使用CPU[14] 超过或达到系统设定阈值[10]
[10:34:56][用户]当前系统已使用CPU[12] 超过或达到系统设定阈值[10]
[10:34:57][用户]当前系统已使用CPU[27] 超过或达到系统设定阈值[10]
[10:34:58][用户]当前系统已使用CPU[14] 超过或达到系统设定阈值[10]
[10:34:59][用户]当前系统已使用CPU[19] 超过或达到系统设定阈值[10]
[10:35:00][用户]当前系统已使用CPU[22] 超过或达到系统设定阈值[10]
[10:35:01][用户]当前系统已使用CPU[17] 超过或达到系统设定阈值[10]
[10:35:02][用户]当前系统已使用CPU[19] 超过或达到系统设定阈值[10]
[10:35:03][用户]当前系统已使用CPU[23] 超过或达到系统设定阈值[10]
[10:35:04][用户]当前系统已使用CPU[11] 超过或达到系统设定阈值[10]
[10:35:05][用户]当前系统已使用CPU[17] 超过或达到系统设定阈值[10]
[10:35:06][用户]当前系统已使用CPU[22] 超过或达到系统设定阈值[10]
[10:35:07][用户]当前系统已使用CPU[10] 超过或达到系统设定阈值[10]
[10:35:08][用户]当前系统已使用CPU[17] 超过或达到系统设定阈值[10]
[10:35:09][用户]当前系统已使用CPU[26] 超过或达到系统设定阈值[10]
[10:35:10][用户]当前系统已使用CPU[14] 超过或达到系统设定阈值[10]
[10:35:11][用户]当前系统已使用CPU[15] 超过或达到系统设定阈值[10]
[10:35:12][用户]当前系统已使用CPU[19] 超过或达到系统设定阈值[10]
[10:35:14][用户]当前系统已使用CPU[13] 超过或达到系统设定阈值[10]
[10:35:15][用户]当前系统已使用CPU[21] 超过或达到系统设定阈值[10]
[10:35:16][用户]当前系统已使用CPU[12] 超过或达到系统设定阈值[10]
[10:35:17][用户]当前系统已使用CPU[16] 超过或达到系统设定阈值[10]
[10:35:18][用户]当前系统已使用CPU[47] 超过或达到系统设定阈值[10]
[10:35:19][用户]当前系统已使用CPU[22] 超过或达到系统设定阈值[10]
[10:35:20][用户]当前系统已使用CPU[14] 超过或达到系统设定阈值[10]
[10:35:21][用户]当前系统已使用CPU[25] 超过或达到系统设定阈值[10]
[10:35:22][用户]当前系统已使用CPU[14] 超过或达到系统设定阈值[10]
[10:35:23][用户]当前系统已使用CPU[16] 超过或达到系统设定阈值[10]
[10:35:24][用户]当前系统已使用CPU[25] 超过或达到系统设定阈值[10]
[10:35:25][用户]当前系统已使用CPU[20] 超过或达到系统设定阈值[10]
[10:35:26][用户]当前系统已使用CPU[10] 超过或达到系统设定阈值[10]
[10:35:27][用户]当前系统已使用CPU[17] 超过或达到系统设定阈值[10]
[10:35:28][用户]当前系统已使用CPU[12] 超过或达到系统设定阈值[10]
[10:35:29][用户]当前系统已使用CPU[14] 超过或达到系统设定阈值[10]
[10:35:30][用户]当前系统已使用CPU[28] 超过或达到系统设定阈值[10]
[10:35:31][用户]当前系统已使用CPU[19] 超过或达到系统设定阈值[10]
[10:35:32][用户]当前系统已使用CPU[10] 超过或达到系统设定阈值[10]
[10:35:33][用户]当前系统已使用CPU[28] 超过或达到系统设定阈值[10]
[10:35:34][用户]当前系统已使用CPU[17] 超过或达到系统设定阈值[10]
[10:35:35][用户]当前系统已使用CPU[12] 超过或达到系统设定阈值[10]
[10:35:36][用户]当前系统已使用CPU[26] 超过或达到系统设定阈值[10]
[10:35:37][用户]当前系统已使用CPU[19] 超过或达到系统设定阈值[10]
[10:35:38][用户]当前系统已使用CPU[15] 超过或达到系统设定阈值[10]
[10:35:39][用户]当前系统已使用CPU[32] 超过或达到系统设定阈值[10]
[10:35:40][用户]当前系统已使用CPU[16] 超过或达到系统设定阈值[10]
[10:35:41][用户]当前系统已使用CPU[14] 超过或达到系统设定阈值[10]
[10:35:42][用户]当前系统已使用CPU[21] 超过或达到系统设定阈值[10]
[10:35:43][用户]当前系统已使用CPU[13] 超过或达到系统设定阈值[10]
[10:35:44][用户]当前系统已使用CPU[21] 超过或达到系统设定阈值[10]
[10:35:45][用户]当前系统已使用CPU[21] 超过或达到系统设定阈值[10]
[10:35:46][用户]当前系统已使用CPU[17] 超过或达到系统设定阈值[10]
[10:35:47][用户]当前系统已使用CPU[15] 超过或达到系统设定阈值[10]
[10:35:48][用户]当前系统已使用CPU[23] 超过或达到系统设定阈值[10]
[10:35:50][用户]当前系统已使用CPU[19] 超过或达到系统设定阈值[10]
[10:35:51][用户]当前系统已使用CPU[22] 超过或达到系统设定阈值[10]
[10:35:52][用户]当前系统已使用CPU[12] 超过或达到系统设定阈值[10]
[10:35:53][用户]当前系统已使用CPU[16] 超过或达到系统设定阈值[10]
[10:35:54][用户]当前系统已使用CPU[26] 超过或达到系统设定阈值[10]
[10:35:55][用户]当前系统已使用CPU[14] 超过或达到系统设定阈值[10]
[10:35:56][用户]当前系统已使用CPU[10] 超过或达到系统设定阈值[10]
[10:35:57][用户]当前系统已使用CPU[23] 超过或达到系统设定阈值[10]
[10:35:58][用户]当前系统已使用CPU[11] 超过或达到系统设定阈值[10]
[10:35:59][用户]当前系统已使用CPU[13] 超过或达到系统设定阈值[10]
[10:36:00][用户]当前系统已使用CPU[26] 超过或达到系统设定阈值[10]
[10:36:01][用户]当前系统已使用CPU[22] 超过或达到系统设定阈值[10]
[10:36:02][用户]当前系统已使用CPU[44] 超过或达到系统设定阈值[10]
[10:36:03][用户]当前系统已使用CPU[31] 超过或达到系统设定阈值[10]
[10:36:04][用户]当前系统已使用CPU[31] 超过或达到系统设定阈值[10]
[10:36:05][用户]当前系统已使用CPU[30] 超过或达到系统设定阈值[10]
[10:36:06][用户]当前系统已使用CPU[26] 超过或达到系统设定阈值[10]
[10:36:07][用户]当前系统已使用CPU[12] 超过或达到系统设定阈值[10]
[10:36:08][用户]当前系统已使用CPU[10] 超过或达到系统设定阈值[10]
[10:36:09][用户]当前系统已使用CPU[34] 超过或达到系统设定阈值[10]
[10:36:10][用户]当前系统已使用CPU[24] 超过或达到系统设定阈值[10]
[10:36:11][用户]当前系统已使用CPU[41] 超过或达到系统设定阈值[10]
[10:36:12][用户]当前系统已使用CPU[27] 超过或达到系统设定阈值[10]
[10:36:13][用户]当前系统已使用CPU[22] 超过或达到系统设定阈值[10]
[10:36:14][用户]当前系统已使用CPU[13] 超过或达到系统设定阈值[10]
[10:36:15][用户]当前系统已使用CPU[26] 超过或达到系统设定阈值[10]
[10:36:16][用户]当前系统已使用CPU[21] 超过或达到系统设定阈值[10]
[10:36:17][用户]当前系统已使用CPU[12] 超过或达到系统设定阈值[10]
[10:36:18][用户]当前系统已使用CPU[27] 超过或达到系统设定阈值[10]
[10:36:19][用户]当前系统已使用CPU[17] 超过或达到系统设定阈值[10]
[10:36:20][用户]当前系统已使用CPU[18] 超过或达到系统设定阈值[10]
[10:36:21][用户]当前系统已使用CPU[31] 超过或达到系统设定阈值[10]
[10:36:23][用户]当前系统已使用CPU[17] 超过或达到系统设定阈值[10]
[10:36:24][用户]当前系统已使用CPU[31] 超过或达到系统设定阈值[10]
[10:36:25][用户]当前系统已使用CPU[25] 超过或达到系统设定阈值[10]
[10:36:26][用户]当前系统已使用CPU[44] 超过或达到系统设定阈值[10]
[10:36:27][用户]当前系统已使用CPU[33] 超过或达到系统设定阈值[10]
[10:36:28][用户]当前系统已使用CPU[21] 超过或达到系统设定阈值[10]
[10:36:29][用户]当前系统已使用CPU[17] 超过或达到系统设定阈值[10]
[10:36:30][用户]当前系统已使用CPU[22] 超过或达到系统设定阈值[10]
[10:36:31][用户]当前系统已使用CPU[14] 超过或达到系统设定阈值[10]
[10:36:32][用户]当前系统已使用CPU[14] 超过或达到系统设定阈值[10]
[10:36:33][用户]当前系统已使用CPU[25] 超过或达到系统设定阈值[10]
[10:36:34][用户]当前系统已使用CPU[15] 超过或达到系统设定阈值[10]
[10:36:35][用户]当前系统已使用CPU[14] 超过或达到系统设定阈值[10]
[10:36:36][用户]当前系统已使用CPU[24] 超过或达到系统设定阈值[10]
[10:36:37][用户]当前系统已使用CPU[21] 超过或达到系统设定阈值[10]
[10:36:38][用户]当前系统已使用CPU[14] 超过或达到系统设定阈值[10]
[10:36:39][用户]当前系统已使用CPU[30] 超过或达到系统设定阈值[10]
[10:36:40][用户]当前系统已使用CPU[14] 超过或达到系统设定阈值[10]
[10:36:41][用户]当前系统已使用CPU[25] 超过或达到系统设定阈值[10]
[10:36:42][用户]当前系统已使用CPU[34] 超过或达到系统设定阈值[10]
[10:36:43][用户]当前系统已使用CPU[11] 超过或达到系统设定阈值[10]
[10:36:44][用户]当前系统已使用CPU[27] 超过或达到系统设定阈值[10]
[10:36:45][用户]当前系统已使用CPU[43] 超过或达到系统设定阈值[10]
[10:36:46][用户]当前系统已使用CPU[21] 超过或达到系统设定阈值[10]
[10:36:47][用户]当前系统已使用CPU[31] 超过或达到系统设定阈值[10]
[10:36:48][用户]当前系统已使用CPU[56] 超过或达到系统设定阈值[10]
[10:36:49][用户]当前系统已使用CPU[14] 超过或达到系统设定阈值[10]
[10:36:50][用户]当前系统已使用CPU[21] 超过或达到系统设定阈值[10]
[10:36:51][用户]当前系统已使用CPU[29] 超过或达到系统设定阈值[10]
[10:36:52][用户]当前系统已使用CPU[16] 超过或达到系统设定阈值[10]
[10:36:53][用户]当前系统已使用CPU[17] 超过或达到系统设定阈值[10]
[10:36:54][用户]当前系统已使用CPU[29] 超过或达到系统设定阈值[10]
[10:36:55][用户]当前系统已使用CPU[41] 超过或达到系统设定阈值[10]
[10:36:56][用户]当前系统已使用CPU[41] 超过或达到系统设定阈值[10]
[10:36:57][用户]当前系统已使用CPU[34] 超过或达到系统设定阈值[10]
[10:36:58][用户]当前系统已使用CPU[15] 超过或达到系统设定阈值[10]
[10:36:59][用户]当前系统已使用CPU[13] 超过或达到系统设定阈值[10]
[10:37:00][用户]当前系统已使用CPU[24] 超过或达到系统设定阈值[10]
[10:37:01][用户]当前系统已使用CPU[20] 超过或达到系统设定阈值[10]
[10:37:02][用户]当前系统已使用CPU[14] 超过或达到系统设定阈值[10]
[10:37:03][用户]当前系统已使用CPU[39] 超过或达到系统设定阈值[10]
[10:37:04][用户]当前系统已使用CPU[25] 超过或达到系统设定阈值[10]
[10:37:05][用户]当前系统已使用CPU[17] 超过或达到系统设定阈值[10]
[10:37:06][用户]当前系统已使用CPU[91] 超过或达到系统设定阈值[10]
[10:37:07][用户]当前系统已使用CPU[65] 超过或达到系统设定阈值[10]
[10:37:08][用户]当前系统已使用CPU[42] 超过或达到系统设定阈值[10]
[10:37:09][用户]当前系统已使用CPU[26] 超过或达到系统设定阈值[10]
[10:37:10][用户]当前系统已使用CPU[43] 超过或达到系统设定阈值[10]
[10:37:11][用户]当前系统已使用CPU[21] 超过或达到系统设定阈值[10]
[10:37:12][用户]当前系统已使用CPU[31] 超过或达到系统设定阈值[10]
[10:37:13][用户]当前系统已使用CPU[22] 超过或达到系统设定阈值[10]
[10:37:14][用户]当前系统已使用CPU[12] 超过或达到系统设定阈值[10]
[10:37:15][用户]当前系统已使用CPU[25] 超过或达到系统设定阈值[10]
[10:37:16][用户]当前系统已使用CPU[16] 超过或达到系统设定阈值[10]
[10:37:17][用户]当前系统已使用CPU[17] 超过或达到系统设定阈值[10]
[10:37:18][用户]当前系统已使用CPU[29] 超过或达到系统设定阈值[10]
[10:37:19][用户]当前系统已使用CPU[15] 超过或达到系统设定阈值[10]
[10:37:20][用户]当前系统已使用CPU[18] 超过或达到系统设定阈值[10]
[10:37:21][用户]当前系统已使用CPU[33] 超过或达到系统设定阈值[10]
[10:37:22][用户]当前系统已使用CPU[18] 超过或达到系统设定阈值[10]
[10:37:23][用户]当前系统已使用CPU[23] 超过或达到系统设定阈值[10]
[10:37:24][用户]当前系统已使用CPU[24] 超过或达到系统设定阈值[10]
[10:37:25][用户]当前系统已使用CPU[13] 超过或达到系统设定阈值[10]
[10:37:26][用户]当前系统已使用CPU[11] 超过或达到系统设定阈值[10]
[10:37:27][用户]当前系统已使用CPU[30] 超过或达到系统设定阈值[10]
[10:37:28][用户]当前系统已使用CPU[20] 超过或达到系统设定阈值[10]
[10:37:29][用户]当前系统已使用CPU[21] 超过或达到系统设定阈值[10]
[10:37:30][用户]当前系统已使用CPU[28] 超过或达到系统设定阈值[10]
[10:37:31][用户]当前系统已使用CPU[18] 超过或达到系统设定阈值[10]
[10:37:32][用户]当前系统已使用CPU[18] 超过或达到系统设定阈值[10]
[10:37:33][用户]当前系统已使用CPU[29] 超过或达到系统设定阈值[10]
[10:37:34][用户]当前系统已使用CPU[17] 超过或达到系统设定阈值[10]
[10:37:35][用户]当前系统已使用CPU[47] 超过或达到系统设定阈值[10]
[10:37:36][用户]当前系统已使用CPU[52] 超过或达到系统设定阈值[10]
[10:37:37][用户]当前系统已使用CPU[16] 超过或达到系统设定阈值[10]
[10:37:38][用户]当前系统已使用CPU[16] 超过或达到系统设定阈值[10]
[10:37:39][用户]当前系统已使用CPU[54] 超过或达到系统设定阈值[10]
[10:37:40][用户]当前系统已使用CPU[21] 超过或达到系统设定阈值[10]
[10:37:41][用户]当前系统已使用CPU[19] 超过或达到系统设定阈值[10]
[10:37:42][用户]当前系统已使用CPU[31] 超过或达到系统设定阈值[10]
[10:37:43][用户]当前系统已使用CPU[16] 超过或达到系统设定阈值[10]
[10:37:44][用户]当前系统已使用CPU[20] 超过或达到系统设定阈值[10]
[10:37:45][用户]当前系统已使用CPU[38] 超过或达到系统设定阈值[10]
[10:37:46][用户]当前系统已使用CPU[18] 超过或达到系统设定阈值[10]
[10:37:47][用户]当前系统已使用CPU[20] 超过或达到系统设定阈值[10]
