2020-8-13 15:57:11 系统开始初始化！
2020-8-13 15:57:11 当前启动配置为：\\192.168.2.50\User\个人数据\编程\易语言编程\源码\Source 进程监控\1.2.8\Script\2.pms
2020-8-13 15:57:11 任务名：Test
2020-8-13 15:57:11 控制台可见：true
2020-8-13 15:57:11 当前运行模式：群控
2020-8-13 15:57:11 初始化通讯端口：22226 成功
2020-8-13 15:57:11 初始化完成！
2020-8-13 15:57:13 找到符合条件进程
2020-8-13 15:57:13 找到符合条件进程
2020-8-13 15:57:14 找到符合条件进程
2020-8-13 15:57:15 找到符合条件进程
2020-8-13 15:57:16 找到符合条件进程
2020-8-13 15:57:17 找到符合条件进程
2020-8-13 15:57:18 找到符合条件进程
2020-8-13 15:57:19 找到符合条件进程
2020-8-13 15:57:20 找到符合条件进程
2020-8-13 15:57:21 找到符合条件进程
2020-8-13 15:57:22 找到符合条件进程
2020-8-13 15:57:23 找到符合条件进程
2020-8-13 15:57:25 找到符合条件进程
2020-8-13 15:57:26 找到符合条件进程
2020-8-13 15:57:27 找到符合条件进程
2020-8-13 15:57:28 找到符合条件进程
2020-8-13 15:57:29 找到符合条件进程
2020-8-13 15:57:30 找到符合条件进程
2020-8-13 15:57:31 找到符合条件进程
2020-8-13 15:57:32 找到符合条件进程
2020-8-13 15:57:33 找到符合条件进程
2020-8-13 15:57:34 找到符合条件进程
2020-8-13 15:57:35 找到符合条件进程
2020-8-13 15:57:36 找到符合条件进程
2020-8-13 15:57:37 找到符合条件进程
2020-8-13 15:57:38 找到符合条件进程
2020-8-13 15:57:39 找到符合条件进程
2020-8-13 15:57:40 找到符合条件进程
2020-8-13 15:57:41 找到符合条件进程
2020-8-13 15:57:42 找到符合条件进程
2020-8-13 15:57:43 找到符合条件进程
2020-8-13 15:57:44 找到符合条件进程
2020-8-13 15:57:45 找到符合条件进程
2020-8-13 15:57:46 找到符合条件进程
2020-8-13 15:57:47 找到符合条件进程
2020-8-13 15:57:48 找到符合条件进程
2020-8-13 15:57:49 找到符合条件进程
2020-8-13 15:57:50 找到符合条件进程
2020-8-13 15:57:51 找到符合条件进程
2020-8-13 15:57:52 找到符合条件进程
2020-8-13 15:57:53 找到符合条件进程
2020-8-13 15:57:54 找到符合条件进程
2020-8-13 15:57:55 找到符合条件进程
2020-8-13 15:57:56 找到符合条件进程
2020-8-13 15:57:57 找到符合条件进程
2020-8-13 15:57:58 找到符合条件进程
2020-8-13 15:57:59 找到符合条件进程
2020-8-13 15:58:00 找到符合条件进程
2020-8-13 15:58:01 找到符合条件进程
2020-8-13 15:58:02 找到符合条件进程
2020-8-13 15:58:03 找到符合条件进程
2020-8-13 15:58:04 找到符合条件进程
2020-8-13 15:58:05 找到符合条件进程
2020-8-13 15:58:06 找到符合条件进程
2020-8-13 15:58:07 找到符合条件进程
2020-8-13 15:58:08 找到符合条件进程
2020-8-13 15:58:09 找到符合条件进程
2020-8-13 15:58:10 找到符合条件进程
2020-8-13 15:58:11 找到符合条件进程
2020-8-13 15:58:12 找到符合条件进程
2020-8-13 15:58:13 找到符合条件进程
2020-8-13 15:58:14 找到符合条件进程
2020-8-13 15:58:15 找到符合条件进程
2020-8-13 15:58:16 找到符合条件进程
2020-8-13 15:58:17 找到符合条件进程
2020-8-13 15:58:18 找到符合条件进程
2020-8-13 15:58:19 找到符合条件进程
2020-8-13 15:58:20 找到符合条件进程
