[21:40:45][系统] 系统开始初始化！
[21:40:45][系统] 当前启动配置为：Z:\个人数据\编程\易语言编程\源码\Source 全能监控(原Source 进程监控)\1.5.0\Script\4.pms
[21:40:45][系统] 任务名：abc
[21:40:45][系统] 控制台可见：true
[21:40:45][系统] 当前运行模式：群控
[21:40:45][系统] 初始化通讯端口：22226 成功
[21:40:45][系统] 初始化完成！
[21:40:52][用户] 启动监测
[21:40:54][用户] 当前系统已使用CPU[18] 超过或达到系统设定阈值[10]
[21:40:55][用户] 当前系统已使用CPU[26] 超过或达到系统设定阈值[10]
[21:40:56][用户] 当前系统已使用CPU[17] 超过或达到系统设定阈值[10]
[21:40:57][用户] 当前系统已使用CPU[14] 超过或达到系统设定阈值[10]
[21:40:58][用户] 当前系统已使用CPU[29] 超过或达到系统设定阈值[10]
[21:40:59][用户] 当前系统已使用CPU[23] 超过或达到系统设定阈值[10]
[21:41:00][用户] 当前系统已使用CPU[35] 超过或达到系统设定阈值[10]
[21:41:01][用户] 当前系统已使用CPU[37] 超过或达到系统设定阈值[10]
[21:41:02][用户] 当前系统已使用CPU[20] 超过或达到系统设定阈值[10]
[21:41:03][用户] 当前系统已使用CPU[17] 超过或达到系统设定阈值[10]
[21:41:04][用户] 当前系统已使用CPU[33] 超过或达到系统设定阈值[10]
[21:41:05][用户] 当前系统已使用CPU[17] 超过或达到系统设定阈值[10]
[21:41:06][用户] 当前系统已使用CPU[20] 超过或达到系统设定阈值[10]
[21:41:07][用户] 当前系统已使用CPU[27] 超过或达到系统设定阈值[10]
[21:41:08][用户] 当前系统已使用CPU[26] 超过或达到系统设定阈值[10]
[21:41:09][用户] 当前系统已使用CPU[16] 超过或达到系统设定阈值[10]
[21:41:10][用户] 当前系统已使用CPU[28] 超过或达到系统设定阈值[10]
[21:41:11][用户] 当前系统已使用CPU[17] 超过或达到系统设定阈值[10]
[21:41:12][用户] 当前系统已使用CPU[18] 超过或达到系统设定阈值[10]
[21:41:13][用户] 当前系统已使用CPU[38] 超过或达到系统设定阈值[10]
[21:41:14][用户] 当前系统已使用CPU[23] 超过或达到系统设定阈值[10]
[21:41:15][用户] 当前系统已使用CPU[15] 超过或达到系统设定阈值[10]
[21:41:16][用户] 当前系统已使用CPU[34] 超过或达到系统设定阈值[10]
[21:41:17][用户] 当前系统已使用CPU[18] 超过或达到系统设定阈值[10]
[21:41:18][用户] 当前系统已使用CPU[22] 超过或达到系统设定阈值[10]
[21:41:19][用户] 当前系统已使用CPU[32] 超过或达到系统设定阈值[10]
[21:41:20][用户] 当前系统已使用CPU[22] 超过或达到系统设定阈值[10]
[21:41:21][用户] 当前系统已使用CPU[18] 超过或达到系统设定阈值[10]
[21:41:22][用户] 当前系统已使用CPU[32] 超过或达到系统设定阈值[10]
[21:41:23][用户] 当前系统已使用CPU[19] 超过或达到系统设定阈值[10]
[21:41:24][用户] 当前系统已使用CPU[16] 超过或达到系统设定阈值[10]
[21:41:25][用户] 当前系统已使用CPU[28] 超过或达到系统设定阈值[10]
[21:41:26][用户] 当前系统已使用CPU[16] 超过或达到系统设定阈值[10]
[21:41:27][用户] 当前系统已使用CPU[20] 超过或达到系统设定阈值[10]
[21:41:28][用户] 当前系统已使用CPU[32] 超过或达到系统设定阈值[10]
[21:41:29][用户] 当前系统已使用CPU[24] 超过或达到系统设定阈值[10]
[21:41:30][用户] 当前系统已使用CPU[23] 超过或达到系统设定阈值[10]
[21:41:31][用户] 当前系统已使用CPU[35] 超过或达到系统设定阈值[10]
[21:41:32][用户] 当前系统已使用CPU[23] 超过或达到系统设定阈值[10]
[21:41:33][用户] 当前系统已使用CPU[22] 超过或达到系统设定阈值[10]
[21:41:34][用户] 当前系统已使用CPU[31] 超过或达到系统设定阈值[10]
[21:41:35][用户] 当前系统已使用CPU[15] 超过或达到系统设定阈值[10]
[21:41:36][用户] 当前系统已使用CPU[18] 超过或达到系统设定阈值[10]
[21:41:37][用户] 当前系统已使用CPU[30] 超过或达到系统设定阈值[10]
[21:41:38][用户] 当前系统已使用CPU[15] 超过或达到系统设定阈值[10]
[21:41:39][用户] 当前系统已使用CPU[12] 超过或达到系统设定阈值[10]
[21:41:40][用户] 当前系统已使用CPU[28] 超过或达到系统设定阈值[10]
[21:41:41][用户] 当前系统已使用CPU[16] 超过或达到系统设定阈值[10]
[21:41:42][用户] 当前系统已使用CPU[15] 超过或达到系统设定阈值[10]
[21:41:43][用户] 当前系统已使用CPU[33] 超过或达到系统设定阈值[10]
[21:41:44][用户] 当前系统已使用CPU[24] 超过或达到系统设定阈值[10]
[21:41:45][用户] 当前系统已使用CPU[20] 超过或达到系统设定阈值[10]
[21:41:46][用户] 当前系统已使用CPU[31] 超过或达到系统设定阈值[10]
[21:41:47][用户] 当前系统已使用CPU[18] 超过或达到系统设定阈值[10]
[21:41:48][用户] 当前系统已使用CPU[20] 超过或达到系统设定阈值[10]
[21:41:49][用户] 当前系统已使用CPU[25] 超过或达到系统设定阈值[10]
[21:41:50][用户] 当前系统已使用CPU[10] 超过或达到系统设定阈值[10]
[21:41:51][用户] 当前系统已使用CPU[20] 超过或达到系统设定阈值[10]
[21:41:52][用户] 当前系统已使用CPU[27] 超过或达到系统设定阈值[10]
[21:41:53][用户] 当前系统已使用CPU[12] 超过或达到系统设定阈值[10]
[21:41:54][用户] 当前系统已使用CPU[15] 超过或达到系统设定阈值[10]
[21:41:55][用户] 当前系统已使用CPU[23] 超过或达到系统设定阈值[10]
[21:41:56][用户] 当前系统已使用CPU[19] 超过或达到系统设定阈值[10]
[21:41:57][用户] 当前系统已使用CPU[16] 超过或达到系统设定阈值[10]
[21:41:58][用户] 当前系统已使用CPU[32] 超过或达到系统设定阈值[10]
[21:41:59][用户] 当前系统已使用CPU[25] 超过或达到系统设定阈值[10]
[21:42:00][用户] 当前系统已使用CPU[24] 超过或达到系统设定阈值[10]
[21:42:01][用户] 当前系统已使用CPU[37] 超过或达到系统设定阈值[10]
[21:42:02][用户] 当前系统已使用CPU[25] 超过或达到系统设定阈值[10]
[21:42:03][用户] 当前系统已使用CPU[18] 超过或达到系统设定阈值[10]
[21:42:04][用户] 当前系统已使用CPU[31] 超过或达到系统设定阈值[10]
[21:42:05][用户] 当前系统已使用CPU[18] 超过或达到系统设定阈值[10]
[21:42:06][用户] 当前系统已使用CPU[20] 超过或达到系统设定阈值[10]
[21:42:07][用户] 当前系统已使用CPU[30] 超过或达到系统设定阈值[10]
[21:42:08][用户] 当前系统已使用CPU[25] 超过或达到系统设定阈值[10]
[21:42:09][用户] 当前系统已使用CPU[23] 超过或达到系统设定阈值[10]
[21:42:10][用户] 当前系统已使用CPU[29] 超过或达到系统设定阈值[10]
[21:42:11][用户] 当前系统已使用CPU[18] 超过或达到系统设定阈值[10]
[21:42:12][用户] 当前系统已使用CPU[18] 超过或达到系统设定阈值[10]
[21:42:13][用户] 当前系统已使用CPU[32] 超过或达到系统设定阈值[10]
[21:42:14][用户] 当前系统已使用CPU[14] 超过或达到系统设定阈值[10]
[21:42:15][用户] 当前系统已使用CPU[21] 超过或达到系统设定阈值[10]
[21:42:16][用户] 当前系统已使用CPU[33] 超过或达到系统设定阈值[10]
[21:42:17][用户] 当前系统已使用CPU[22] 超过或达到系统设定阈值[10]
[21:42:18][用户] 当前系统已使用CPU[24] 超过或达到系统设定阈值[10]
[21:42:19][用户] 当前系统已使用CPU[30] 超过或达到系统设定阈值[10]
[21:42:20][用户] 当前系统已使用CPU[24] 超过或达到系统设定阈值[10]
[21:42:21][用户] 当前系统已使用CPU[19] 超过或达到系统设定阈值[10]
[21:42:22][用户] 当前系统已使用CPU[31] 超过或达到系统设定阈值[10]
[21:42:23][用户] 当前系统已使用CPU[20] 超过或达到系统设定阈值[10]
[21:42:24][用户] 当前系统已使用CPU[16] 超过或达到系统设定阈值[10]
[21:42:25][用户] 当前系统已使用CPU[30] 超过或达到系统设定阈值[10]
[21:42:26][用户] 当前系统已使用CPU[19] 超过或达到系统设定阈值[10]
[21:42:27][用户] 当前系统已使用CPU[18] 超过或达到系统设定阈值[10]
[21:42:28][用户] 当前系统已使用CPU[31] 超过或达到系统设定阈值[10]
[21:42:29][用户] 当前系统已使用CPU[25] 超过或达到系统设定阈值[10]
[21:42:30][用户] 当前系统已使用CPU[19] 超过或达到系统设定阈值[10]
[21:42:31][用户] 当前系统已使用CPU[31] 超过或达到系统设定阈值[10]
[21:42:32][用户] 当前系统已使用CPU[20] 超过或达到系统设定阈值[10]
[21:42:33][用户] 当前系统已使用CPU[19] 超过或达到系统设定阈值[10]
[21:42:34][用户] 当前系统已使用CPU[32] 超过或达到系统设定阈值[10]
[21:42:35][用户] 当前系统已使用CPU[15] 超过或达到系统设定阈值[10]
[21:42:36][用户] 当前系统已使用CPU[22] 超过或达到系统设定阈值[10]
[21:42:37][用户] 当前系统已使用CPU[30] 超过或达到系统设定阈值[10]
[21:42:38][用户] 当前系统已使用CPU[15] 超过或达到系统设定阈值[10]
[21:42:39][用户] 当前系统已使用CPU[20] 超过或达到系统设定阈值[10]
[21:42:40][用户] 当前系统已使用CPU[28] 超过或达到系统设定阈值[10]
[21:42:41][用户] 当前系统已使用CPU[18] 超过或达到系统设定阈值[10]
[21:42:42][用户] 当前系统已使用CPU[16] 超过或达到系统设定阈值[10]
[21:42:43][用户] 当前系统已使用CPU[34] 超过或达到系统设定阈值[10]
[21:42:44][用户] 当前系统已使用CPU[19] 超过或达到系统设定阈值[10]
[21:42:45][用户] 当前系统已使用CPU[23] 超过或达到系统设定阈值[10]
[21:42:46][用户] 当前系统已使用CPU[32] 超过或达到系统设定阈值[10]
[21:42:47][用户] 当前系统已使用CPU[15] 超过或达到系统设定阈值[10]
[21:42:48][用户] 当前系统已使用CPU[15] 超过或达到系统设定阈值[10]
[21:42:49][用户] 当前系统已使用CPU[28] 超过或达到系统设定阈值[10]
[21:42:50][用户] 当前系统已使用CPU[27] 超过或达到系统设定阈值[10]
[21:42:51][用户] 当前系统已使用CPU[13] 超过或达到系统设定阈值[10]
[21:42:52][用户] 当前系统已使用CPU[27] 超过或达到系统设定阈值[10]
[21:42:53][用户] 当前系统已使用CPU[15] 超过或达到系统设定阈值[10]
[21:42:54][用户] 当前系统已使用CPU[17] 超过或达到系统设定阈值[10]
[21:42:55][用户] 当前系统已使用CPU[32] 超过或达到系统设定阈值[10]
[21:42:56][用户] 当前系统已使用CPU[23] 超过或达到系统设定阈值[10]
[21:42:57][用户] 当前系统已使用CPU[21] 超过或达到系统设定阈值[10]
[21:42:58][用户] 当前系统已使用CPU[31] 超过或达到系统设定阈值[10]
[21:42:59][用户] 当前系统已使用CPU[23] 超过或达到系统设定阈值[10]
[21:43:00][用户] 当前系统已使用CPU[26] 超过或达到系统设定阈值[10]
[21:43:01][用户] 当前系统已使用CPU[31] 超过或达到系统设定阈值[10]
[21:43:02][用户] 当前系统已使用CPU[17] 超过或达到系统设定阈值[10]
[21:43:03][用户] 当前系统已使用CPU[18] 超过或达到系统设定阈值[10]
[21:43:04][用户] 当前系统已使用CPU[35] 超过或达到系统设定阈值[10]
[21:43:05][用户] 当前系统已使用CPU[13] 超过或达到系统设定阈值[10]
[21:43:06][用户] 当前系统已使用CPU[18] 超过或达到系统设定阈值[10]
[21:43:07][用户] 当前系统已使用CPU[35] 超过或达到系统设定阈值[10]
[21:43:08][用户] 当前系统已使用CPU[26] 超过或达到系统设定阈值[10]
[21:43:09][用户] 当前系统已使用CPU[20] 超过或达到系统设定阈值[10]
[21:43:10][用户] 当前系统已使用CPU[30] 超过或达到系统设定阈值[10]
[21:43:11][用户] 当前系统已使用CPU[24] 超过或达到系统设定阈值[10]
[21:43:12][用户] 当前系统已使用CPU[17] 超过或达到系统设定阈值[10]
[21:43:13][用户] 当前系统已使用CPU[35] 超过或达到系统设定阈值[10]
[21:43:14][用户] 当前系统已使用CPU[14] 超过或达到系统设定阈值[10]
[21:43:15][用户] 当前系统已使用CPU[23] 超过或达到系统设定阈值[10]
[21:43:16][用户] 当前系统已使用CPU[37] 超过或达到系统设定阈值[10]
[21:43:17][用户] 当前系统已使用CPU[18] 超过或达到系统设定阈值[10]
[21:43:18][用户] 当前系统已使用CPU[17] 超过或达到系统设定阈值[10]
[21:43:19][用户] 当前系统已使用CPU[30] 超过或达到系统设定阈值[10]
[21:43:20][用户] 当前系统已使用CPU[13] 超过或达到系统设定阈值[10]
[21:43:21][用户] 当前系统已使用CPU[24] 超过或达到系统设定阈值[10]
[21:43:22][用户] 当前系统已使用CPU[30] 超过或达到系统设定阈值[10]
[21:43:23][用户] 当前系统已使用CPU[16] 超过或达到系统设定阈值[10]
[21:43:24][用户] 当前系统已使用CPU[22] 超过或达到系统设定阈值[10]
[21:43:25][用户] 当前系统已使用CPU[31] 超过或达到系统设定阈值[10]
[21:43:26][用户] 当前系统已使用CPU[19] 超过或达到系统设定阈值[10]
[21:43:27][用户] 当前系统已使用CPU[19] 超过或达到系统设定阈值[10]
[21:43:28][用户] 当前系统已使用CPU[34] 超过或达到系统设定阈值[10]
[21:43:29][用户] 当前系统已使用CPU[21] 超过或达到系统设定阈值[10]
[21:43:30][用户] 当前系统已使用CPU[21] 超过或达到系统设定阈值[10]
[21:43:31][用户] 当前系统已使用CPU[39] 超过或达到系统设定阈值[10]
[21:43:32][用户] 当前系统已使用CPU[17] 超过或达到系统设定阈值[10]
[21:43:33][用户] 当前系统已使用CPU[23] 超过或达到系统设定阈值[10]
[21:43:34][用户] 当前系统已使用CPU[36] 超过或达到系统设定阈值[10]
[21:43:35][用户] 当前系统已使用CPU[15] 超过或达到系统设定阈值[10]
[21:43:36][用户] 当前系统已使用CPU[18] 超过或达到系统设定阈值[10]
[21:43:37][用户] 当前系统已使用CPU[32] 超过或达到系统设定阈值[10]
[21:43:38][用户] 当前系统已使用CPU[17] 超过或达到系统设定阈值[10]
[21:43:39][用户] 当前系统已使用CPU[19] 超过或达到系统设定阈值[10]
[21:43:40][用户] 当前系统已使用CPU[28] 超过或达到系统设定阈值[10]
[21:43:41][用户] 当前系统已使用CPU[18] 超过或达到系统设定阈值[10]
[21:43:42][用户] 当前系统已使用CPU[23] 超过或达到系统设定阈值[10]
[21:43:43][用户] 当前系统已使用CPU[33] 超过或达到系统设定阈值[10]
[21:43:44][用户] 当前系统已使用CPU[19] 超过或达到系统设定阈值[10]
[21:43:45][用户] 当前系统已使用CPU[20] 超过或达到系统设定阈值[10]
[21:43:46][用户] 当前系统已使用CPU[38] 超过或达到系统设定阈值[10]
[21:43:47][用户] 当前系统已使用CPU[24] 超过或达到系统设定阈值[10]
[21:43:48][用户] 当前系统已使用CPU[13] 超过或达到系统设定阈值[10]
[21:43:49][用户] 当前系统已使用CPU[33] 超过或达到系统设定阈值[10]
[21:43:50][用户] 当前系统已使用CPU[14] 超过或达到系统设定阈值[10]
[21:43:51][用户] 当前系统已使用CPU[16] 超过或达到系统设定阈值[10]
[21:43:52][用户] 当前系统已使用CPU[29] 超过或达到系统设定阈值[10]
[21:43:53][用户] 当前系统已使用CPU[11] 超过或达到系统设定阈值[10]
[21:43:54][用户] 当前系统已使用CPU[17] 超过或达到系统设定阈值[10]
[21:43:55][用户] 当前系统已使用CPU[32] 超过或达到系统设定阈值[10]
[21:43:56][用户] 当前系统已使用CPU[17] 超过或达到系统设定阈值[10]
[21:43:57][用户] 当前系统已使用CPU[31] 超过或达到系统设定阈值[10]
[21:43:58][用户] 当前系统已使用CPU[32] 超过或达到系统设定阈值[10]
[21:43:59][用户] 当前系统已使用CPU[23] 超过或达到系统设定阈值[10]
[21:44:00][用户] 当前系统已使用CPU[28] 超过或达到系统设定阈值[10]
[21:44:01][用户] 当前系统已使用CPU[35] 超过或达到系统设定阈值[10]
[21:44:02][用户] 当前系统已使用CPU[23] 超过或达到系统设定阈值[10]
[21:44:03][用户] 当前系统已使用CPU[23] 超过或达到系统设定阈值[10]
[21:44:04][用户] 当前系统已使用CPU[32] 超过或达到系统设定阈值[10]
[21:44:05][用户] 当前系统已使用CPU[15] 超过或达到系统设定阈值[10]
[21:44:06][用户] 当前系统已使用CPU[22] 超过或达到系统设定阈值[10]
[21:44:07][用户] 当前系统已使用CPU[34] 超过或达到系统设定阈值[10]
[21:44:08][用户] 当前系统已使用CPU[19] 超过或达到系统设定阈值[10]
[21:44:09][用户] 当前系统已使用CPU[14] 超过或达到系统设定阈值[10]
[21:44:10][用户] 当前系统已使用CPU[29] 超过或达到系统设定阈值[10]
[21:44:11][用户] 当前系统已使用CPU[23] 超过或达到系统设定阈值[10]
[21:44:12][用户] 当前系统已使用CPU[19] 超过或达到系统设定阈值[10]
[21:44:13][用户] 当前系统已使用CPU[33] 超过或达到系统设定阈值[10]
[21:44:14][用户] 当前系统已使用CPU[17] 超过或达到系统设定阈值[10]
[21:44:15][用户] 当前系统已使用CPU[18] 超过或达到系统设定阈值[10]
[21:44:16][用户] 当前系统已使用CPU[36] 超过或达到系统设定阈值[10]
[21:44:17][用户] 当前系统已使用CPU[20] 超过或达到系统设定阈值[10]
[21:44:18][用户] 当前系统已使用CPU[21] 超过或达到系统设定阈值[10]
[21:44:19][用户] 当前系统已使用CPU[37] 超过或达到系统设定阈值[10]
[21:44:20][用户] 当前系统已使用CPU[16] 超过或达到系统设定阈值[10]
[21:44:21][用户] 当前系统已使用CPU[31] 超过或达到系统设定阈值[10]
[21:44:22][用户] 当前系统已使用CPU[35] 超过或达到系统设定阈值[10]
[21:44:23][用户] 当前系统已使用CPU[29] 超过或达到系统设定阈值[10]
[21:44:24][用户] 当前系统已使用CPU[22] 超过或达到系统设定阈值[10]
[21:44:25][用户] 当前系统已使用CPU[30] 超过或达到系统设定阈值[10]
[21:44:26][用户] 当前系统已使用CPU[18] 超过或达到系统设定阈值[10]
[21:44:27][用户] 当前系统已使用CPU[16] 超过或达到系统设定阈值[10]
[21:44:28][用户] 当前系统已使用CPU[35] 超过或达到系统设定阈值[10]
[21:44:29][用户] 当前系统已使用CPU[25] 超过或达到系统设定阈值[10]
[21:44:30][用户] 当前系统已使用CPU[20] 超过或达到系统设定阈值[10]
[21:44:31][用户] 当前系统已使用CPU[36] 超过或达到系统设定阈值[10]
[21:44:32][用户] 当前系统已使用CPU[23] 超过或达到系统设定阈值[10]
[21:44:33][用户] 当前系统已使用CPU[23] 超过或达到系统设定阈值[10]
[21:44:34][用户] 当前系统已使用CPU[34] 超过或达到系统设定阈值[10]
[21:44:35][用户] 当前系统已使用CPU[20] 超过或达到系统设定阈值[10]
[21:44:36][用户] 当前系统已使用CPU[26] 超过或达到系统设定阈值[10]
[21:44:37][用户] 当前系统已使用CPU[31] 超过或达到系统设定阈值[10]
[21:44:38][用户] 当前系统已使用CPU[21] 超过或达到系统设定阈值[10]
[21:44:39][用户] 当前系统已使用CPU[20] 超过或达到系统设定阈值[10]
[21:44:40][用户] 当前系统已使用CPU[35] 超过或达到系统设定阈值[10]
[21:44:41][用户] 当前系统已使用CPU[25] 超过或达到系统设定阈值[10]
[21:44:42][用户] 当前系统已使用CPU[17] 超过或达到系统设定阈值[10]
[21:44:43][用户] 当前系统已使用CPU[34] 超过或达到系统设定阈值[10]
[21:44:44][用户] 当前系统已使用CPU[23] 超过或达到系统设定阈值[10]
[21:44:45][用户] 当前系统已使用CPU[35] 超过或达到系统设定阈值[10]
[21:44:46][用户] 当前系统已使用CPU[42] 超过或达到系统设定阈值[10]
[21:44:47][用户] 当前系统已使用CPU[25] 超过或达到系统设定阈值[10]
[21:44:48][用户] 当前系统已使用CPU[21] 超过或达到系统设定阈值[10]
[21:44:49][用户] 当前系统已使用CPU[35] 超过或达到系统设定阈值[10]
[21:44:50][用户] 当前系统已使用CPU[15] 超过或达到系统设定阈值[10]
[21:44:51][用户] 当前系统已使用CPU[13] 超过或达到系统设定阈值[10]
[21:44:52][用户] 当前系统已使用CPU[33] 超过或达到系统设定阈值[10]
[21:44:53][用户] 当前系统已使用CPU[15] 超过或达到系统设定阈值[10]
[21:44:54][用户] 当前系统已使用CPU[21] 超过或达到系统设定阈值[10]
[21:44:55][用户] 当前系统已使用CPU[32] 超过或达到系统设定阈值[10]
[21:44:56][用户] 当前系统已使用CPU[20] 超过或达到系统设定阈值[10]
[21:44:57][用户] 当前系统已使用CPU[17] 超过或达到系统设定阈值[10]
[21:44:58][用户] 当前系统已使用CPU[32] 超过或达到系统设定阈值[10]
[21:44:59][用户] 当前系统已使用CPU[14] 超过或达到系统设定阈值[10]
[21:45:00][用户] 当前系统已使用CPU[20] 超过或达到系统设定阈值[10]
[21:45:01][用户] 当前系统已使用CPU[40] 超过或达到系统设定阈值[10]
[21:45:02][用户] 当前系统已使用CPU[28] 超过或达到系统设定阈值[10]
[21:45:03][用户] 当前系统已使用CPU[22] 超过或达到系统设定阈值[10]
[21:45:04][用户] 当前系统已使用CPU[37] 超过或达到系统设定阈值[10]
[21:45:05][用户] 当前系统已使用CPU[23] 超过或达到系统设定阈值[10]
[21:45:06][用户] 当前系统已使用CPU[17] 超过或达到系统设定阈值[10]
[21:45:07][用户] 当前系统已使用CPU[36] 超过或达到系统设定阈值[10]
[21:45:08][用户] 当前系统已使用CPU[35] 超过或达到系统设定阈值[10]
[21:45:09][用户] 当前系统已使用CPU[19] 超过或达到系统设定阈值[10]
[21:45:10][用户] 当前系统已使用CPU[37] 超过或达到系统设定阈值[10]
[21:45:11][用户] 当前系统已使用CPU[19] 超过或达到系统设定阈值[10]
[21:45:12][用户] 当前系统已使用CPU[19] 超过或达到系统设定阈值[10]
[21:45:13][用户] 当前系统已使用CPU[33] 超过或达到系统设定阈值[10]
[21:45:14][用户] 当前系统已使用CPU[25] 超过或达到系统设定阈值[10]
[21:45:15][用户] 当前系统已使用CPU[24] 超过或达到系统设定阈值[10]
[21:45:16][用户] 当前系统已使用CPU[31] 超过或达到系统设定阈值[10]
[21:45:17][用户] 当前系统已使用CPU[21] 超过或达到系统设定阈值[10]
[21:45:18][用户] 当前系统已使用CPU[19] 超过或达到系统设定阈值[10]
[21:45:19][用户] 当前系统已使用CPU[31] 超过或达到系统设定阈值[10]
[21:45:20][用户] 当前系统已使用CPU[20] 超过或达到系统设定阈值[10]
[21:45:21][用户] 当前系统已使用CPU[15] 超过或达到系统设定阈值[10]
[21:45:22][用户] 当前系统已使用CPU[27] 超过或达到系统设定阈值[10]
[21:45:23][用户] 当前系统已使用CPU[15] 超过或达到系统设定阈值[10]
[21:45:24][用户] 当前系统已使用CPU[18] 超过或达到系统设定阈值[10]
