2020-8-14 10:27:14 系统开始初始化！
2020-8-14 10:27:14 当前启动配置为：\\192.168.2.50\User\个人数据\编程\易语言编程\源码\Source 进程监控\1.2.8\Script\2.pms
2020-8-14 10:27:14 任务名：Test
2020-8-14 10:27:14 当前运行模式：群控
2020-8-14 10:27:14 初始化通讯端口：22226 成功
2020-8-14 10:27:14 初始化完成！
2020-8-14 10:27:16 找到符合条件进程
2020-8-14 10:27:16 找到符合条件进程
2020-8-14 10:27:17 找到符合条件进程
2020-8-14 10:27:18 找到符合条件进程
2020-8-14 10:27:19 找到符合条件进程
2020-8-14 10:27:20 找到符合条件进程
2020-8-14 10:27:21 找到符合条件进程
2020-8-14 10:27:22 找到符合条件进程
2020-8-14 10:27:23 找到符合条件进程
2020-8-14 10:27:24 找到符合条件进程
2020-8-14 10:27:25 找到符合条件进程
2020-8-14 10:27:26 找到符合条件进程
2020-8-14 10:27:27 找到符合条件进程
2020-8-14 10:27:28 找到符合条件进程
2020-8-14 10:27:29 找到符合条件进程
2020-8-14 10:27:30 找到符合条件进程
