2020-10-25 18:24:08 系统开始初始化！
2020-10-25 18:24:08 当前启动配置为：Z:\个人数据\编程\易语言编程\源码\Source 全能监控(原Source 进程监控)\1.3.0\Script\3.pms
2020-10-25 18:24:08 任务名：Test
2020-10-25 18:24:08 控制台可见：true
2020-10-25 18:24:08 当前运行模式：单机
2020-10-25 18:24:08 初始化完成！
2020-10-25 18:24:10 0
2020-10-25 18:24:11 0
2020-10-25 18:24:12 0
2020-10-25 18:24:13 0
2020-10-25 18:24:14 0
2020-10-25 18:24:15 0
2020-10-25 18:24:16 0
2020-10-25 18:24:17 0
2020-10-25 18:24:18 0
2020-10-25 18:24:19 0
2020-10-25 18:24:20 0
2020-10-25 18:24:21 0
2020-10-25 18:24:22 0
2020-10-25 18:24:23 0
2020-10-25 18:24:24 0
2020-10-25 18:24:25 0
2020-10-25 18:24:26 0
2020-10-25 18:24:27 0
2020-10-25 18:24:28 0
2020-10-25 18:24:29 0
2020-10-25 18:24:30 0
2020-10-25 18:24:31 0
2020-10-25 18:24:32 0
2020-10-25 18:24:33 0
2020-10-25 18:24:34 0
2020-10-25 18:24:35 0
2020-10-25 18:24:36 0
2020-10-25 18:24:37 0
