2020-8-13 15:59:00 系统开始初始化！
2020-8-13 15:59:00 当前启动配置为：\\192.168.2.50\User\个人数据\编程\易语言编程\源码\Source 进程监控\1.2.8\Script\2.pms
2020-8-13 15:59:01 任务名：Test
2020-8-13 15:59:01 当前运行模式：群控
2020-8-13 15:59:01 初始化通讯端口：22226 成功
2020-8-13 15:59:01 初始化完成！
2020-8-13 15:59:03 找到符合条件进程
2020-8-13 15:59:03 找到符合条件进程
2020-8-13 15:59:04 找到符合条件进程
2020-8-13 15:59:05 找到符合条件进程
2020-8-13 15:59:06 找到符合条件进程
2020-8-13 15:59:07 找到符合条件进程
2020-8-13 15:59:08 找到符合条件进程
2020-8-13 15:59:09 找到符合条件进程
2020-8-13 15:59:10 找到符合条件进程
2020-8-13 15:59:11 找到符合条件进程
2020-8-13 15:59:12 找到符合条件进程
2020-8-13 15:59:13 找到符合条件进程
2020-8-13 15:59:14 找到符合条件进程
2020-8-13 15:59:15 找到符合条件进程
2020-8-13 15:59:16 找到符合条件进程
2020-8-13 15:59:17 找到符合条件进程
2020-8-13 15:59:18 找到符合条件进程
2020-8-13 15:59:19 找到符合条件进程
