
[2020-5-3 11:46:41][System]初始化结束....
[2020-5-3 11:47:28][System]程序退出
[2020-5-3 11:48:26][System]初始化结束....
[2020-5-3 11:49:03][System]程序退出
[2020-5-3 11:49:57][System]初始化结束....
[2020-5-3 11:50:06][System]程序退出
[2020-5-3 11:50:30][System]初始化结束....
[2020-5-3 11:50:46][System]程序退出
[2020-5-3 11:53:55][System]初始化结束....
[2020-5-3 11:54:14][System]程序退出
[2020-5-3 11:55:09][System]初始化结束....
[2020-5-3 11:55:36][System]程序退出
[2020-5-3 11:56:25][System]初始化结束....
[2020-5-3 11:56:28][System]程序退出
[2020-5-3 12:09:46][System]初始化结束....
[2020-5-3 12:10:13][Info]任务ID:1状态变更为 启动
[2020-5-3 12:10:18][Info]任务ID：1 触发命中，当前已命中次数：1
[2020-5-3 12:10:18][Warning]当前任务ID：1 触发计数已达到阀值，设定值：1 当前值：1
[2020-5-3 12:10:19][Warning]当前任务ID：1 联动启动，启动任务ID：3
[2020-5-3 12:10:27][Info]任务ID:3状态变更为 停止
[2020-5-3 12:14:49][Warning]当前任务ID：1 联动启动，启动任务ID：3
[2020-5-3 12:15:04][Info]任务ID:3状态变更为 停止
[2020-5-3 12:15:04][System]程序退出
[2020-5-3 12:29:00][System]初始化结束....
[2020-5-3 12:29:01][System]程序退出
[2020-5-3 12:33:08][System]初始化结束....
[2020-5-3 12:33:11][Info]任务ID:1状态变更为 启动
[2020-5-3 12:33:32][Info]任务ID:1当前处于停止状态
[2020-5-3 12:33:41][System]程序退出
[2020-5-3 12:34:28][System]初始化结束....
[2020-5-3 12:34:31][Info]任务ID:1状态变更为 启动
[2020-5-3 12:34:38][System]程序退出
[2020-5-3 12:35:20][System]初始化结束....
[2020-5-3 12:35:23][Info]任务ID:1状态变更为 启动
[2020-5-3 12:35:36][Info]任务ID：1 触发命中，当前已命中次数：1
[2020-5-3 12:35:37][Warning]当前任务ID：1 触发计数已达到阀值，设定值：1 当前值：1
[2020-5-3 12:35:38][Warning]当前任务ID：1 联动启动，启动任务ID：3
[2020-5-3 12:37:38][Info]任务ID:3状态变更为 停止
[2020-5-3 12:37:38][System]程序退出