
[2020-4-27 09:55:17][System]初始化完成....
[2020-4-27 09:55:31][System]程序退出
[2020-4-27 10:00:11][System]初始化完成....
[2020-4-27 10:00:37][Info]任务ID:1状态变更为 启动
[2020-4-27 10:00:42][Info]任务ID:2状态变更为 启动
[2020-4-27 10:00:47][Info]任务ID:3状态变更为 启动
[2020-4-27 10:01:13][Info]任务ID:3状态变更为 停止
[2020-4-27 10:01:13][Info]任务ID:3状态变更为 停止
[2020-4-27 10:01:13][System]程序退出
[2020-4-27 10:02:24][System]初始化完成....
[2020-4-27 10:02:30][Info]任务ID:1状态变更为 启动
[2020-4-27 10:02:35][Info]任务ID:2状态变更为 启动
[2020-4-27 10:02:39][Info]任务ID:3状态变更为 启动
[2020-4-27 10:02:51][Info]任务ID:2状态变更为 停止
[2020-4-27 10:02:51][Info]任务ID:3状态变更为 停止
[2020-4-27 10:02:51][System]程序退出
[2020-4-27 10:03:52][System]初始化完成....
[2020-4-27 10:03:56][Info]任务ID:3状态变更为 停止
[2020-4-27 10:03:56][System]程序退出
[2020-4-27 10:05:03][System]初始化完成....
[2020-4-27 10:05:09][Info]任务ID:1状态变更为 启动
[2020-4-27 10:05:24][Info]任务ID:2状态变更为 启动
[2020-4-27 10:05:29][Info]任务ID:3状态变更为 启动
[2020-4-27 10:05:35][Info]任务ID:2状态变更为 停止
[2020-4-27 10:05:35][Info]任务ID:3状态变更为 停止
[2020-4-27 10:05:35][System]程序退出
[2020-4-27 10:06:14][System]初始化完成....
[2020-4-27 10:06:20][Info]任务ID:1状态变更为 启动
[2020-4-27 10:06:26][Info]任务ID:3状态变更为 启动
[2020-4-27 10:06:30][Info]任务ID:3状态变更为 停止
[2020-4-27 10:06:30][System]程序退出
[2020-4-27 10:12:35][System]初始化完成....
[2020-4-27 10:12:44][Info]任务ID:1状态变更为 启动
[2020-4-27 10:12:47][Info]任务ID:3状态变更为 停止
[2020-4-27 10:12:47][System]程序退出
[2020-4-27 10:13:45][System]初始化完成....
[2020-4-27 10:13:52][Info]任务ID:3状态变更为 停止
[2020-4-27 10:13:52][System]程序退出
[2020-4-27 10:22:34][System]初始化完成....
[2020-4-27 10:22:44][Info]任务ID:1状态变更为 启动
[2020-4-27 10:22:59][Info]任务ID:3状态变更为 启动
[2020-4-27 10:23:02][Info]任务ID:3状态变更为 停止
[2020-4-27 10:23:05][Info]任务ID:1状态变更为 停止
[2020-4-27 10:23:08][Info]任务ID:1状态变更为 启动
[2020-4-27 10:23:13][Info]任务ID:3状态变更为 启动
[2020-4-27 10:23:16][Info]任务ID:3状态变更为 停止
[2020-4-27 10:23:16][System]程序退出
[2020-4-27 10:27:23][System]初始化完成....
[2020-4-27 10:29:23][System]程序退出
[2020-4-27 10:56:36][System]初始化完成....
[2020-4-27 10:58:00][Info]任务ID:3状态变更为 停止
[2020-4-27 10:58:12][Info]任务ID:3状态变更为 停止
[2020-4-27 10:58:12][System]程序退出
[2020-4-27 11:04:33][System]初始化完成....
[2020-4-27 11:07:23][System]程序退出
[2020-4-27 11:07:33][System]初始化完成....
[2020-4-27 11:07:38][Info]任务ID:1状态变更为 启动
[2020-4-27 11:07:39][Info]任务ID:2状态变更为 启动
[2020-4-27 11:07:40][Info]任务ID:3状态变更为 启动
[2020-4-27 11:10:44][Info]任务ID:1状态变更为 停止
[2020-4-27 11:10:45][Info]任务ID:2状态变更为 停止
[2020-4-27 11:10:45][Info]任务ID:3状态变更为 停止
[2020-4-27 11:10:50][System]程序退出
[2020-4-27 11:36:19][System]初始化完成....
[2020-4-27 11:36:38][System]程序退出
[2020-4-27 11:36:50][System]初始化完成....
[2020-4-27 12:41:47][System]程序退出
[2020-4-27 12:54:01][System]初始化完成....
[2020-4-27 12:54:04][System]程序退出
[2020-4-27 15:18:41][System]初始化完成....
[2020-4-27 15:18:45][Info]任务ID:1状态变更为 启动
[2020-4-27 15:18:48][Info]任务ID：1 触发命中，当前已命中次数：1
[2020-4-27 15:19:45][System]程序退出
[2020-4-27 15:22:54][System]初始化完成....
[2020-4-27 15:22:58][Info]任务ID:1状态变更为 启动
[2020-4-27 15:23:02][Info]任务ID：1 触发命中，当前已命中次数：1
[2020-4-27 15:23:25][System]程序退出
[2020-4-27 15:26:19][System]初始化完成....
[2020-4-27 15:26:26][Info]任务ID:2状态变更为 启动
[2020-4-27 15:26:32][Info]任务ID：2 触发命中，当前已命中次数：1
[2020-4-27 15:26:33][Warning]当前任务ID：2 触发计数已达到阀值，设定值：1 当前值：1
[2020-4-27 15:27:09][Info]任务ID：2 触发命中，当前已命中次数：1
[2020-4-27 15:27:10][Warning]当前任务ID：2 触发计数已达到阀值，设定值：1 当前值：1
[2020-4-27 15:27:16][Info]任务ID：2 触发命中，当前已命中次数：1
[2020-4-27 15:27:16][Warning]当前任务ID：2 触发计数已达到阀值，设定值：1 当前值：1
[2020-4-27 15:28:56][Info]任务ID：2 触发命中，当前已命中次数：1
[2020-4-27 15:28:57][Warning]当前任务ID：2 触发计数已达到阀值，设定值：1 当前值：1
[2020-4-27 15:29:10][Info]任务ID：2 触发命中，当前已命中次数：1
[2020-4-27 15:29:11][Warning]当前任务ID：2 触发计数已达到阀值，设定值：1 当前值：1
[2020-4-27 15:29:24][Info]任务ID：2 触发命中，当前已命中次数：1
[2020-4-27 15:29:24][Warning]当前任务ID：2 触发计数已达到阀值，设定值：1 当前值：1
[2020-4-27 15:55:44][Info]任务ID：2 触发命中，当前已命中次数：1
[2020-4-27 15:55:45][Warning]当前任务ID：2 触发计数已达到阀值，设定值：1 当前值：1
[2020-4-27 15:55:49][Info]任务ID：2 触发命中，当前已命中次数：1
[2020-4-27 15:55:49][Warning]当前任务ID：2 触发计数已达到阀值，设定值：1 当前值：1
[2020-4-27 15:56:58][Info]任务ID：2 触发命中，当前已命中次数：1
[2020-4-27 15:56:59][Warning]当前任务ID：2 触发计数已达到阀值，设定值：1 当前值：1
[2020-4-27 16:03:13][Info]任务ID:2状态变更为 停止
[2020-4-27 16:03:13][System]程序退出
[2020-4-27 20:47:35][System]初始化完成....
[2020-4-27 20:48:07][Info]任务ID:1状态变更为 启动
[2020-4-27 20:48:15][Info]任务ID:1状态变更为 启动
[2020-4-27 20:48:22][Info]任务ID：1 触发命中，当前已命中次数：1
[2020-4-27 20:48:22][Warning]当前任务ID：1 触发计数已达到阀值，设定值：1 当前值：1
[2020-4-27 20:49:05][System]程序退出
[2020-4-27 21:13:38][System]初始化完成....
[2020-4-27 21:13:39][Warning]当前任务ID：1 联动启动
[2020-4-27 21:13:40][Warning]当前任务ID：3 联动启动
[2020-4-27 21:13:44][Warning]当前任务ID：1 联动启动
[2020-4-27 21:13:45][Warning]当前任务ID：3 联动启动
[2020-4-27 21:13:51][Info]任务ID:1状态变更为 停止
[2020-4-27 21:13:51][Info]任务ID:3状态变更为 停止
[2020-4-27 21:13:52][Warning]当前任务ID：1 联动启动
[2020-4-27 21:13:52][Warning]当前任务ID：3 联动启动
[2020-4-27 21:13:55][Info]任务ID:2状态变更为 启动
[2020-4-27 21:14:04][Info]任务ID:1状态变更为 停止
[2020-4-27 21:14:04][Info]任务ID:2状态变更为 停止
[2020-4-27 21:14:04][Info]任务ID:3状态变更为 停止
[2020-4-27 21:14:04][System]程序退出