
[2020-4-20 20:57:08][System]初始化完成....
[2020-4-20 20:57:13][System]程序退出
[2020-4-20 20:58:10][System]初始化完成....
[2020-4-20 20:58:24][System]程序退出
[2020-4-20 20:59:47][System]初始化完成....
[2020-4-20 20:59:49][Info]任务ID:1状态变更为 启动
[2020-4-20 21:00:03][System]程序退出
[2020-4-20 21:00:25][System]初始化完成....
[2020-4-20 21:00:27][Info]任务ID:1状态变更为 启动
[2020-4-20 21:00:28][Info]任务ID:1状态变更为 停止
[2020-4-20 21:00:54][System]程序退出
[2020-4-20 21:02:16][System]初始化完成....
[2020-4-20 21:02:19][Info]任务ID:1状态变更为 启动
[2020-4-20 21:02:20][Info]任务ID:1当前处于停止状态
[2020-4-20 21:02:32][System]程序退出
[2020-4-20 21:11:54][System]初始化完成....
[2020-4-20 21:12:11][System]程序退出
[2020-4-20 21:44:48][System]初始化完成....
[2020-4-20 21:44:53][Info]任务ID:1状态变更为 启动
[2020-4-20 21:45:05][Info]任务ID:1当前处于停止状态
[2020-4-20 21:45:22][System]程序退出
[2020-4-20 21:48:00][System]初始化完成....
[2020-4-20 21:48:45][System]程序退出