
[ 16:18:39 ][系统] 初始化配置项
[ 16:18:39 ][系统] 初始化完成，即将开始执行.....
[ 16:18:39 ][用户]>>> 正在执行 [1/1]
[ 16:18:39 ][用户]>>>>> 执行内容 [执行D盘数据备份，请稍后]
[ 16:18:39 ][用户]>>>>> 执行内容步骤总数 [3]
[ 16:18:39 ][用户]>>>>>>>> 执行内容步骤 [1/3]
[ 16:18:39 ][用户]>>>>>>>> [ 测试  ]
[ 16:18:40 ][用户]>>>>> 执行内容步骤总数 [3]
[ 16:18:40 ][用户]>>>>>>>> 执行内容步骤 [2/3]
[ 16:18:40 ][用户]>>>>>>>> [ 停止Mysql数据库  ]
[ 16:18:40 ][用户]>>>>> 执行内容步骤总数 [3]
[ 16:18:40 ][用户]>>>>>>>> 执行内容步骤 [3/3]
[ 16:18:40 ][用户]>>>>>>>> [ 启动Mysql数据库  ]
[ 16:18:41 ][系统]执行结束，总耗时 [ 1504 毫秒 ]
[ 16:40:56 ][系统] 初始化配置项
[ 16:40:56 ][系统] 初始化完成，即将开始执行.....
[ 16:40:56 ][系统]执行结束，总耗时 [ 0 毫秒 ]
[ 16:41:49 ][系统] 初始化配置项
[ 16:41:49 ][系统] 初始化完成，即将开始执行.....
[ 16:41:50 ][系统]执行结束，总耗时 [ 0 毫秒 ]
[ 16:42:31 ][系统] 初始化配置项
[ 16:42:31 ][系统] 初始化完成，即将开始执行.....
[ 16:42:31 ][系统]执行结束，总耗时 [ 0 毫秒 ]
[ 16:43:11 ][系统] 初始化配置项
[ 16:43:11 ][系统] 初始化完成，即将开始执行.....
[ 16:43:12 ][系统]执行结束，总耗时 [ 5 毫秒 ]
[ 16:45:50 ][系统] 初始化配置项
[ 16:46:56 ][系统] 初始化配置项
[ 16:48:24 ][系统] 初始化配置项
[ 16:48:24 ][系统] 初始化完成，即将开始执行.....
[ 16:48:24 ][用户]>>> 正在执行 [1/1]
[ 16:48:25 ][用户]>>>>> 执行内容 [执行D盘数据备份，请稍后]
[ 16:48:25 ][用户]>>>>> 执行内容步骤总数 [3]
[ 16:48:25 ][用户]>>>>>>>> 执行内容步骤 [1/3]
[ 16:48:26 ][用户]>>>>> 执行内容步骤总数 [3]
[ 16:48:27 ][用户]>>>>>>>> 执行内容步骤 [2/3]
[ 16:48:27 ][用户]>>>>> 执行内容步骤总数 [3]
[ 16:48:27 ][用户]>>>>>>>> 执行内容步骤 [3/3]
[ 16:48:27 ][系统]执行结束，总耗时 [ 2915 毫秒 ]
[ 16:49:06 ][系统] 初始化配置项
[ 16:49:06 ][系统] 初始化完成，即将开始执行.....
[ 16:49:06 ][用户]>>> 正在执行 [1/1]
[ 16:49:06 ][用户]>>>>> 执行内容 [执行D盘数据备份，请稍后]
[ 16:49:06 ][用户]>>>>> 执行内容步骤总数 [3]
[ 16:49:06 ][用户]>>>>>>>> 执行内容步骤 [1/3]
[ 16:49:08 ][用户]>>>>> 执行内容步骤总数 [3]
[ 16:49:08 ][用户]>>>>>>>> 执行内容步骤 [2/3]
[ 16:49:08 ][用户]>>>>> 执行内容步骤总数 [3]
[ 16:49:08 ][用户]>>>>>>>> 执行内容步骤 [3/3]
[ 16:49:08 ][系统]执行结束，总耗时 [ 2389 毫秒 ]
[ 16:50:24 ][系统] 初始化配置项
[ 16:50:24 ][系统] 初始化完成，即将开始执行.....
[ 16:50:24 ][用户]>>> 正在执行 [1/1]
[ 16:50:24 ][用户]>>>>> 执行内容 [执行D盘数据备份，请稍后]
[ 16:50:24 ][用户]>>>>> 执行内容步骤总数 [3]
[ 16:50:24 ][用户]>>>>>>>> 执行内容步骤 [1/3]
[ 16:50:26 ][用户]>>>>> 执行内容步骤总数 [3]
[ 16:50:26 ][用户]>>>>>>>> 执行内容步骤 [2/3]
[ 16:50:26 ][用户]>>>>> 执行内容步骤总数 [3]
[ 16:50:26 ][用户]>>>>>>>> 执行内容步骤 [3/3]
[ 16:50:27 ][系统]执行结束，总耗时 [ 2496 毫秒 ]
[ 16:51:16 ][系统] 初始化配置项
[ 16:51:16 ][系统] 初始化完成，即将开始执行.....
[ 16:51:16 ][用户]>>> 正在执行 [1/1]
[ 16:51:16 ][用户]>>>>> 执行内容 [执行D盘数据备份，请稍后]
[ 16:51:16 ][用户]>>>>> 执行内容步骤总数 [3]
[ 16:51:16 ][用户]>>>>>>>> 执行内容步骤 [1/3]
[ 16:51:18 ][用户]>>>>> 执行内容步骤总数 [3]
[ 16:51:18 ][用户]>>>>>>>> 执行内容步骤 [2/3]
[ 16:51:19 ][用户]>>>>> 执行内容步骤总数 [3]
[ 16:51:19 ][用户]>>>>>>>> 执行内容步骤 [3/3]
[ 16:51:19 ][系统]执行结束，总耗时 [ 2765 毫秒 ]
[ 16:53:40 ][系统] 初始化配置项
[ 16:53:40 ][系统] 初始化完成，即将开始执行.....
[ 16:53:40 ][用户]>>> 正在执行 [1/1]
[ 16:53:40 ][用户]>>>>> 执行内容 [执行D盘数据备份，请稍后]
[ 16:53:40 ][用户]>>>>> 执行内容步骤总数 [3]
[ 16:53:40 ][用户]>>>>>>>> 执行内容步骤 [1/3]
[ 16:53:42 ][用户]>>>>> 执行内容步骤总数 [3]
[ 16:53:42 ][用户]>>>>>>>> 执行内容步骤 [2/3]
[ 16:53:42 ][用户]>>>>> 执行内容步骤总数 [3]
[ 16:53:42 ][用户]>>>>>>>> 执行内容步骤 [3/3]
[ 16:53:43 ][系统]执行结束，总耗时 [ 2457 毫秒 ]
[ 16:56:37 ][系统] 初始化配置项
[ 16:56:37 ][系统] 初始化完成，即将开始执行.....
[ 16:56:37 ][用户]>>> 正在执行 [1/1]
[ 16:56:37 ][用户]>>>>> 执行内容 [执行D盘数据备份，请稍后]
[ 16:56:37 ][用户]>>>>> 执行内容步骤总数 [3]
[ 16:56:37 ][用户]>>>>>>>> 执行内容步骤 [1/3]
[ 16:56:39 ][用户]>>>>> 执行内容步骤总数 [3]
[ 16:56:39 ][用户]>>>>>>>> 执行内容步骤 [2/3]
[ 16:56:39 ][用户]>>>>> 执行内容步骤总数 [3]
[ 16:56:39 ][用户]>>>>>>>> 执行内容步骤 [3/3]
[ 16:56:39 ][系统]执行结束，总耗时 [ 2352 毫秒 ]
[ 16:57:25 ][系统] 初始化配置项
[ 16:57:25 ][系统] 初始化完成，即将开始执行.....
[ 16:57:26 ][用户]>>> 正在执行 [1/1]
[ 16:57:26 ][用户]>>>>> 执行内容 [执行D盘数据备份，请稍后]
[ 16:57:26 ][用户]>>>>> 执行内容步骤总数 [3]
[ 16:57:26 ][用户]>>>>>>>> 执行内容步骤 [1/3]
[ 16:57:27 ][用户]>>>>> 执行内容步骤总数 [3]
[ 16:57:28 ][用户]>>>>>>>> 执行内容步骤 [2/3]
[ 16:57:28 ][用户]>>>>> 执行内容步骤总数 [3]
[ 16:57:28 ][用户]>>>>>>>> 执行内容步骤 [3/3]
[ 16:57:28 ][系统]执行结束，总耗时 [ 2680 毫秒 ]
[ 16:58:25 ][系统] 初始化配置项
[ 16:58:25 ][系统] 初始化完成，即将开始执行.....
[ 16:58:25 ][用户]>>> 正在执行 [1/1]
[ 16:58:25 ][用户]>>>>> 执行内容 [执行D盘数据备份，请稍后]
[ 16:58:25 ][用户]>>>>> 执行内容步骤总数 [3]
[ 16:58:25 ][用户]>>>>>>>> 执行内容步骤 [1/3]
[ 16:58:27 ][用户]>>>>> 执行内容步骤总数 [3]
[ 16:58:27 ][用户]>>>>>>>> 执行内容步骤 [2/3]
[ 16:58:27 ][用户]>>>>> 执行内容步骤总数 [3]
[ 16:58:27 ][用户]>>>>>>>> 执行内容步骤 [3/3]
[ 16:58:27 ][系统]执行结束，总耗时 [ 2298 毫秒 ]
[ 16:59:39 ][系统] 初始化配置项
[ 16:59:40 ][系统] 初始化完成，即将开始执行.....
[ 16:59:40 ][用户]>>> 正在执行 [1/1]
[ 16:59:40 ][用户]>>>>> 执行内容 [执行D盘数据备份，请稍后]
[ 16:59:40 ][用户]>>>>> 执行内容步骤总数 [3]
[ 16:59:40 ][用户]>>>>>>>> 执行内容步骤 [1/3]
[ 16:59:41 ][用户]>>>>> 执行内容步骤总数 [3]
[ 16:59:42 ][用户]>>>>>>>> 执行内容步骤 [2/3]
[ 16:59:42 ][用户]>>>>> 执行内容步骤总数 [3]
[ 16:59:42 ][用户]>>>>>>>> 执行内容步骤 [3/3]
[ 16:59:42 ][系统]执行结束，总耗时 [ 2701 毫秒 ]
[ 17:00:29 ][系统] 初始化配置项
[ 17:00:29 ][系统] 初始化完成，即将开始执行.....
[ 17:00:29 ][用户]>>> 正在执行 [1/1]
[ 17:00:29 ][用户]>>>>> 执行内容 [执行D盘数据备份，请稍后]
[ 17:00:29 ][用户]>>>>> 执行内容步骤总数 [3]
[ 17:00:29 ][用户]>>>>>>>> 执行内容步骤 [1/3]
[ 17:00:31 ][用户]>>>>> 执行内容步骤总数 [3]
[ 17:00:31 ][用户]>>>>>>>> 执行内容步骤 [2/3]
[ 17:00:31 ][用户]>>>>> 执行内容步骤总数 [3]
[ 17:00:31 ][用户]>>>>>>>> 执行内容步骤 [3/3]
[ 17:00:32 ][系统]执行结束，总耗时 [ 2760 毫秒 ]
[ 17:01:12 ][系统] 初始化配置项
[ 17:01:12 ][系统] 初始化完成，即将开始执行.....
[ 17:01:12 ][用户]>>> 正在执行 [1/1]
[ 17:01:12 ][用户]>>>>> 执行内容 [执行D盘数据备份，请稍后]
[ 17:01:13 ][用户]>>>>> 执行内容步骤总数 [4]
[ 17:01:13 ][用户]>>>>>>>> 执行内容步骤 [1/4]
[ 17:01:14 ][用户]>>>>> 执行内容步骤总数 [4]
[ 17:01:14 ][用户]>>>>>>>> 执行内容步骤 [2/4]
[ 17:01:15 ][用户]>>>>> 执行内容步骤总数 [4]
[ 17:01:15 ][用户]>>>>>>>> 执行内容步骤 [3/4]
[ 17:01:15 ][用户]>>>>> 执行内容步骤总数 [4]
[ 17:01:15 ][用户]>>>>>>>> 执行内容步骤 [4/4]
[ 17:01:15 ][系统]执行结束，总耗时 [ 2917 毫秒 ]
[ 17:02:47 ][系统] 初始化配置项
[ 17:02:47 ][系统] 初始化完成，即将开始执行.....
[ 17:02:47 ][用户]>>> 正在执行 [1/1]
[ 17:02:47 ][用户]>>>>> 执行内容 [执行D盘数据备份，请稍后]
[ 17:02:47 ][用户]>>>>> 执行内容步骤总数 [4]
[ 17:02:47 ][用户]>>>>>>>> 执行内容步骤 [1/4]
[ 17:02:49 ][用户]>>>>> 执行内容步骤总数 [4]
[ 17:02:49 ][用户]>>>>>>>> 执行内容步骤 [2/4]
[ 17:02:50 ][用户]>>>>> 执行内容步骤总数 [4]
[ 17:02:50 ][用户]>>>>>>>> 执行内容步骤 [3/4]
[ 17:02:50 ][用户]任务数据异常，当前任务已被跳过
[ 17:03:22 ][系统] 初始化配置项
[ 17:03:22 ][系统] 初始化完成，即将开始执行.....
[ 17:03:22 ][用户]>>> 正在执行 [1/1]
[ 17:03:23 ][用户]>>>>> 执行内容 [执行D盘数据备份，请稍后]
[ 17:03:23 ][用户]>>>>> 执行内容步骤总数 [4]
[ 17:03:23 ][用户]>>>>>>>> 执行内容步骤 [1/4]
[ 17:03:24 ][用户]>>>>> 执行内容步骤总数 [4]
[ 17:03:24 ][用户]>>>>>>>> 执行内容步骤 [2/4]
[ 17:03:25 ][用户]>>>>> 执行内容步骤总数 [4]
[ 17:03:25 ][用户]>>>>>>>> 执行内容步骤 [3/4]
[ 17:03:25 ][用户]任务数据异常，当前任务已被跳过
[ 17:03:26 ][用户]>>>>> 执行内容步骤总数 [4]
[ 17:03:26 ][用户]>>>>>>>> 执行内容步骤 [4/4]
[ 17:03:26 ][系统]执行结束，总耗时 [ 3243 毫秒 ]
[ 17:03:59 ][系统] 初始化配置项
[ 17:03:59 ][系统] 初始化完成，即将开始执行.....
[ 17:03:59 ][用户]>>> 正在执行 [1/1]
[ 17:03:59 ][用户]>>>>> 执行内容 [执行D盘数据备份，请稍后]
[ 17:03:59 ][用户]>>>>> 执行内容步骤总数 [4]
[ 17:03:59 ][用户]>>>>>>>> 执行内容步骤 [1/4]
[ 17:04:01 ][用户]>>>>> 执行内容步骤总数 [4]
[ 17:04:01 ][用户]>>>>>>>> 执行内容步骤 [2/4]
[ 17:04:02 ][用户]>>>>> 执行内容步骤总数 [4]
[ 17:04:02 ][用户]>>>>>>>> 执行内容步骤 [3/4]
[ 17:04:02 ][用户]任务数据异常，当前任务已被跳过
[ 17:04:02 ][用户]>>>>> 执行内容步骤总数 [4]
[ 17:04:02 ][用户]>>>>>>>> 执行内容步骤 [4/4]
[ 17:04:02 ][系统]执行结束，总耗时 [ 3101 毫秒 ]
[ 17:12:49 ][系统] 初始化配置项
[ 17:12:49 ][系统] 初始化完成，即将开始执行.....
[ 17:12:49 ][用户]>>> 正在执行 [1/1]
[ 17:12:50 ][用户]>>>>> 执行内容 [执行D盘数据备份，请稍后]
[ 17:12:50 ][用户]>>>>> 执行内容步骤总数 [4]
[ 17:12:50 ][用户]>>>>>>>> 执行内容步骤 [1/4]
[ 17:12:52 ][用户]>>>>> 执行内容步骤总数 [4]
[ 17:12:52 ][用户]>>>>>>>> 执行内容步骤 [2/4]
[ 17:12:52 ][用户]>>>>> 执行内容步骤总数 [4]
[ 17:12:52 ][用户]>>>>>>>> 执行内容步骤 [3/4]
[ 17:12:53 ][用户]任务数据异常，当前任务已被跳过
[ 17:12:53 ][用户]>>>>> 执行内容步骤总数 [4]
[ 17:12:53 ][用户]>>>>>>>> 执行内容步骤 [4/4]
[ 17:12:53 ][系统]执行结束，总耗时 [ 3787 毫秒 ]
[ 17:14:21 ][系统] 初始化配置项
[ 17:14:21 ][系统] 初始化完成，即将开始执行.....
[ 17:14:21 ][用户]>>> 正在执行 [1/1]
[ 17:14:21 ][用户]>>>>> 执行内容 [执行D盘数据备份，请稍后]
[ 17:14:22 ][用户]>>>>> 执行内容步骤总数 [4]
[ 17:14:22 ][用户]>>>>>>>> 执行内容步骤 [1/4]
[ 17:14:25 ][用户]>>>>> 执行内容步骤总数 [4]
[ 17:14:30 ][用户]>>>>>>>> 执行内容步骤 [2/4]
[ 17:14:32 ][用户]>>>>> 执行内容步骤总数 [4]
[ 17:14:32 ][用户]>>>>>>>> 执行内容步骤 [3/4]
[ 17:14:33 ][用户]任务数据异常，当前任务已被跳过
[ 17:14:33 ][用户]>>>>> 执行内容步骤总数 [4]
[ 17:14:33 ][用户]>>>>>>>> 执行内容步骤 [4/4]
[ 17:14:34 ][系统]执行结束，总耗时 [ 12978 毫秒 ]
[ 17:15:22 ][系统] 初始化配置项
[ 17:15:22 ][系统] 初始化完成，即将开始执行.....
[ 17:15:22 ][用户]>>> 正在执行 [1/1]
[ 17:15:22 ][用户]>>>>> 执行内容 [执行D盘数据备份，请稍后]
[ 17:15:22 ][用户]>>>>> 执行内容步骤总数 [4]
[ 17:15:22 ][用户]>>>>>>>> 执行内容步骤 [1/4]
[ 17:15:24 ][用户]>>>>> 执行内容步骤总数 [4]
[ 17:15:24 ][用户]>>>>>>>> 执行内容步骤 [2/4]
[ 17:15:24 ][用户]>>>>> 执行内容步骤总数 [4]
[ 17:15:24 ][用户]>>>>>>>> 执行内容步骤 [3/4]
[ 17:15:24 ][用户]任务数据异常，当前任务已被跳过
[ 17:15:24 ][用户]>>>>> 执行内容步骤总数 [4]
[ 17:15:24 ][用户]>>>>>>>> 执行内容步骤 [4/4]
[ 17:15:25 ][系统]执行结束，总耗时 [ 2651 毫秒 ]
[ 17:18:38 ][系统] 初始化配置项
[ 17:18:39 ][系统] 初始化完成，即将开始执行.....
[ 17:18:39 ][用户]>>> 正在执行 [1/1]
[ 17:18:39 ][用户]>>>>> 执行内容 [执行D盘数据备份，请稍后]
[ 17:18:39 ][用户]>>>>> 执行内容步骤总数 [4]
[ 17:18:39 ][用户]>>>>>>>> 执行内容步骤 [1/4]
[ 17:18:54 ][系统] 初始化配置项
[ 17:18:54 ][系统] 初始化完成，即将开始执行.....
[ 17:18:54 ][用户]>>> 正在执行 [1/1]
[ 17:18:54 ][用户]>>>>> 执行内容 [执行D盘数据备份，请稍后]
[ 17:18:54 ][用户]>>>>> 执行内容步骤总数 [4]
[ 17:18:54 ][用户]>>>>>>>> 执行内容步骤 [1/4]
[ 17:18:56 ][用户]>>>>> 执行内容步骤总数 [4]
[ 17:18:56 ][用户]>>>>>>>> 执行内容步骤 [2/4]
[ 17:18:56 ][用户]>>>>> 执行内容步骤总数 [4]
[ 17:18:56 ][用户]>>>>>>>> 执行内容步骤 [3/4]
[ 17:18:56 ][用户]任务数据异常，当前任务已被跳过
[ 17:18:56 ][用户]>>>>> 执行内容步骤总数 [4]
[ 17:18:56 ][用户]>>>>>>>> 执行内容步骤 [4/4]
[ 17:18:57 ][系统]执行结束，总耗时 [ 2568 毫秒 ]
[ 17:19:44 ][系统] 初始化配置项
[ 17:19:44 ][系统] 初始化完成，即将开始执行.....
[ 17:19:44 ][用户]>>> 正在执行 [1/1]
[ 17:19:44 ][用户]>>>>> 执行内容 [执行D盘数据备份，请稍后]
[ 17:19:45 ][用户]>>>>> 执行内容步骤总数 [4]
[ 17:19:45 ][用户]>>>>>>>> 执行内容步骤 [1/4]
[ 17:19:46 ][用户]>>>>> 执行内容步骤总数 [4]
[ 17:19:46 ][用户]>>>>>>>> 执行内容步骤 [2/4]
[ 17:19:47 ][用户]>>>>> 执行内容步骤总数 [4]
[ 17:19:47 ][用户]>>>>>>>> 执行内容步骤 [3/4]
[ 17:19:47 ][用户]任务数据异常，当前任务已被跳过
[ 17:19:47 ][用户]>>>>> 执行内容步骤总数 [4]
[ 17:19:47 ][用户]>>>>>>>> 执行内容步骤 [4/4]
[ 17:19:47 ][系统]执行结束，总耗时 [ 2765 毫秒 ]
[ 17:21:01 ][系统] 初始化配置项
[ 17:21:01 ][系统] 初始化完成，即将开始执行.....
[ 17:21:01 ][用户]>>> 正在执行 [1/1]
[ 17:21:01 ][用户]>>>>> 执行内容 [执行D盘数据备份，请稍后]
[ 17:21:01 ][用户]>>>>> 执行内容步骤总数 [4]
[ 17:21:01 ][用户]>>>>>>>> 执行内容步骤 [1/4]
[ 17:21:03 ][用户]>>>>> 执行内容步骤总数 [4]
[ 17:21:03 ][用户]>>>>>>>> 执行内容步骤 [2/4]
[ 17:21:03 ][用户]>>>>> 执行内容步骤总数 [4]
[ 17:21:03 ][用户]>>>>>>>> 执行内容步骤 [3/4]
[ 17:21:04 ][用户]任务数据异常，当前任务已被跳过
[ 17:21:04 ][用户]>>>>> 执行内容步骤总数 [4]
[ 17:21:04 ][用户]>>>>>>>> 执行内容步骤 [4/4]
[ 17:21:04 ][系统]执行结束，总耗时 [ 2537 毫秒 ]
[ 17:23:14 ][系统] 初始化配置项
[ 17:23:15 ][系统] 初始化完成，即将开始执行.....
[ 17:23:15 ][用户]>>> 正在执行 [1/1]
[ 17:23:15 ][用户]>>>>> 执行内容 [执行D盘数据备份，请稍后]
[ 17:23:15 ][用户]>>>>> 执行内容步骤总数 [4]
[ 17:23:15 ][用户]>>>>>>>> 执行内容步骤 [1/4]
[ 17:23:17 ][用户]>>>>> 执行内容步骤总数 [4]
[ 17:23:17 ][用户]>>>>>>>> 执行内容步骤 [2/4]
[ 17:23:18 ][用户]>>>>> 执行内容步骤总数 [4]
[ 17:23:18 ][用户]>>>>>>>> 执行内容步骤 [3/4]
[ 17:23:18 ][用户]任务数据异常，当前任务已被跳过
[ 17:23:18 ][用户]>>>>> 执行内容步骤总数 [4]
[ 17:23:18 ][用户]>>>>>>>> 执行内容步骤 [4/4]
[ 17:23:18 ][系统]执行结束，总耗时 [ 3533 毫秒 ]