
[2020-4-25 12:52:37][System]初始化完成....
[2020-4-25 12:52:52][System]程序退出
[2020-4-25 13:11:24][System]初始化完成....
[2020-4-25 13:12:14][System]程序退出
[2020-4-25 13:22:59][System]初始化完成....
[2020-4-25 13:23:35][System]程序退出
[2020-4-25 15:23:53][System]初始化完成....
[2020-4-25 15:25:02][System]程序退出
[2020-4-25 15:30:22][System]初始化完成....
[2020-4-25 15:30:36][Info]任务ID:1状态变更为 停止
[2020-4-25 15:30:53][Info]任务ID:1状态变更为 停止
[2020-4-25 15:30:55][System]程序退出
[2020-4-25 15:31:05][System]初始化完成....
[2020-4-25 15:31:27][System]程序退出
[2020-4-25 15:32:23][System]初始化完成....
[2020-4-25 15:32:28][Info]任务ID:1状态变更为 停止
[2020-4-25 15:32:33][Info]任务ID:1状态变更为 停止
[2020-4-25 15:32:36][System]程序退出
[2020-4-25 15:33:28][System]初始化完成....
[2020-4-25 15:33:30][Info]任务ID:1状态变更为 停止
[2020-4-25 15:33:34][System]程序退出
[2020-4-25 15:33:57][System]初始化完成....
[2020-4-25 15:34:00][Info]任务ID:1状态变更为 停止
[2020-4-25 15:34:05][Info]任务ID:1状态变更为 启动
[2020-4-25 15:34:17][Info]任务ID：1 触发命中，当前已命中次数：1
[2020-4-25 15:34:26][System]程序退出
[2020-4-25 15:42:33][System]初始化完成....
[2020-4-25 15:42:42][System]程序退出
[2020-4-25 15:43:13][System]初始化完成....
[2020-4-25 15:43:27][System]程序退出
[2020-4-25 15:46:05][System]初始化完成....
[2020-4-25 15:47:17][System]程序退出
[2020-4-25 15:54:54][System]初始化完成....
[2020-4-25 15:55:11][System]程序退出
[2020-4-25 16:16:12][System]初始化完成....
[2020-4-25 16:16:20][Info]任务ID：1 触发命中，当前已命中次数：1
[2020-4-25 16:16:21][Warning]当前任务ID：1 触发计数已达到阀值，设定值：1 当前值：1
[2020-4-25 16:21:30][System]程序退出