
[2020-8-14 12:30:07][System]初始化结束....
[2020-8-14 12:30:45][Info]任务ID:2状态变更为 启动
[2020-8-14 12:30:47][Info]任务ID：2 触发命中，当前已命中次数：1
[2020-8-14 12:30:47][Info]任务ID：2 触发命中，当前已命中次数：2
[2020-8-14 12:30:48][Info]任务ID：2 触发命中，当前已命中次数：3
[2020-8-14 12:30:49][Info]任务ID：2 触发命中，当前已命中次数：4
[2020-8-14 12:30:50][Info]任务ID：2 触发命中，当前已命中次数：5
[2020-8-14 12:30:52][Info]任务ID：2 触发命中，当前已命中次数：6
[2020-8-14 12:30:53][Warning]当前任务ID：2 触发计数已达到阀值，设定值：6 当前值：6
[2020-8-14 12:30:53][Info]任务ID：2 触发命中，当前已命中次数：1
[2020-8-14 12:30:54][Info]任务ID：2 触发命中，当前已命中次数：2
[2020-8-14 12:30:55][Info]任务ID：2 触发命中，当前已命中次数：3
[2020-8-14 12:30:56][Info]任务ID：2 触发命中，当前已命中次数：4
[2020-8-14 12:30:57][Info]任务ID：2 触发命中，当前已命中次数：5
[2020-8-14 12:30:58][Info]任务ID：2 触发命中，当前已命中次数：6
[2020-8-14 12:30:59][Warning]当前任务ID：2 触发计数已达到阀值，设定值：6 当前值：6
[2020-8-14 12:30:59][Info]任务ID：2 触发命中，当前已命中次数：1
[2020-8-14 12:31:00][Info]任务ID：2 触发命中，当前已命中次数：2
[2020-8-14 12:31:01][Info]任务ID：2 触发命中，当前已命中次数：3
[2020-8-14 12:31:02][Info]任务ID：2 触发命中，当前已命中次数：4
[2020-8-14 12:31:03][Info]任务ID:2状态变更为 停止
[2020-8-14 12:31:03][Info]任务ID：2 触发命中，当前已命中次数：5
[2020-8-14 12:31:53][Info]任务ID:2状态变更为 启动
[2020-8-14 12:31:55][Info]任务ID：2 触发命中，当前已命中次数：1
[2020-8-14 12:31:55][Info]任务ID：2 触发命中，当前已命中次数：2
[2020-8-14 12:31:56][Info]任务ID：2 触发命中，当前已命中次数：3
[2020-8-14 12:31:57][Info]任务ID：2 触发命中，当前已命中次数：4
[2020-8-14 12:31:58][Info]任务ID：2 触发命中，当前已命中次数：5
[2020-8-14 12:31:59][Info]任务ID：2 触发命中，当前已命中次数：6
[2020-8-14 12:31:59][Warning]当前任务ID：2 触发计数已达到阀值，设定值：6 当前值：6
[2020-8-14 12:32:00][Info]任务ID：2 触发命中，当前已命中次数：1
[2020-8-14 12:32:01][Info]任务ID：2 触发命中，当前已命中次数：2
[2020-8-14 12:32:02][Info]任务ID：2 触发命中，当前已命中次数：3
[2020-8-14 12:32:03][Info]任务ID:2状态变更为 停止
[2020-8-14 12:32:03][Info]任务ID：2 触发命中，当前已命中次数：4
[2020-8-14 12:33:09][System]程序退出
[2020-8-14 12:39:35][System]初始化结束....
[2020-8-14 12:39:37][System]程序退出
[2020-8-14 12:45:45][System]初始化结束....
[2020-8-14 12:52:03][System]程序退出