
[2020-8-13 16:00:51][System]初始化结束....
[2020-8-13 16:01:19][Info]任务ID:2状态变更为 启动
[2020-8-13 16:01:21][Info]任务ID：2 触发命中，当前已命中次数：1
[2020-8-13 16:01:21][Info]任务ID：2 触发命中，当前已命中次数：2
[2020-8-13 16:01:22][Info]任务ID：2 触发命中，当前已命中次数：3
[2020-8-13 16:01:23][Info]任务ID：2 触发命中，当前已命中次数：4
[2020-8-13 16:01:24][Info]任务ID：2 触发命中，当前已命中次数：5
[2020-8-13 16:01:25][Info]任务ID：2 触发命中，当前已命中次数：6
[2020-8-13 16:01:26][Info]任务ID：2 触发命中，当前已命中次数：7
[2020-8-13 16:01:27][Info]任务ID：2 触发命中，当前已命中次数：8
[2020-8-13 16:01:28][Info]任务ID：2 触发命中，当前已命中次数：9
[2020-8-13 16:01:29][Info]任务ID：2 触发命中，当前已命中次数：10
[2020-8-13 16:01:30][Info]任务ID：2 触发命中，当前已命中次数：11
[2020-8-13 16:01:31][Info]任务ID：2 触发命中，当前已命中次数：12
[2020-8-13 16:01:32][Info]任务ID：2 触发命中，当前已命中次数：13
[2020-8-13 16:01:33][Info]任务ID：2 触发命中，当前已命中次数：14
[2020-8-13 16:01:34][Info]任务ID：2 触发命中，当前已命中次数：15
[2020-8-13 16:01:35][Info]任务ID：2 触发命中，当前已命中次数：16
[2020-8-13 16:01:36][Info]任务ID：2 触发命中，当前已命中次数：17
[2020-8-13 16:01:37][Info]任务ID：2 触发命中，当前已命中次数：18
[2020-8-13 16:01:38][Info]任务ID：2 触发命中，当前已命中次数：19
[2020-8-13 16:01:39][Info]任务ID：2 触发命中，当前已命中次数：20
[2020-8-13 16:01:40][Info]任务ID：2 触发命中，当前已命中次数：21
[2020-8-13 16:01:41][Info]任务ID：2 触发命中，当前已命中次数：22
[2020-8-13 16:01:42][Info]任务ID：2 触发命中，当前已命中次数：23
[2020-8-13 16:01:43][Info]任务ID：2 触发命中，当前已命中次数：24
[2020-8-13 16:01:44][Info]任务ID：2 触发命中，当前已命中次数：25
[2020-8-13 16:01:45][Info]任务ID：2 触发命中，当前已命中次数：26
[2020-8-13 16:01:46][Info]任务ID：2 触发命中，当前已命中次数：27
[2020-8-13 16:01:47][Info]任务ID：2 触发命中，当前已命中次数：28
[2020-8-13 16:01:48][Info]任务ID：2 触发命中，当前已命中次数：29
[2020-8-13 16:01:49][Info]任务ID：2 触发命中，当前已命中次数：30
[2020-8-13 16:01:50][Info]任务ID：2 触发命中，当前已命中次数：31
[2020-8-13 16:01:51][Info]任务ID：2 触发命中，当前已命中次数：32
[2020-8-13 16:01:52][Info]任务ID：2 触发命中，当前已命中次数：33
[2020-8-13 16:01:53][Info]任务ID：2 触发命中，当前已命中次数：34
[2020-8-13 16:01:54][Info]任务ID：2 触发命中，当前已命中次数：35
[2020-8-13 16:01:55][Info]任务ID：2 触发命中，当前已命中次数：36
[2020-8-13 16:01:56][Info]任务ID：2 触发命中，当前已命中次数：37
[2020-8-13 16:01:57][Info]任务ID：2 触发命中，当前已命中次数：38
[2020-8-13 16:01:58][Info]任务ID：2 触发命中，当前已命中次数：39
[2020-8-13 16:01:59][Info]任务ID：2 触发命中，当前已命中次数：40
[2020-8-13 16:02:00][Info]任务ID：2 触发命中，当前已命中次数：41
[2020-8-13 16:02:01][Info]任务ID：2 触发命中，当前已命中次数：42
[2020-8-13 16:02:02][Info]任务ID：2 触发命中，当前已命中次数：43
[2020-8-13 16:02:03][Info]任务ID：2 触发命中，当前已命中次数：44
[2020-8-13 16:02:04][Info]任务ID：2 触发命中，当前已命中次数：45
[2020-8-13 16:02:05][Info]任务ID：2 触发命中，当前已命中次数：46
[2020-8-13 16:02:06][Info]任务ID：2 触发命中，当前已命中次数：47
[2020-8-13 16:02:07][Info]任务ID：2 触发命中，当前已命中次数：48
[2020-8-13 16:02:08][Info]任务ID：2 触发命中，当前已命中次数：49
[2020-8-13 16:02:09][Info]任务ID：2 触发命中，当前已命中次数：50
[2020-8-13 16:02:10][Info]任务ID：2 触发命中，当前已命中次数：51
[2020-8-13 16:02:11][Info]任务ID：2 触发命中，当前已命中次数：52
[2020-8-13 16:02:13][Info]任务ID：2 触发命中，当前已命中次数：53
[2020-8-13 16:02:14][Info]任务ID：2 触发命中，当前已命中次数：54
[2020-8-13 16:02:15][Info]任务ID：2 触发命中，当前已命中次数：55
[2020-8-13 16:02:16][Info]任务ID：2 触发命中，当前已命中次数：56
[2020-8-13 16:02:17][Info]任务ID：2 触发命中，当前已命中次数：57
[2020-8-13 16:02:18][Info]任务ID：2 触发命中，当前已命中次数：58
[2020-8-13 16:02:19][Info]任务ID：2 触发命中，当前已命中次数：59
[2020-8-13 16:02:20][Info]任务ID：2 触发命中，当前已命中次数：60
[2020-8-13 16:02:21][Info]任务ID：2 触发命中，当前已命中次数：61
[2020-8-13 16:02:22][Info]任务ID：2 触发命中，当前已命中次数：62
[2020-8-13 16:02:23][Info]任务ID：2 触发命中，当前已命中次数：63
[2020-8-13 16:02:24][Info]任务ID：2 触发命中，当前已命中次数：64
[2020-8-13 16:02:25][Info]任务ID：2 触发命中，当前已命中次数：65
[2020-8-13 16:02:26][Info]任务ID：2 触发命中，当前已命中次数：66
[2020-8-13 16:02:27][Info]任务ID：2 触发命中，当前已命中次数：67
[2020-8-13 16:02:28][Info]任务ID：2 触发命中，当前已命中次数：68
[2020-8-13 16:02:29][Info]任务ID：2 触发命中，当前已命中次数：69
[2020-8-13 16:02:30][Info]任务ID：2 触发命中，当前已命中次数：70
[2020-8-13 16:02:31][Info]任务ID：2 触发命中，当前已命中次数：71
[2020-8-13 16:02:32][Info]任务ID：2 触发命中，当前已命中次数：72
[2020-8-13 16:02:33][Info]任务ID：2 触发命中，当前已命中次数：73
[2020-8-13 16:02:34][Info]任务ID：2 触发命中，当前已命中次数：74
[2020-8-13 16:02:35][Info]任务ID：2 触发命中，当前已命中次数：75
[2020-8-13 16:02:36][Info]任务ID：2 触发命中，当前已命中次数：76
[2020-8-13 16:02:37][Info]任务ID：2 触发命中，当前已命中次数：77
[2020-8-13 16:02:38][Info]任务ID：2 触发命中，当前已命中次数：78
[2020-8-13 16:02:39][Info]任务ID：2 触发命中，当前已命中次数：79
[2020-8-13 16:02:40][Info]任务ID：2 触发命中，当前已命中次数：80
[2020-8-13 16:02:41][Info]任务ID：2 触发命中，当前已命中次数：81
[2020-8-13 16:02:42][Info]任务ID：2 触发命中，当前已命中次数：82
[2020-8-13 16:02:43][Info]任务ID：2 触发命中，当前已命中次数：83
[2020-8-13 16:02:44][Info]任务ID：2 触发命中，当前已命中次数：84
[2020-8-13 16:02:45][Info]任务ID：2 触发命中，当前已命中次数：85
[2020-8-13 16:02:46][Info]任务ID：2 触发命中，当前已命中次数：86
[2020-8-13 16:02:47][Info]任务ID：2 触发命中，当前已命中次数：87
[2020-8-13 16:02:48][Info]任务ID：2 触发命中，当前已命中次数：88
[2020-8-13 16:02:49][Info]任务ID：2 触发命中，当前已命中次数：89
[2020-8-13 16:02:50][Info]任务ID：2 触发命中，当前已命中次数：90
[2020-8-13 16:02:51][Info]任务ID：2 触发命中，当前已命中次数：91
[2020-8-13 16:02:52][Info]任务ID：2 触发命中，当前已命中次数：92
[2020-8-13 16:02:53][Info]任务ID：2 触发命中，当前已命中次数：93
[2020-8-13 16:02:54][Info]任务ID：2 触发命中，当前已命中次数：94
[2020-8-13 16:02:55][Info]任务ID：2 触发命中，当前已命中次数：95
[2020-8-13 16:02:56][Info]任务ID：2 触发命中，当前已命中次数：96
[2020-8-13 16:02:57][Info]任务ID：2 触发命中，当前已命中次数：97
[2020-8-13 16:02:58][Info]任务ID：2 触发命中，当前已命中次数：98
[2020-8-13 16:02:59][Info]任务ID：2 触发命中，当前已命中次数：99
[2020-8-13 16:03:00][Info]任务ID：2 触发命中，当前已命中次数：100
[2020-8-13 16:03:01][Info]任务ID：2 触发命中，当前已命中次数：101
[2020-8-13 16:03:02][Info]任务ID：2 触发命中，当前已命中次数：102
[2020-8-13 16:03:03][Info]任务ID：2 触发命中，当前已命中次数：103
[2020-8-13 16:03:04][Info]任务ID：2 触发命中，当前已命中次数：104
[2020-8-13 16:03:05][Info]任务ID：2 触发命中，当前已命中次数：105
[2020-8-13 16:03:06][Info]任务ID：2 触发命中，当前已命中次数：106
[2020-8-13 16:03:07][Info]任务ID：2 触发命中，当前已命中次数：107
[2020-8-13 16:03:08][Info]任务ID：2 触发命中，当前已命中次数：108
[2020-8-13 16:03:09][Info]任务ID：2 触发命中，当前已命中次数：109
[2020-8-13 16:03:10][Info]任务ID：2 触发命中，当前已命中次数：110
[2020-8-13 16:03:11][Info]任务ID：2 触发命中，当前已命中次数：111
[2020-8-13 16:03:12][Info]任务ID：2 触发命中，当前已命中次数：112
[2020-8-13 16:03:13][Info]任务ID：2 触发命中，当前已命中次数：113
[2020-8-13 16:03:14][Info]任务ID：2 触发命中，当前已命中次数：114
[2020-8-13 16:03:15][Info]任务ID：2 触发命中，当前已命中次数：115
[2020-8-13 16:03:16][Info]任务ID：2 触发命中，当前已命中次数：116
[2020-8-13 16:03:17][Info]任务ID：2 触发命中，当前已命中次数：117
[2020-8-13 16:03:18][Info]任务ID：2 触发命中，当前已命中次数：118
[2020-8-13 16:03:19][Info]任务ID：2 触发命中，当前已命中次数：119
[2020-8-13 16:03:20][Info]任务ID：2 触发命中，当前已命中次数：120
[2020-8-13 16:03:21][Info]任务ID：2 触发命中，当前已命中次数：121
[2020-8-13 16:03:22][Info]任务ID：2 触发命中，当前已命中次数：122
[2020-8-13 16:03:23][Info]任务ID：2 触发命中，当前已命中次数：123
[2020-8-13 16:03:25][Info]任务ID：2 触发命中，当前已命中次数：124
[2020-8-13 16:03:26][Info]任务ID：2 触发命中，当前已命中次数：125
[2020-8-13 16:03:27][Info]任务ID：2 触发命中，当前已命中次数：126
[2020-8-13 16:03:28][Info]任务ID：2 触发命中，当前已命中次数：127
[2020-8-13 16:03:29][Info]任务ID：2 触发命中，当前已命中次数：128
[2020-8-13 16:03:30][Info]任务ID：2 触发命中，当前已命中次数：129
[2020-8-13 16:03:31][Info]任务ID：2 触发命中，当前已命中次数：130
[2020-8-13 16:03:32][Info]任务ID：2 触发命中，当前已命中次数：131
[2020-8-13 16:03:33][Info]任务ID：2 触发命中，当前已命中次数：132
[2020-8-13 16:03:34][Info]任务ID：2 触发命中，当前已命中次数：133
[2020-8-13 16:03:35][Info]任务ID：2 触发命中，当前已命中次数：134
[2020-8-13 16:03:36][Info]任务ID：2 触发命中，当前已命中次数：135
[2020-8-13 16:03:37][Info]任务ID：2 触发命中，当前已命中次数：136
[2020-8-13 16:03:38][Info]任务ID：2 触发命中，当前已命中次数：137
[2020-8-13 16:03:39][Info]任务ID：2 触发命中，当前已命中次数：138
[2020-8-13 16:03:40][Info]任务ID：2 触发命中，当前已命中次数：139
[2020-8-13 16:03:41][Info]任务ID：2 触发命中，当前已命中次数：140
[2020-8-13 16:03:42][Info]任务ID：2 触发命中，当前已命中次数：141
[2020-8-13 16:03:43][Info]任务ID：2 触发命中，当前已命中次数：142
[2020-8-13 16:03:44][Info]任务ID：2 触发命中，当前已命中次数：143
[2020-8-13 16:03:45][Info]任务ID：2 触发命中，当前已命中次数：144
[2020-8-13 16:03:46][Info]任务ID：2 触发命中，当前已命中次数：145
[2020-8-13 16:03:47][Info]任务ID：2 触发命中，当前已命中次数：146
[2020-8-13 16:03:48][Info]任务ID：2 触发命中，当前已命中次数：147
[2020-8-13 16:03:49][Info]任务ID：2 触发命中，当前已命中次数：148
[2020-8-13 16:03:50][Info]任务ID：2 触发命中，当前已命中次数：149
[2020-8-13 16:03:51][Info]任务ID：2 触发命中，当前已命中次数：150
[2020-8-13 16:03:52][Info]任务ID：2 触发命中，当前已命中次数：151
[2020-8-13 16:03:53][Info]任务ID：2 触发命中，当前已命中次数：152
[2020-8-13 16:03:54][Info]任务ID：2 触发命中，当前已命中次数：153
[2020-8-13 16:03:55][Info]任务ID：2 触发命中，当前已命中次数：154
[2020-8-13 16:03:56][Info]任务ID：2 触发命中，当前已命中次数：155
[2020-8-13 16:03:57][Info]任务ID：2 触发命中，当前已命中次数：156
[2020-8-13 16:03:58][Info]任务ID：2 触发命中，当前已命中次数：157
[2020-8-13 16:03:59][Info]任务ID：2 触发命中，当前已命中次数：158
[2020-8-13 16:04:00][Info]任务ID：2 触发命中，当前已命中次数：159
[2020-8-13 16:04:01][Info]任务ID：2 触发命中，当前已命中次数：160
[2020-8-13 16:04:02][Info]任务ID：2 触发命中，当前已命中次数：161
[2020-8-13 16:04:03][Info]任务ID：2 触发命中，当前已命中次数：162
[2020-8-13 16:04:04][Info]任务ID：2 触发命中，当前已命中次数：163
[2020-8-13 16:04:05][Info]任务ID：2 触发命中，当前已命中次数：164
[2020-8-13 16:04:06][Info]任务ID：2 触发命中，当前已命中次数：165
[2020-8-13 16:04:07][Info]任务ID：2 触发命中，当前已命中次数：166
[2020-8-13 16:04:08][Info]任务ID：2 触发命中，当前已命中次数：167
[2020-8-13 16:04:09][Info]任务ID：2 触发命中，当前已命中次数：168
[2020-8-13 16:04:10][Info]任务ID：2 触发命中，当前已命中次数：169
[2020-8-13 16:04:11][Info]任务ID：2 触发命中，当前已命中次数：170
[2020-8-13 16:04:12][Info]任务ID：2 触发命中，当前已命中次数：171
[2020-8-13 16:04:13][Info]任务ID：2 触发命中，当前已命中次数：172
[2020-8-13 16:04:14][Info]任务ID：2 触发命中，当前已命中次数：173
[2020-8-13 16:04:15][Info]任务ID：2 触发命中，当前已命中次数：174
[2020-8-13 16:04:16][Info]任务ID：2 触发命中，当前已命中次数：175
[2020-8-13 16:04:17][Info]任务ID：2 触发命中，当前已命中次数：176
[2020-8-13 16:04:18][Info]任务ID：2 触发命中，当前已命中次数：177
[2020-8-13 16:04:19][Info]任务ID：2 触发命中，当前已命中次数：178
[2020-8-13 16:04:20][Info]任务ID：2 触发命中，当前已命中次数：179
[2020-8-13 16:04:21][Info]任务ID：2 触发命中，当前已命中次数：180
[2020-8-13 16:04:22][Info]任务ID：2 触发命中，当前已命中次数：181
[2020-8-13 16:04:23][Info]任务ID：2 触发命中，当前已命中次数：182
[2020-8-13 16:04:24][Info]任务ID：2 触发命中，当前已命中次数：183
[2020-8-13 16:04:25][Info]任务ID：2 触发命中，当前已命中次数：184
[2020-8-13 16:04:26][Info]任务ID：2 触发命中，当前已命中次数：185
[2020-8-13 16:04:27][Info]任务ID：2 触发命中，当前已命中次数：186
[2020-8-13 16:04:28][Info]任务ID：2 触发命中，当前已命中次数：187
[2020-8-13 16:04:29][Info]任务ID：2 触发命中，当前已命中次数：188
[2020-8-13 16:04:30][Info]任务ID：2 触发命中，当前已命中次数：189
[2020-8-13 16:04:31][Info]任务ID：2 触发命中，当前已命中次数：190
[2020-8-13 16:04:32][Info]任务ID：2 触发命中，当前已命中次数：191
[2020-8-13 16:04:33][Info]任务ID：2 触发命中，当前已命中次数：192
[2020-8-13 16:04:34][Info]任务ID：2 触发命中，当前已命中次数：193
[2020-8-13 16:04:35][Info]任务ID：2 触发命中，当前已命中次数：194
[2020-8-13 16:04:36][Info]任务ID：2 触发命中，当前已命中次数：195
[2020-8-13 16:04:38][Info]任务ID：2 触发命中，当前已命中次数：196
[2020-8-13 16:04:39][Info]任务ID：2 触发命中，当前已命中次数：197
[2020-8-13 16:04:40][Info]任务ID：2 触发命中，当前已命中次数：198
[2020-8-13 16:04:41][Info]任务ID：2 触发命中，当前已命中次数：199
[2020-8-13 16:04:42][Info]任务ID：2 触发命中，当前已命中次数：200
[2020-8-13 16:04:43][Info]任务ID：2 触发命中，当前已命中次数：201
[2020-8-13 16:04:44][Info]任务ID：2 触发命中，当前已命中次数：202
[2020-8-13 16:04:45][Info]任务ID：2 触发命中，当前已命中次数：203
[2020-8-13 16:04:46][Info]任务ID：2 触发命中，当前已命中次数：204
[2020-8-13 16:04:47][Info]任务ID：2 触发命中，当前已命中次数：205
[2020-8-13 16:04:48][Info]任务ID：2 触发命中，当前已命中次数：206
[2020-8-13 16:04:49][Info]任务ID：2 触发命中，当前已命中次数：207
[2020-8-13 16:04:50][Info]任务ID：2 触发命中，当前已命中次数：208
[2020-8-13 16:04:51][Info]任务ID：2 触发命中，当前已命中次数：209
[2020-8-13 16:04:52][Info]任务ID：2 触发命中，当前已命中次数：210
[2020-8-13 16:04:53][Info]任务ID：2 触发命中，当前已命中次数：211
[2020-8-13 16:04:54][Info]任务ID：2 触发命中，当前已命中次数：212
[2020-8-13 16:04:55][Info]任务ID：2 触发命中，当前已命中次数：213
[2020-8-13 16:04:56][Info]任务ID：2 触发命中，当前已命中次数：214
[2020-8-13 16:04:57][Info]任务ID：2 触发命中，当前已命中次数：215
[2020-8-13 16:04:58][Info]任务ID：2 触发命中，当前已命中次数：216
[2020-8-13 16:04:59][Info]任务ID：2 触发命中，当前已命中次数：217
[2020-8-13 16:05:00][Info]任务ID：2 触发命中，当前已命中次数：218
[2020-8-13 16:05:01][Info]任务ID：2 触发命中，当前已命中次数：219
[2020-8-13 16:05:02][Info]任务ID：2 触发命中，当前已命中次数：220
[2020-8-13 16:05:03][Info]任务ID：2 触发命中，当前已命中次数：221
[2020-8-13 16:05:04][Info]任务ID：2 触发命中，当前已命中次数：222
[2020-8-13 16:05:05][Info]任务ID：2 触发命中，当前已命中次数：223
[2020-8-13 16:05:06][Info]任务ID：2 触发命中，当前已命中次数：224
[2020-8-13 16:05:07][Info]任务ID：2 触发命中，当前已命中次数：225
[2020-8-13 16:05:08][Info]任务ID：2 触发命中，当前已命中次数：226
[2020-8-13 16:05:09][Info]任务ID：2 触发命中，当前已命中次数：227
[2020-8-13 16:05:10][Info]任务ID：2 触发命中，当前已命中次数：228
[2020-8-13 16:05:11][Info]任务ID：2 触发命中，当前已命中次数：229
[2020-8-13 16:05:12][Info]任务ID：2 触发命中，当前已命中次数：230
[2020-8-13 16:05:13][Info]任务ID：2 触发命中，当前已命中次数：231
[2020-8-13 16:05:14][Info]任务ID：2 触发命中，当前已命中次数：232
[2020-8-13 16:05:15][Info]任务ID：2 触发命中，当前已命中次数：233
[2020-8-13 16:05:16][Info]任务ID：2 触发命中，当前已命中次数：234
[2020-8-13 16:05:17][Info]任务ID：2 触发命中，当前已命中次数：235
[2020-8-13 16:05:18][Info]任务ID：2 触发命中，当前已命中次数：236
[2020-8-13 16:05:19][Info]任务ID：2 触发命中，当前已命中次数：237
[2020-8-13 16:05:20][Info]任务ID：2 触发命中，当前已命中次数：238
[2020-8-13 16:05:21][Info]任务ID：2 触发命中，当前已命中次数：239
[2020-8-13 16:05:22][Info]任务ID：2 触发命中，当前已命中次数：240
[2020-8-13 16:05:23][Info]任务ID：2 触发命中，当前已命中次数：241
[2020-8-13 16:05:24][Info]任务ID：2 触发命中，当前已命中次数：242
[2020-8-13 16:05:25][Info]任务ID：2 触发命中，当前已命中次数：243
[2020-8-13 16:05:26][Info]任务ID：2 触发命中，当前已命中次数：244
[2020-8-13 16:05:27][Info]任务ID：2 触发命中，当前已命中次数：245
[2020-8-13 16:05:28][Info]任务ID：2 触发命中，当前已命中次数：246
[2020-8-13 16:05:29][Info]任务ID：2 触发命中，当前已命中次数：247
[2020-8-13 16:05:30][Info]任务ID：2 触发命中，当前已命中次数：248
[2020-8-13 16:05:31][Info]任务ID：2 触发命中，当前已命中次数：249
[2020-8-13 16:05:32][Info]任务ID：2 触发命中，当前已命中次数：250
[2020-8-13 16:05:33][Info]任务ID：2 触发命中，当前已命中次数：251
[2020-8-13 16:05:34][Info]任务ID：2 触发命中，当前已命中次数：252
[2020-8-13 16:05:35][Info]任务ID：2 触发命中，当前已命中次数：253
[2020-8-13 16:05:36][Info]任务ID：2 触发命中，当前已命中次数：254
[2020-8-13 16:05:37][Info]任务ID：2 触发命中，当前已命中次数：255
[2020-8-13 16:05:38][Info]任务ID：2 触发命中，当前已命中次数：256
[2020-8-13 16:05:39][Info]任务ID：2 触发命中，当前已命中次数：257
[2020-8-13 16:05:40][Info]任务ID：2 触发命中，当前已命中次数：258
[2020-8-13 16:05:41][Info]任务ID：2 触发命中，当前已命中次数：259
[2020-8-13 16:05:42][Info]任务ID：2 触发命中，当前已命中次数：260
[2020-8-13 16:05:43][Info]任务ID：2 触发命中，当前已命中次数：261
[2020-8-13 16:05:44][Info]任务ID：2 触发命中，当前已命中次数：262
[2020-8-13 16:05:45][Info]任务ID：2 触发命中，当前已命中次数：263
[2020-8-13 16:05:46][Info]任务ID：2 触发命中，当前已命中次数：264
[2020-8-13 16:05:47][Info]任务ID：2 触发命中，当前已命中次数：265
[2020-8-13 16:05:48][Info]任务ID：2 触发命中，当前已命中次数：266
[2020-8-13 16:05:50][Info]任务ID：2 触发命中，当前已命中次数：267
[2020-8-13 16:05:51][Info]任务ID：2 触发命中，当前已命中次数：268
[2020-8-13 16:05:52][Info]任务ID：2 触发命中，当前已命中次数：269
[2020-8-13 16:05:53][Info]任务ID：2 触发命中，当前已命中次数：270
[2020-8-13 16:05:54][Info]任务ID：2 触发命中，当前已命中次数：271
[2020-8-13 16:05:55][Info]任务ID：2 触发命中，当前已命中次数：272
[2020-8-13 16:05:56][Info]任务ID：2 触发命中，当前已命中次数：273
[2020-8-13 16:05:57][Info]任务ID：2 触发命中，当前已命中次数：274
[2020-8-13 16:05:58][Info]任务ID：2 触发命中，当前已命中次数：275
[2020-8-13 16:05:59][Info]任务ID：2 触发命中，当前已命中次数：276
[2020-8-13 16:06:00][Info]任务ID：2 触发命中，当前已命中次数：277
[2020-8-13 16:06:01][Info]任务ID：2 触发命中，当前已命中次数：278
[2020-8-13 16:06:02][Info]任务ID：2 触发命中，当前已命中次数：279
[2020-8-13 16:06:03][Info]任务ID：2 触发命中，当前已命中次数：280
[2020-8-13 16:06:04][Info]任务ID：2 触发命中，当前已命中次数：281
[2020-8-13 16:06:05][Info]任务ID：2 触发命中，当前已命中次数：282
[2020-8-13 16:06:06][Info]任务ID：2 触发命中，当前已命中次数：283
[2020-8-13 16:06:07][Info]任务ID：2 触发命中，当前已命中次数：284
[2020-8-13 16:06:08][Info]任务ID：2 触发命中，当前已命中次数：285
[2020-8-13 16:06:09][Info]任务ID：2 触发命中，当前已命中次数：286
[2020-8-13 16:06:10][Info]任务ID：2 触发命中，当前已命中次数：287
[2020-8-13 16:06:11][Info]任务ID：2 触发命中，当前已命中次数：288
[2020-8-13 16:06:12][Info]任务ID：2 触发命中，当前已命中次数：289
[2020-8-13 16:06:13][Info]任务ID：2 触发命中，当前已命中次数：290
[2020-8-13 16:06:14][Info]任务ID：2 触发命中，当前已命中次数：291
[2020-8-13 16:06:15][Info]任务ID：2 触发命中，当前已命中次数：292
[2020-8-13 16:06:16][Info]任务ID：2 触发命中，当前已命中次数：293
[2020-8-13 16:06:17][Info]任务ID：2 触发命中，当前已命中次数：294
[2020-8-13 16:06:18][Info]任务ID：2 触发命中，当前已命中次数：295
[2020-8-13 16:06:19][Info]任务ID：2 触发命中，当前已命中次数：296
[2020-8-13 16:06:20][Info]任务ID：2 触发命中，当前已命中次数：297
[2020-8-13 16:06:21][Info]任务ID：2 触发命中，当前已命中次数：298
[2020-8-13 16:06:22][Info]任务ID：2 触发命中，当前已命中次数：299
[2020-8-13 16:06:23][Info]任务ID：2 触发命中，当前已命中次数：300
[2020-8-13 16:06:24][Info]任务ID：2 触发命中，当前已命中次数：301
[2020-8-13 16:06:25][Info]任务ID：2 触发命中，当前已命中次数：302
[2020-8-13 16:06:26][Info]任务ID：2 触发命中，当前已命中次数：303
[2020-8-13 16:06:27][Info]任务ID：2 触发命中，当前已命中次数：304
[2020-8-13 16:06:28][Info]任务ID：2 触发命中，当前已命中次数：305
[2020-8-13 16:06:29][Info]任务ID：2 触发命中，当前已命中次数：306
[2020-8-13 16:06:30][Info]任务ID：2 触发命中，当前已命中次数：307
[2020-8-13 16:06:31][Info]任务ID：2 触发命中，当前已命中次数：308
[2020-8-13 16:06:32][Info]任务ID：2 触发命中，当前已命中次数：309
[2020-8-13 16:06:33][Info]任务ID：2 触发命中，当前已命中次数：310
[2020-8-13 16:06:34][Info]任务ID：2 触发命中，当前已命中次数：311
[2020-8-13 16:06:35][Info]任务ID：2 触发命中，当前已命中次数：312
[2020-8-13 16:06:36][Info]任务ID：2 触发命中，当前已命中次数：313
[2020-8-13 16:06:37][Info]任务ID：2 触发命中，当前已命中次数：314
[2020-8-13 16:06:38][Info]任务ID：2 触发命中，当前已命中次数：315
[2020-8-13 16:06:39][Info]任务ID：2 触发命中，当前已命中次数：316
[2020-8-13 16:06:40][Info]任务ID：2 触发命中，当前已命中次数：317
[2020-8-13 16:06:41][Info]任务ID：2 触发命中，当前已命中次数：318
[2020-8-13 16:06:42][Info]任务ID：2 触发命中，当前已命中次数：319
[2020-8-13 16:06:43][Info]任务ID：2 触发命中，当前已命中次数：320
[2020-8-13 16:06:44][Info]任务ID：2 触发命中，当前已命中次数：321
[2020-8-13 16:06:45][Info]任务ID：2 触发命中，当前已命中次数：322
[2020-8-13 16:06:46][Info]任务ID：2 触发命中，当前已命中次数：323
[2020-8-13 16:06:47][Info]任务ID：2 触发命中，当前已命中次数：324
[2020-8-13 16:06:48][Info]任务ID：2 触发命中，当前已命中次数：325
[2020-8-13 16:06:49][Info]任务ID：2 触发命中，当前已命中次数：326
[2020-8-13 16:06:50][Info]任务ID：2 触发命中，当前已命中次数：327
[2020-8-13 16:06:51][Info]任务ID：2 触发命中，当前已命中次数：328
[2020-8-13 16:06:52][Info]任务ID：2 触发命中，当前已命中次数：329
[2020-8-13 16:06:53][Info]任务ID：2 触发命中，当前已命中次数：330
[2020-8-13 16:06:54][Info]任务ID：2 触发命中，当前已命中次数：331
[2020-8-13 16:06:55][Info]任务ID：2 触发命中，当前已命中次数：332
[2020-8-13 16:06:56][Info]任务ID：2 触发命中，当前已命中次数：333
[2020-8-13 16:06:57][Info]任务ID：2 触发命中，当前已命中次数：334
[2020-8-13 16:06:58][Info]任务ID：2 触发命中，当前已命中次数：335
[2020-8-13 16:06:59][Info]任务ID：2 触发命中，当前已命中次数：336
[2020-8-13 16:07:00][Info]任务ID：2 触发命中，当前已命中次数：337
[2020-8-13 16:07:01][Info]任务ID：2 触发命中，当前已命中次数：338
[2020-8-13 16:07:03][Info]任务ID：2 触发命中，当前已命中次数：339
[2020-8-13 16:07:04][Info]任务ID：2 触发命中，当前已命中次数：340
[2020-8-13 16:07:05][Info]任务ID：2 触发命中，当前已命中次数：341
[2020-8-13 16:07:06][Info]任务ID：2 触发命中，当前已命中次数：342
[2020-8-13 16:07:07][Info]任务ID：2 触发命中，当前已命中次数：343
[2020-8-13 16:07:08][Info]任务ID：2 触发命中，当前已命中次数：344
[2020-8-13 16:07:09][Info]任务ID：2 触发命中，当前已命中次数：345
[2020-8-13 16:07:10][Info]任务ID：2 触发命中，当前已命中次数：346
[2020-8-13 16:07:11][Info]任务ID：2 触发命中，当前已命中次数：347
[2020-8-13 16:07:12][Info]任务ID：2 触发命中，当前已命中次数：348
[2020-8-13 16:07:13][Info]任务ID：2 触发命中，当前已命中次数：349
[2020-8-13 16:07:14][Info]任务ID：2 触发命中，当前已命中次数：350
[2020-8-13 16:07:15][Info]任务ID：2 触发命中，当前已命中次数：351
[2020-8-13 16:07:16][Info]任务ID：2 触发命中，当前已命中次数：352
[2020-8-13 16:07:17][Info]任务ID：2 触发命中，当前已命中次数：353
[2020-8-13 16:07:18][Info]任务ID：2 触发命中，当前已命中次数：354
[2020-8-13 16:07:19][Info]任务ID：2 触发命中，当前已命中次数：355
[2020-8-13 16:07:20][Info]任务ID：2 触发命中，当前已命中次数：356
[2020-8-13 16:07:21][Info]任务ID：2 触发命中，当前已命中次数：357
[2020-8-13 16:07:22][Info]任务ID：2 触发命中，当前已命中次数：358
[2020-8-13 16:07:23][Info]任务ID：2 触发命中，当前已命中次数：359
[2020-8-13 16:07:24][Info]任务ID：2 触发命中，当前已命中次数：360
[2020-8-13 16:07:25][Info]任务ID：2 触发命中，当前已命中次数：361
[2020-8-13 16:07:26][Info]任务ID：2 触发命中，当前已命中次数：362
[2020-8-13 16:07:27][Info]任务ID：2 触发命中，当前已命中次数：363
[2020-8-13 16:07:28][Info]任务ID：2 触发命中，当前已命中次数：364
[2020-8-13 16:07:29][Info]任务ID：2 触发命中，当前已命中次数：365
[2020-8-13 16:07:30][Info]任务ID：2 触发命中，当前已命中次数：366
[2020-8-13 16:07:31][Info]任务ID：2 触发命中，当前已命中次数：367
[2020-8-13 16:07:32][Info]任务ID：2 触发命中，当前已命中次数：368
[2020-8-13 16:07:33][Info]任务ID：2 触发命中，当前已命中次数：369
[2020-8-13 16:07:34][Info]任务ID：2 触发命中，当前已命中次数：370
[2020-8-13 16:07:35][Info]任务ID：2 触发命中，当前已命中次数：371
[2020-8-13 16:07:36][Info]任务ID：2 触发命中，当前已命中次数：372
[2020-8-13 16:07:37][Info]任务ID：2 触发命中，当前已命中次数：373
[2020-8-13 16:07:38][Info]任务ID：2 触发命中，当前已命中次数：374
[2020-8-13 16:07:39][Info]任务ID：2 触发命中，当前已命中次数：375
[2020-8-13 16:07:40][Info]任务ID：2 触发命中，当前已命中次数：376
[2020-8-13 16:07:41][Info]任务ID：2 触发命中，当前已命中次数：377
[2020-8-13 16:07:42][Info]任务ID：2 触发命中，当前已命中次数：378
[2020-8-13 16:07:43][Info]任务ID：2 触发命中，当前已命中次数：379
[2020-8-13 16:07:44][Info]任务ID：2 触发命中，当前已命中次数：380
[2020-8-13 16:07:45][Info]任务ID：2 触发命中，当前已命中次数：381
[2020-8-13 16:07:46][Info]任务ID：2 触发命中，当前已命中次数：382
[2020-8-13 16:07:47][Info]任务ID：2 触发命中，当前已命中次数：383
[2020-8-13 16:07:48][Info]任务ID：2 触发命中，当前已命中次数：384
[2020-8-13 16:07:49][Info]任务ID：2 触发命中，当前已命中次数：385
[2020-8-13 16:07:50][Info]任务ID：2 触发命中，当前已命中次数：386
[2020-8-13 16:07:51][Info]任务ID：2 触发命中，当前已命中次数：387
[2020-8-13 16:07:52][Info]任务ID：2 触发命中，当前已命中次数：388
[2020-8-13 16:07:53][Info]任务ID：2 触发命中，当前已命中次数：389
[2020-8-13 16:07:54][Info]任务ID：2 触发命中，当前已命中次数：390
[2020-8-13 16:07:55][Info]任务ID：2 触发命中，当前已命中次数：391
[2020-8-13 16:07:56][Info]任务ID：2 触发命中，当前已命中次数：392
[2020-8-13 16:07:57][Info]任务ID：2 触发命中，当前已命中次数：393
[2020-8-13 16:07:58][Info]任务ID：2 触发命中，当前已命中次数：394
[2020-8-13 16:07:59][Info]任务ID：2 触发命中，当前已命中次数：395
[2020-8-13 16:08:00][Info]任务ID：2 触发命中，当前已命中次数：396
[2020-8-13 16:08:01][Info]任务ID：2 触发命中，当前已命中次数：397
[2020-8-13 16:08:02][Info]任务ID：2 触发命中，当前已命中次数：398
[2020-8-13 16:08:03][Info]任务ID:2状态变更为 停止
[2020-8-13 16:08:03][System]程序退出
[2020-8-13 16:09:00][System]初始化结束....
[2020-8-13 16:09:14][Info]任务ID:2状态变更为 启动
[2020-8-13 16:09:16][Info]任务ID：2 触发命中，当前已命中次数：1
[2020-8-13 16:09:16][Info]任务ID：2 触发命中，当前已命中次数：2
[2020-8-13 16:09:28][Info]任务ID:3状态变更为 启动
[2020-8-13 16:09:28][Info]任务ID：2 触发命中，当前已命中次数：3
[2020-8-13 16:09:28][Info]任务ID：2 触发命中，当前已命中次数：4
[2020-8-13 16:09:29][Info]任务ID：2 触发命中，当前已命中次数：5
[2020-8-13 16:09:30][Info]任务ID：3 触发命中，当前已命中次数：1
[2020-8-13 16:09:30][Info]任务ID：3 触发命中，当前已命中次数：2
[2020-8-13 16:09:30][Info]任务ID：2 触发命中，当前已命中次数：6
[2020-8-13 16:09:31][Info]任务ID：3 触发命中，当前已命中次数：3
[2020-8-13 16:09:31][Info]任务ID：2 触发命中，当前已命中次数：7
[2020-8-13 16:09:32][Info]任务ID：3 触发命中，当前已命中次数：4
[2020-8-13 16:09:32][Info]任务ID：2 触发命中，当前已命中次数：8
[2020-8-13 16:09:33][Info]任务ID：3 触发命中，当前已命中次数：5
[2020-8-13 16:09:33][Info]任务ID：2 触发命中，当前已命中次数：9
[2020-8-13 16:09:34][Info]任务ID：3 触发命中，当前已命中次数：6
[2020-8-13 16:09:34][Info]任务ID：2 触发命中，当前已命中次数：10
[2020-8-13 16:09:35][Info]任务ID：3 触发命中，当前已命中次数：7
[2020-8-13 16:09:35][Info]任务ID：2 触发命中，当前已命中次数：11
[2020-8-13 16:09:36][Info]任务ID：3 触发命中，当前已命中次数：8
[2020-8-13 16:09:36][Info]任务ID：2 触发命中，当前已命中次数：12
[2020-8-13 16:09:37][Info]任务ID：3 触发命中，当前已命中次数：9
[2020-8-13 16:09:37][Info]任务ID：2 触发命中，当前已命中次数：13
[2020-8-13 16:09:38][Info]任务ID：3 触发命中，当前已命中次数：10
[2020-8-13 16:09:38][Info]任务ID：2 触发命中，当前已命中次数：14
[2020-8-13 16:09:39][Info]任务ID：3 触发命中，当前已命中次数：11
[2020-8-13 16:09:39][Info]任务ID：2 触发命中，当前已命中次数：15
[2020-8-13 16:09:40][Info]任务ID：3 触发命中，当前已命中次数：12
[2020-8-13 16:09:40][Info]任务ID：2 触发命中，当前已命中次数：16
[2020-8-13 16:09:41][Info]任务ID：3 触发命中，当前已命中次数：13
[2020-8-13 16:09:41][Info]任务ID：2 触发命中，当前已命中次数：17
[2020-8-13 16:09:42][Info]任务ID：3 触发命中，当前已命中次数：14
[2020-8-13 16:09:42][Info]任务ID：2 触发命中，当前已命中次数：18
[2020-8-13 16:09:43][Info]任务ID：3 触发命中，当前已命中次数：15
[2020-8-13 16:09:43][Info]任务ID：2 触发命中，当前已命中次数：19
[2020-8-13 16:09:44][Info]任务ID：3 触发命中，当前已命中次数：16
[2020-8-13 16:09:44][Info]任务ID：2 触发命中，当前已命中次数：20
[2020-8-13 16:09:45][Info]任务ID：3 触发命中，当前已命中次数：17
[2020-8-13 16:09:45][Info]任务ID：2 触发命中，当前已命中次数：21
[2020-8-13 16:09:46][Info]任务ID：3 触发命中，当前已命中次数：18
[2020-8-13 16:09:46][Info]任务ID：2 触发命中，当前已命中次数：22
[2020-8-13 16:09:47][Info]任务ID：3 触发命中，当前已命中次数：19
[2020-8-13 16:09:47][Info]任务ID：2 触发命中，当前已命中次数：23
[2020-8-13 16:09:48][Info]任务ID：3 触发命中，当前已命中次数：20
[2020-8-13 16:09:48][Info]任务ID：2 触发命中，当前已命中次数：24
[2020-8-13 16:09:49][Info]任务ID：3 触发命中，当前已命中次数：21
[2020-8-13 16:09:49][Info]任务ID：2 触发命中，当前已命中次数：25
[2020-8-13 16:09:50][Info]任务ID：3 触发命中，当前已命中次数：22
[2020-8-13 16:09:50][Info]任务ID：2 触发命中，当前已命中次数：26
[2020-8-13 16:09:51][Info]任务ID：3 触发命中，当前已命中次数：23
[2020-8-13 16:09:51][Info]任务ID：2 触发命中，当前已命中次数：27
[2020-8-13 16:09:52][Info]任务ID：3 触发命中，当前已命中次数：24
[2020-8-13 16:09:52][Info]任务ID：2 触发命中，当前已命中次数：28
[2020-8-13 16:09:53][Info]任务ID：3 触发命中，当前已命中次数：25
[2020-8-13 16:09:53][Info]任务ID：2 触发命中，当前已命中次数：29
[2020-8-13 16:09:54][Info]任务ID：3 触发命中，当前已命中次数：26
[2020-8-13 16:09:54][Info]任务ID：2 触发命中，当前已命中次数：30
[2020-8-13 16:09:55][Info]任务ID：3 触发命中，当前已命中次数：27
[2020-8-13 16:09:55][Info]任务ID：2 触发命中，当前已命中次数：31
[2020-8-13 16:09:56][Info]任务ID：3 触发命中，当前已命中次数：28
[2020-8-13 16:09:56][Info]任务ID：2 触发命中，当前已命中次数：32
[2020-8-13 16:09:57][Info]任务ID：3 触发命中，当前已命中次数：29
[2020-8-13 16:09:57][Info]任务ID：2 触发命中，当前已命中次数：33
[2020-8-13 16:09:58][Info]任务ID：3 触发命中，当前已命中次数：30
[2020-8-13 16:09:58][Info]任务ID：2 触发命中，当前已命中次数：34
[2020-8-13 16:09:59][Info]任务ID：3 触发命中，当前已命中次数：31
[2020-8-13 16:09:59][Info]任务ID：2 触发命中，当前已命中次数：35
[2020-8-13 16:10:00][Info]任务ID：3 触发命中，当前已命中次数：32
[2020-8-13 16:10:00][Info]任务ID：2 触发命中，当前已命中次数：36
[2020-8-13 16:10:01][Info]任务ID：3 触发命中，当前已命中次数：33
[2020-8-13 16:10:01][Info]任务ID：2 触发命中，当前已命中次数：37
[2020-8-13 16:10:02][Info]任务ID：3 触发命中，当前已命中次数：34
[2020-8-13 16:10:02][Info]任务ID：2 触发命中，当前已命中次数：38
[2020-8-13 16:10:03][Info]任务ID：3 触发命中，当前已命中次数：35
[2020-8-13 16:10:03][Info]任务ID：2 触发命中，当前已命中次数：39
[2020-8-13 16:10:04][Info]任务ID：3 触发命中，当前已命中次数：36
[2020-8-13 16:10:04][Info]任务ID：2 触发命中，当前已命中次数：40
[2020-8-13 16:10:05][Info]任务ID：3 触发命中，当前已命中次数：37
[2020-8-13 16:10:05][Info]任务ID：2 触发命中，当前已命中次数：41
[2020-8-13 16:10:06][Info]任务ID：3 触发命中，当前已命中次数：38
[2020-8-13 16:10:06][Info]任务ID：2 触发命中，当前已命中次数：42
[2020-8-13 16:10:07][Info]任务ID：3 触发命中，当前已命中次数：39
[2020-8-13 16:10:07][Info]任务ID：2 触发命中，当前已命中次数：43
[2020-8-13 16:10:08][Info]任务ID：3 触发命中，当前已命中次数：40
[2020-8-13 16:10:08][Info]任务ID：2 触发命中，当前已命中次数：44
[2020-8-13 16:10:09][Info]任务ID：3 触发命中，当前已命中次数：41
[2020-8-13 16:10:09][Info]任务ID：2 触发命中，当前已命中次数：45
[2020-8-13 16:10:10][Info]任务ID：3 触发命中，当前已命中次数：42
[2020-8-13 16:10:10][Info]任务ID：2 触发命中，当前已命中次数：46
[2020-8-13 16:10:11][Info]任务ID：3 触发命中，当前已命中次数：43
[2020-8-13 16:10:11][Info]任务ID：2 触发命中，当前已命中次数：47
[2020-8-13 16:10:12][Info]任务ID：3 触发命中，当前已命中次数：44
[2020-8-13 16:10:12][Info]任务ID：2 触发命中，当前已命中次数：48
[2020-8-13 16:10:13][Info]任务ID：3 触发命中，当前已命中次数：45
[2020-8-13 16:10:14][Info]任务ID：2 触发命中，当前已命中次数：49
[2020-8-13 16:10:14][Info]任务ID：3 触发命中，当前已命中次数：46
[2020-8-13 16:10:15][Info]任务ID：2 触发命中，当前已命中次数：50
[2020-8-13 16:10:15][Info]任务ID：3 触发命中，当前已命中次数：47
[2020-8-13 16:10:16][Info]任务ID：2 触发命中，当前已命中次数：51
[2020-8-13 16:10:16][Info]任务ID：3 触发命中，当前已命中次数：48
[2020-8-13 16:10:17][Info]任务ID：2 触发命中，当前已命中次数：52
[2020-8-13 16:10:17][Info]任务ID：3 触发命中，当前已命中次数：49
[2020-8-13 16:10:18][Info]任务ID：2 触发命中，当前已命中次数：53
[2020-8-13 16:10:18][Info]任务ID：3 触发命中，当前已命中次数：50
[2020-8-13 16:10:19][Info]任务ID：2 触发命中，当前已命中次数：54
[2020-8-13 16:10:19][Info]任务ID：3 触发命中，当前已命中次数：51
[2020-8-13 16:10:20][Info]任务ID：2 触发命中，当前已命中次数：55
[2020-8-13 16:10:20][Info]任务ID：3 触发命中，当前已命中次数：52
[2020-8-13 16:10:21][Info]任务ID：2 触发命中，当前已命中次数：56
[2020-8-13 16:10:21][Info]任务ID：3 触发命中，当前已命中次数：53
[2020-8-13 16:10:22][Info]任务ID：2 触发命中，当前已命中次数：57
[2020-8-13 16:10:22][Info]任务ID：3 触发命中，当前已命中次数：54
[2020-8-13 16:10:23][Info]任务ID：2 触发命中，当前已命中次数：58
[2020-8-13 16:10:23][Info]任务ID：3 触发命中，当前已命中次数：55
[2020-8-13 16:10:24][Info]任务ID：2 触发命中，当前已命中次数：59
[2020-8-13 16:10:24][Info]任务ID：3 触发命中，当前已命中次数：56
[2020-8-13 16:10:25][Info]任务ID：2 触发命中，当前已命中次数：60
[2020-8-13 16:10:25][Info]任务ID：3 触发命中，当前已命中次数：57
[2020-8-13 16:10:26][Info]任务ID：2 触发命中，当前已命中次数：61
[2020-8-13 16:10:26][Info]任务ID：3 触发命中，当前已命中次数：58
[2020-8-13 16:10:27][Info]任务ID：2 触发命中，当前已命中次数：62
[2020-8-13 16:10:28][Info]任务ID：3 触发命中，当前已命中次数：59
[2020-8-13 16:10:28][Info]任务ID：2 触发命中，当前已命中次数：63
[2020-8-13 16:10:29][Info]任务ID：3 触发命中，当前已命中次数：60
[2020-8-13 16:10:29][Info]任务ID：2 触发命中，当前已命中次数：64
[2020-8-13 16:10:30][Info]任务ID：3 触发命中，当前已命中次数：61
[2020-8-13 16:10:30][Info]任务ID：2 触发命中，当前已命中次数：65
[2020-8-13 16:10:31][Info]任务ID：3 触发命中，当前已命中次数：62
[2020-8-13 16:10:31][Info]任务ID：2 触发命中，当前已命中次数：66
[2020-8-13 16:10:32][Info]任务ID：3 触发命中，当前已命中次数：63
[2020-8-13 16:10:32][Info]任务ID：2 触发命中，当前已命中次数：67
[2020-8-13 16:10:33][Info]任务ID：3 触发命中，当前已命中次数：64
[2020-8-13 16:10:33][Info]任务ID：2 触发命中，当前已命中次数：68
[2020-8-13 16:10:34][Info]任务ID：3 触发命中，当前已命中次数：65
[2020-8-13 16:10:34][Info]任务ID：2 触发命中，当前已命中次数：69
[2020-8-13 16:10:35][Info]任务ID：3 触发命中，当前已命中次数：66
[2020-8-13 16:10:35][Info]任务ID：2 触发命中，当前已命中次数：70
[2020-8-13 16:10:36][Info]任务ID：3 触发命中，当前已命中次数：67
[2020-8-13 16:10:36][Info]任务ID：2 触发命中，当前已命中次数：71
[2020-8-13 16:10:37][Info]任务ID：3 触发命中，当前已命中次数：68
[2020-8-13 16:10:37][Info]任务ID：2 触发命中，当前已命中次数：72
[2020-8-13 16:10:38][Info]任务ID：3 触发命中，当前已命中次数：69
[2020-8-13 16:10:38][Info]任务ID：2 触发命中，当前已命中次数：73
[2020-8-13 16:10:39][Info]任务ID：3 触发命中，当前已命中次数：70
[2020-8-13 16:10:39][Info]任务ID：2 触发命中，当前已命中次数：74
[2020-8-13 16:10:40][Info]任务ID：3 触发命中，当前已命中次数：71
[2020-8-13 16:10:40][Info]任务ID：2 触发命中，当前已命中次数：75
[2020-8-13 16:10:41][Info]任务ID：3 触发命中，当前已命中次数：72
[2020-8-13 16:10:41][Info]任务ID：2 触发命中，当前已命中次数：76
[2020-8-13 16:10:42][Info]任务ID：3 触发命中，当前已命中次数：73
[2020-8-13 16:10:42][Info]任务ID：2 触发命中，当前已命中次数：77
[2020-8-13 16:10:43][Info]任务ID：3 触发命中，当前已命中次数：74
[2020-8-13 16:10:43][Info]任务ID：2 触发命中，当前已命中次数：78
[2020-8-13 16:10:44][Info]任务ID：3 触发命中，当前已命中次数：75
[2020-8-13 16:10:44][Info]任务ID：2 触发命中，当前已命中次数：79
[2020-8-13 16:10:45][Info]任务ID：3 触发命中，当前已命中次数：76
[2020-8-13 16:10:45][Info]任务ID：2 触发命中，当前已命中次数：80
[2020-8-13 16:10:46][Info]任务ID：3 触发命中，当前已命中次数：77
[2020-8-13 16:10:46][Info]任务ID：2 触发命中，当前已命中次数：81
[2020-8-13 16:10:47][Info]任务ID：3 触发命中，当前已命中次数：78
[2020-8-13 16:10:47][Info]任务ID：2 触发命中，当前已命中次数：82
[2020-8-13 16:10:48][Info]任务ID：3 触发命中，当前已命中次数：79
[2020-8-13 16:10:48][Info]任务ID：2 触发命中，当前已命中次数：83
[2020-8-13 16:10:49][Info]任务ID：3 触发命中，当前已命中次数：80
[2020-8-13 16:10:49][Info]任务ID：2 触发命中，当前已命中次数：84
[2020-8-13 16:10:50][Info]任务ID：3 触发命中，当前已命中次数：81
[2020-8-13 16:10:50][Info]任务ID：2 触发命中，当前已命中次数：85
[2020-8-13 16:10:51][Info]任务ID：3 触发命中，当前已命中次数：82
[2020-8-13 16:10:51][Info]任务ID：2 触发命中，当前已命中次数：86
[2020-8-13 16:10:52][Info]任务ID：3 触发命中，当前已命中次数：83
[2020-8-13 16:10:52][Info]任务ID：2 触发命中，当前已命中次数：87
[2020-8-13 16:10:53][Info]任务ID：3 触发命中，当前已命中次数：84
[2020-8-13 16:10:53][Info]任务ID：2 触发命中，当前已命中次数：88
[2020-8-13 16:10:54][Info]任务ID：3 触发命中，当前已命中次数：85
[2020-8-13 16:10:54][Info]任务ID：2 触发命中，当前已命中次数：89
[2020-8-13 16:10:55][Info]任务ID：3 触发命中，当前已命中次数：86
[2020-8-13 16:10:55][Info]任务ID：2 触发命中，当前已命中次数：90
[2020-8-13 16:10:56][Info]任务ID：3 触发命中，当前已命中次数：87
[2020-8-13 16:10:56][Info]任务ID：2 触发命中，当前已命中次数：91
[2020-8-13 16:10:57][Info]任务ID：3 触发命中，当前已命中次数：88
[2020-8-13 16:10:57][Info]任务ID：2 触发命中，当前已命中次数：92
[2020-8-13 16:10:58][Info]任务ID：3 触发命中，当前已命中次数：89
[2020-8-13 16:10:58][Info]任务ID：2 触发命中，当前已命中次数：93
[2020-8-13 16:10:59][Info]任务ID：3 触发命中，当前已命中次数：90
[2020-8-13 16:10:59][Info]任务ID：2 触发命中，当前已命中次数：94
[2020-8-13 16:11:00][Info]任务ID：3 触发命中，当前已命中次数：91
[2020-8-13 16:11:00][Info]任务ID：2 触发命中，当前已命中次数：95
[2020-8-13 16:11:01][Info]任务ID：3 触发命中，当前已命中次数：92
[2020-8-13 16:11:01][Info]任务ID：2 触发命中，当前已命中次数：96
[2020-8-13 16:11:02][Info]任务ID：3 触发命中，当前已命中次数：93
[2020-8-13 16:11:02][Info]任务ID：2 触发命中，当前已命中次数：97
[2020-8-13 16:11:03][Info]任务ID：3 触发命中，当前已命中次数：94
[2020-8-13 16:11:03][Info]任务ID：2 触发命中，当前已命中次数：98
[2020-8-13 16:11:04][Info]任务ID：3 触发命中，当前已命中次数：95
[2020-8-13 16:11:04][Info]任务ID：2 触发命中，当前已命中次数：99
[2020-8-13 16:11:05][Info]任务ID：3 触发命中，当前已命中次数：96
[2020-8-13 16:11:05][Info]任务ID：2 触发命中，当前已命中次数：100
[2020-8-13 16:11:06][Info]任务ID：3 触发命中，当前已命中次数：97
[2020-8-13 16:11:06][Info]任务ID：2 触发命中，当前已命中次数：101
[2020-8-13 16:11:07][Info]任务ID：3 触发命中，当前已命中次数：98
[2020-8-13 16:11:07][Info]任务ID：2 触发命中，当前已命中次数：102
[2020-8-13 16:11:08][Info]任务ID：3 触发命中，当前已命中次数：99
[2020-8-13 16:11:08][Info]任务ID：2 触发命中，当前已命中次数：103
[2020-8-13 16:11:09][Info]任务ID：3 触发命中，当前已命中次数：100
[2020-8-13 16:11:09][Info]任务ID：2 触发命中，当前已命中次数：104
[2020-8-13 16:11:10][Info]任务ID：3 触发命中，当前已命中次数：101
[2020-8-13 16:11:10][Info]任务ID：2 触发命中，当前已命中次数：105
[2020-8-13 16:11:11][Info]任务ID：3 触发命中，当前已命中次数：102
[2020-8-13 16:11:11][Info]任务ID：2 触发命中，当前已命中次数：106
[2020-8-13 16:11:12][Info]任务ID：3 触发命中，当前已命中次数：103
[2020-8-13 16:11:12][Info]任务ID：2 触发命中，当前已命中次数：107
[2020-8-13 16:11:13][Info]任务ID：3 触发命中，当前已命中次数：104
[2020-8-13 16:11:13][Info]任务ID：2 触发命中，当前已命中次数：108
[2020-8-13 16:11:14][Info]任务ID：3 触发命中，当前已命中次数：105
[2020-8-13 16:11:14][Info]任务ID：2 触发命中，当前已命中次数：109
[2020-8-13 16:11:15][Info]任务ID：3 触发命中，当前已命中次数：106
[2020-8-13 16:11:15][Info]任务ID：2 触发命中，当前已命中次数：110
[2020-8-13 16:11:16][Info]任务ID：3 触发命中，当前已命中次数：107
[2020-8-13 16:11:16][Info]任务ID：2 触发命中，当前已命中次数：111
[2020-8-13 16:11:17][Info]任务ID：3 触发命中，当前已命中次数：108
[2020-8-13 16:11:17][Info]任务ID：2 触发命中，当前已命中次数：112
[2020-8-13 16:11:18][Info]任务ID：3 触发命中，当前已命中次数：109
[2020-8-13 16:11:18][Info]任务ID：2 触发命中，当前已命中次数：113
[2020-8-13 16:11:19][Info]任务ID：3 触发命中，当前已命中次数：110
[2020-8-13 16:11:19][Info]任务ID：2 触发命中，当前已命中次数：114
[2020-8-13 16:11:20][Info]任务ID：3 触发命中，当前已命中次数：111
[2020-8-13 16:11:20][Info]任务ID：2 触发命中，当前已命中次数：115
[2020-8-13 16:11:21][Info]任务ID：3 触发命中，当前已命中次数：112
[2020-8-13 16:11:21][Info]任务ID：2 触发命中，当前已命中次数：116
[2020-8-13 16:11:22][Info]任务ID：3 触发命中，当前已命中次数：113
[2020-8-13 16:11:22][Info]任务ID：2 触发命中，当前已命中次数：117
[2020-8-13 16:11:23][Info]任务ID：3 触发命中，当前已命中次数：114
[2020-8-13 16:11:23][Info]任务ID：2 触发命中，当前已命中次数：118
[2020-8-13 16:11:24][Info]任务ID：3 触发命中，当前已命中次数：115
[2020-8-13 16:11:24][Info]任务ID：2 触发命中，当前已命中次数：119
[2020-8-13 16:11:25][Info]任务ID：3 触发命中，当前已命中次数：116
[2020-8-13 16:11:25][Info]任务ID：2 触发命中，当前已命中次数：120
[2020-8-13 16:11:26][Info]任务ID：3 触发命中，当前已命中次数：117
[2020-8-13 16:11:27][Info]任务ID：2 触发命中，当前已命中次数：121
[2020-8-13 16:11:27][Info]任务ID：3 触发命中，当前已命中次数：118
[2020-8-13 16:11:28][Info]任务ID：2 触发命中，当前已命中次数：122
[2020-8-13 16:11:28][Info]任务ID：3 触发命中，当前已命中次数：119
[2020-8-13 16:11:29][Info]任务ID：2 触发命中，当前已命中次数：123
[2020-8-13 16:11:29][Info]任务ID：3 触发命中，当前已命中次数：120
[2020-8-13 16:11:30][Info]任务ID：2 触发命中，当前已命中次数：124
[2020-8-13 16:11:30][Info]任务ID：3 触发命中，当前已命中次数：121
[2020-8-13 16:11:31][Info]任务ID：2 触发命中，当前已命中次数：125
[2020-8-13 16:11:31][Info]任务ID：3 触发命中，当前已命中次数：122
[2020-8-13 16:11:32][Info]任务ID：2 触发命中，当前已命中次数：126
[2020-8-13 16:11:32][Info]任务ID：3 触发命中，当前已命中次数：123
[2020-8-13 16:11:33][Info]任务ID：2 触发命中，当前已命中次数：127
[2020-8-13 16:11:33][Info]任务ID：3 触发命中，当前已命中次数：124
[2020-8-13 16:11:34][Info]任务ID：2 触发命中，当前已命中次数：128
[2020-8-13 16:11:34][Info]任务ID：3 触发命中，当前已命中次数：125
[2020-8-13 16:11:35][Info]任务ID：2 触发命中，当前已命中次数：129
[2020-8-13 16:11:35][Info]任务ID：3 触发命中，当前已命中次数：126
[2020-8-13 16:11:36][Info]任务ID：2 触发命中，当前已命中次数：130
[2020-8-13 16:11:36][Info]任务ID：3 触发命中，当前已命中次数：127
[2020-8-13 16:11:37][Info]任务ID：2 触发命中，当前已命中次数：131
[2020-8-13 16:11:37][Info]任务ID：3 触发命中，当前已命中次数：128
[2020-8-13 16:11:38][Info]任务ID：2 触发命中，当前已命中次数：132
[2020-8-13 16:11:38][Info]任务ID：3 触发命中，当前已命中次数：129
[2020-8-13 16:11:39][Info]任务ID：2 触发命中，当前已命中次数：133
[2020-8-13 16:11:40][Info]任务ID：3 触发命中，当前已命中次数：130
[2020-8-13 16:11:40][Info]任务ID：2 触发命中，当前已命中次数：134
[2020-8-13 16:11:41][Info]任务ID：3 触发命中，当前已命中次数：131
[2020-8-13 16:11:41][Info]任务ID：2 触发命中，当前已命中次数：135
[2020-8-13 16:11:42][Info]任务ID：3 触发命中，当前已命中次数：132
[2020-8-13 16:11:42][Info]任务ID：2 触发命中，当前已命中次数：136
[2020-8-13 16:11:43][Info]任务ID：3 触发命中，当前已命中次数：133
[2020-8-13 16:11:43][Info]任务ID：2 触发命中，当前已命中次数：137
[2020-8-13 16:11:44][Info]任务ID：3 触发命中，当前已命中次数：134
[2020-8-13 16:11:44][Info]任务ID：2 触发命中，当前已命中次数：138
[2020-8-13 16:11:45][Info]任务ID：3 触发命中，当前已命中次数：135
[2020-8-13 16:11:45][Info]任务ID：2 触发命中，当前已命中次数：139
[2020-8-13 16:11:46][Info]任务ID：3 触发命中，当前已命中次数：136
[2020-8-13 16:11:46][Info]任务ID：2 触发命中，当前已命中次数：140
[2020-8-13 16:11:47][Info]任务ID：3 触发命中，当前已命中次数：137
[2020-8-13 16:11:47][Info]任务ID：2 触发命中，当前已命中次数：141
[2020-8-13 16:11:48][Info]任务ID：3 触发命中，当前已命中次数：138
[2020-8-13 16:11:48][Info]任务ID：2 触发命中，当前已命中次数：142
[2020-8-13 16:11:49][Info]任务ID：3 触发命中，当前已命中次数：139
[2020-8-13 16:11:49][Info]任务ID：2 触发命中，当前已命中次数：143
[2020-8-13 16:11:50][Info]任务ID：3 触发命中，当前已命中次数：140
[2020-8-13 16:11:50][Info]任务ID：2 触发命中，当前已命中次数：144
[2020-8-13 16:11:51][Info]任务ID：3 触发命中，当前已命中次数：141
[2020-8-13 16:11:51][Info]任务ID：2 触发命中，当前已命中次数：145
[2020-8-13 16:11:52][Info]任务ID：3 触发命中，当前已命中次数：142
[2020-8-13 16:11:52][Info]任务ID：2 触发命中，当前已命中次数：146
[2020-8-13 16:11:53][Info]任务ID：3 触发命中，当前已命中次数：143
[2020-8-13 16:11:53][Info]任务ID：2 触发命中，当前已命中次数：147
[2020-8-13 16:11:54][Info]任务ID：3 触发命中，当前已命中次数：144
[2020-8-13 16:11:54][Info]任务ID：2 触发命中，当前已命中次数：148
[2020-8-13 16:11:55][Info]任务ID：3 触发命中，当前已命中次数：145
[2020-8-13 16:11:55][Info]任务ID：2 触发命中，当前已命中次数：149
[2020-8-13 16:11:56][Info]任务ID：3 触发命中，当前已命中次数：146
[2020-8-13 16:11:56][Info]任务ID：2 触发命中，当前已命中次数：150
[2020-8-13 16:11:57][Info]任务ID：3 触发命中，当前已命中次数：147
[2020-8-13 16:11:57][Info]任务ID：2 触发命中，当前已命中次数：151
[2020-8-13 16:11:58][Info]任务ID：3 触发命中，当前已命中次数：148
[2020-8-13 16:11:58][Info]任务ID：2 触发命中，当前已命中次数：152
[2020-8-13 16:11:59][Info]任务ID：3 触发命中，当前已命中次数：149
[2020-8-13 16:11:59][Info]任务ID：2 触发命中，当前已命中次数：153
[2020-8-13 16:12:00][Info]任务ID：3 触发命中，当前已命中次数：150
[2020-8-13 16:12:00][Info]任务ID：2 触发命中，当前已命中次数：154
[2020-8-13 16:12:01][Info]任务ID：3 触发命中，当前已命中次数：151
[2020-8-13 16:12:01][Info]任务ID：2 触发命中，当前已命中次数：155
[2020-8-13 16:12:02][Info]任务ID：3 触发命中，当前已命中次数：152
[2020-8-13 16:12:02][Info]任务ID：2 触发命中，当前已命中次数：156
[2020-8-13 16:12:03][Info]任务ID：3 触发命中，当前已命中次数：153
[2020-8-13 16:12:03][Info]任务ID：2 触发命中，当前已命中次数：157
[2020-8-13 16:12:04][Info]任务ID：3 触发命中，当前已命中次数：154
[2020-8-13 16:12:04][Info]任务ID：2 触发命中，当前已命中次数：158
[2020-8-13 16:12:05][Info]任务ID：3 触发命中，当前已命中次数：155
[2020-8-13 16:12:05][Info]任务ID：2 触发命中，当前已命中次数：159
[2020-8-13 16:12:06][Info]任务ID：3 触发命中，当前已命中次数：156
[2020-8-13 16:12:06][Info]任务ID：2 触发命中，当前已命中次数：160
[2020-8-13 16:12:07][Info]任务ID：3 触发命中，当前已命中次数：157
[2020-8-13 16:12:07][Info]任务ID：2 触发命中，当前已命中次数：161
[2020-8-13 16:12:08][Info]任务ID：3 触发命中，当前已命中次数：158
[2020-8-13 16:12:08][Info]任务ID：2 触发命中，当前已命中次数：162
[2020-8-13 16:12:09][Info]任务ID：3 触发命中，当前已命中次数：159
[2020-8-13 16:12:09][Info]任务ID：2 触发命中，当前已命中次数：163
[2020-8-13 16:12:10][Info]任务ID：3 触发命中，当前已命中次数：160
[2020-8-13 16:12:10][Info]任务ID：2 触发命中，当前已命中次数：164
[2020-8-13 16:12:11][Info]任务ID：3 触发命中，当前已命中次数：161
[2020-8-13 16:12:11][Info]任务ID：2 触发命中，当前已命中次数：165
[2020-8-13 16:12:12][Info]任务ID：3 触发命中，当前已命中次数：162
[2020-8-13 16:12:12][Info]任务ID：2 触发命中，当前已命中次数：166
[2020-8-13 16:12:13][Info]任务ID：3 触发命中，当前已命中次数：163
[2020-8-13 16:12:13][Info]任务ID：2 触发命中，当前已命中次数：167
[2020-8-13 16:12:14][Info]任务ID：3 触发命中，当前已命中次数：164
[2020-8-13 16:12:14][Info]任务ID：2 触发命中，当前已命中次数：168
[2020-8-13 16:12:15][Info]任务ID：3 触发命中，当前已命中次数：165
[2020-8-13 16:12:15][Info]任务ID：2 触发命中，当前已命中次数：169
[2020-8-13 16:12:16][Info]任务ID：3 触发命中，当前已命中次数：166
[2020-8-13 16:12:16][Info]任务ID：2 触发命中，当前已命中次数：170
[2020-8-13 16:12:17][Info]任务ID：3 触发命中，当前已命中次数：167
[2020-8-13 16:12:17][Info]任务ID：2 触发命中，当前已命中次数：171
[2020-8-13 16:12:18][Info]任务ID：3 触发命中，当前已命中次数：168
[2020-8-13 16:12:18][Info]任务ID：2 触发命中，当前已命中次数：172
[2020-8-13 16:12:19][Info]任务ID：3 触发命中，当前已命中次数：169
[2020-8-13 16:12:19][Info]任务ID：2 触发命中，当前已命中次数：173
[2020-8-13 16:12:20][Info]任务ID：3 触发命中，当前已命中次数：170
[2020-8-13 16:12:20][Info]任务ID：2 触发命中，当前已命中次数：174
[2020-8-13 16:12:21][Info]任务ID：3 触发命中，当前已命中次数：171
[2020-8-13 16:12:21][Info]任务ID：2 触发命中，当前已命中次数：175
[2020-8-13 16:12:22][Info]任务ID：3 触发命中，当前已命中次数：172
[2020-8-13 16:12:22][Info]任务ID：2 触发命中，当前已命中次数：176
[2020-8-13 16:12:23][Info]任务ID：3 触发命中，当前已命中次数：173
[2020-8-13 16:12:23][Info]任务ID：2 触发命中，当前已命中次数：177
[2020-8-13 16:12:24][Info]任务ID：3 触发命中，当前已命中次数：174
[2020-8-13 16:12:24][Info]任务ID：2 触发命中，当前已命中次数：178
[2020-8-13 16:12:25][Info]任务ID：3 触发命中，当前已命中次数：175
[2020-8-13 16:12:25][Info]任务ID：2 触发命中，当前已命中次数：179
[2020-8-13 16:12:26][Info]任务ID：3 触发命中，当前已命中次数：176
[2020-8-13 16:12:26][Info]任务ID：2 触发命中，当前已命中次数：180
[2020-8-13 16:12:27][Info]任务ID：3 触发命中，当前已命中次数：177
[2020-8-13 16:12:27][Info]任务ID：2 触发命中，当前已命中次数：181
[2020-8-13 16:12:28][Info]任务ID：3 触发命中，当前已命中次数：178
[2020-8-13 16:12:28][Info]任务ID：2 触发命中，当前已命中次数：182
[2020-8-13 16:12:29][Info]任务ID：3 触发命中，当前已命中次数：179
[2020-8-13 16:12:29][Info]任务ID：2 触发命中，当前已命中次数：183
[2020-8-13 16:12:30][Info]任务ID：3 触发命中，当前已命中次数：180
[2020-8-13 16:12:30][Info]任务ID：2 触发命中，当前已命中次数：184
[2020-8-13 16:12:31][Info]任务ID：3 触发命中，当前已命中次数：181
[2020-8-13 16:12:31][Info]任务ID：2 触发命中，当前已命中次数：185
[2020-8-13 16:12:32][Info]任务ID：3 触发命中，当前已命中次数：182
[2020-8-13 16:12:32][Info]任务ID：2 触发命中，当前已命中次数：186
[2020-8-13 16:12:33][Info]任务ID：3 触发命中，当前已命中次数：183
[2020-8-13 16:12:33][Info]任务ID：2 触发命中，当前已命中次数：187
[2020-8-13 16:12:34][Info]任务ID：3 触发命中，当前已命中次数：184
[2020-8-13 16:12:34][Info]任务ID：2 触发命中，当前已命中次数：188
[2020-8-13 16:12:35][Info]任务ID：3 触发命中，当前已命中次数：185
[2020-8-13 16:12:35][Info]任务ID：2 触发命中，当前已命中次数：189
[2020-8-13 16:12:36][Info]任务ID：3 触发命中，当前已命中次数：186
[2020-8-13 16:12:36][Info]任务ID：2 触发命中，当前已命中次数：190
[2020-8-13 16:12:37][Info]任务ID：3 触发命中，当前已命中次数：187
[2020-8-13 16:12:37][Info]任务ID：2 触发命中，当前已命中次数：191
[2020-8-13 16:12:38][Info]任务ID：3 触发命中，当前已命中次数：188
[2020-8-13 16:12:39][Info]任务ID：2 触发命中，当前已命中次数：192
[2020-8-13 16:12:39][Info]任务ID：3 触发命中，当前已命中次数：189
[2020-8-13 16:12:40][Info]任务ID：2 触发命中，当前已命中次数：193
[2020-8-13 16:12:40][Info]任务ID：3 触发命中，当前已命中次数：190
[2020-8-13 16:12:41][Info]任务ID：2 触发命中，当前已命中次数：194
[2020-8-13 16:12:41][Info]任务ID：3 触发命中，当前已命中次数：191
[2020-8-13 16:12:42][Info]任务ID：2 触发命中，当前已命中次数：195
[2020-8-13 16:12:42][Info]任务ID：3 触发命中，当前已命中次数：192
[2020-8-13 16:12:43][Info]任务ID：2 触发命中，当前已命中次数：196
[2020-8-13 16:12:43][Info]任务ID：3 触发命中，当前已命中次数：193
[2020-8-13 16:12:44][Info]任务ID：2 触发命中，当前已命中次数：197
[2020-8-13 16:12:44][Info]任务ID：3 触发命中，当前已命中次数：194
[2020-8-13 16:12:45][Info]任务ID：2 触发命中，当前已命中次数：198
[2020-8-13 16:12:45][Info]任务ID：3 触发命中，当前已命中次数：195
[2020-8-13 16:12:46][Info]任务ID：2 触发命中，当前已命中次数：199
[2020-8-13 16:12:46][Info]任务ID：3 触发命中，当前已命中次数：196
[2020-8-13 16:12:47][Info]任务ID：2 触发命中，当前已命中次数：200
[2020-8-13 16:12:47][Info]任务ID：3 触发命中，当前已命中次数：197
[2020-8-13 16:12:48][Info]任务ID：2 触发命中，当前已命中次数：201
[2020-8-13 16:12:48][Info]任务ID：3 触发命中，当前已命中次数：198
[2020-8-13 16:12:49][Info]任务ID：2 触发命中，当前已命中次数：202
[2020-8-13 16:12:49][Info]任务ID：3 触发命中，当前已命中次数：199
[2020-8-13 16:12:50][Info]任务ID：2 触发命中，当前已命中次数：203
[2020-8-13 16:12:50][Info]任务ID：3 触发命中，当前已命中次数：200
[2020-8-13 16:12:51][Info]任务ID：2 触发命中，当前已命中次数：204
[2020-8-13 16:12:52][Info]任务ID：3 触发命中，当前已命中次数：201
[2020-8-13 16:12:52][Info]任务ID：2 触发命中，当前已命中次数：205
[2020-8-13 16:12:53][Info]任务ID：3 触发命中，当前已命中次数：202
[2020-8-13 16:12:53][Info]任务ID：2 触发命中，当前已命中次数：206
[2020-8-13 16:12:54][Info]任务ID：3 触发命中，当前已命中次数：203
[2020-8-13 16:12:54][Info]任务ID：2 触发命中，当前已命中次数：207
[2020-8-13 16:12:55][Info]任务ID：3 触发命中，当前已命中次数：204
[2020-8-13 16:12:55][Info]任务ID：2 触发命中，当前已命中次数：208
[2020-8-13 16:12:56][Info]任务ID：3 触发命中，当前已命中次数：205
[2020-8-13 16:12:56][Info]任务ID：2 触发命中，当前已命中次数：209
[2020-8-13 16:12:57][Info]任务ID：3 触发命中，当前已命中次数：206
[2020-8-13 16:12:57][Info]任务ID：2 触发命中，当前已命中次数：210
[2020-8-13 16:12:58][Info]任务ID：3 触发命中，当前已命中次数：207
[2020-8-13 16:12:58][Info]任务ID：2 触发命中，当前已命中次数：211
[2020-8-13 16:12:59][Info]任务ID：3 触发命中，当前已命中次数：208
[2020-8-13 16:12:59][Info]任务ID：2 触发命中，当前已命中次数：212
[2020-8-13 16:13:00][Info]任务ID：3 触发命中，当前已命中次数：209
[2020-8-13 16:13:00][Info]任务ID：2 触发命中，当前已命中次数：213
[2020-8-13 16:13:01][Info]任务ID：3 触发命中，当前已命中次数：210
[2020-8-13 16:13:01][Info]任务ID：2 触发命中，当前已命中次数：214
[2020-8-13 16:13:02][Info]任务ID：3 触发命中，当前已命中次数：211
[2020-8-13 16:13:02][Info]任务ID：2 触发命中，当前已命中次数：215
[2020-8-13 16:13:03][Info]任务ID：3 触发命中，当前已命中次数：212
[2020-8-13 16:13:03][Info]任务ID：2 触发命中，当前已命中次数：216
[2020-8-13 16:13:04][Info]任务ID：3 触发命中，当前已命中次数：213
[2020-8-13 16:13:04][Info]任务ID：2 触发命中，当前已命中次数：217
[2020-8-13 16:13:05][Info]任务ID：3 触发命中，当前已命中次数：214
[2020-8-13 16:13:05][Info]任务ID：2 触发命中，当前已命中次数：218
[2020-8-13 16:13:06][Info]任务ID：3 触发命中，当前已命中次数：215
[2020-8-13 16:13:06][Info]任务ID：2 触发命中，当前已命中次数：219
[2020-8-13 16:13:07][Info]任务ID：3 触发命中，当前已命中次数：216
[2020-8-13 16:13:07][Info]任务ID：2 触发命中，当前已命中次数：220
[2020-8-13 16:13:08][Info]任务ID：3 触发命中，当前已命中次数：217
[2020-8-13 16:13:08][Info]任务ID：2 触发命中，当前已命中次数：221
[2020-8-13 16:13:09][Info]任务ID：3 触发命中，当前已命中次数：218
[2020-8-13 16:13:09][Info]任务ID：2 触发命中，当前已命中次数：222
[2020-8-13 16:13:10][Info]任务ID：3 触发命中，当前已命中次数：219
[2020-8-13 16:13:10][Info]任务ID：2 触发命中，当前已命中次数：223
[2020-8-13 16:13:11][Info]任务ID：3 触发命中，当前已命中次数：220
[2020-8-13 16:13:11][Info]任务ID：2 触发命中，当前已命中次数：224
[2020-8-13 16:13:12][Info]任务ID：3 触发命中，当前已命中次数：221
[2020-8-13 16:13:12][Info]任务ID：2 触发命中，当前已命中次数：225
[2020-8-13 16:13:13][Info]任务ID：3 触发命中，当前已命中次数：222
[2020-8-13 16:13:13][Info]任务ID：2 触发命中，当前已命中次数：226
[2020-8-13 16:13:14][Info]任务ID：3 触发命中，当前已命中次数：223
[2020-8-13 16:13:14][Info]任务ID：2 触发命中，当前已命中次数：227
[2020-8-13 16:13:15][Info]任务ID：3 触发命中，当前已命中次数：224
[2020-8-13 16:13:15][Info]任务ID：2 触发命中，当前已命中次数：228
[2020-8-13 16:13:16][Info]任务ID：3 触发命中，当前已命中次数：225
[2020-8-13 16:13:16][Info]任务ID：2 触发命中，当前已命中次数：229
[2020-8-13 16:13:17][Info]任务ID：3 触发命中，当前已命中次数：226
[2020-8-13 16:13:17][Info]任务ID：2 触发命中，当前已命中次数：230
[2020-8-13 16:13:18][Info]任务ID：3 触发命中，当前已命中次数：227
[2020-8-13 16:13:18][Info]任务ID：2 触发命中，当前已命中次数：231
[2020-8-13 16:13:19][Info]任务ID：3 触发命中，当前已命中次数：228
[2020-8-13 16:13:19][Info]任务ID：2 触发命中，当前已命中次数：232
[2020-8-13 16:13:20][Info]任务ID：3 触发命中，当前已命中次数：229
[2020-8-13 16:13:20][Info]任务ID：2 触发命中，当前已命中次数：233
[2020-8-13 16:13:21][Info]任务ID：3 触发命中，当前已命中次数：230
[2020-8-13 16:13:21][Info]任务ID：2 触发命中，当前已命中次数：234
[2020-8-13 16:13:22][Info]任务ID：3 触发命中，当前已命中次数：231
[2020-8-13 16:13:22][Info]任务ID：2 触发命中，当前已命中次数：235
[2020-8-13 16:13:23][Info]任务ID：3 触发命中，当前已命中次数：232
[2020-8-13 16:13:23][Info]任务ID：2 触发命中，当前已命中次数：236
[2020-8-13 16:13:24][Info]任务ID：3 触发命中，当前已命中次数：233
[2020-8-13 16:13:24][Info]任务ID：2 触发命中，当前已命中次数：237
[2020-8-13 16:13:25][Info]任务ID：3 触发命中，当前已命中次数：234
[2020-8-13 16:13:25][Info]任务ID：2 触发命中，当前已命中次数：238
[2020-8-13 16:13:26][Info]任务ID：3 触发命中，当前已命中次数：235
[2020-8-13 16:13:26][Info]任务ID：2 触发命中，当前已命中次数：239
[2020-8-13 16:13:27][Info]任务ID：3 触发命中，当前已命中次数：236
[2020-8-13 16:13:27][Info]任务ID：2 触发命中，当前已命中次数：240
[2020-8-13 16:13:28][Info]任务ID：3 触发命中，当前已命中次数：237
[2020-8-13 16:13:28][Info]任务ID：2 触发命中，当前已命中次数：241
[2020-8-13 16:13:29][Info]任务ID：3 触发命中，当前已命中次数：238
[2020-8-13 16:13:29][Info]任务ID：2 触发命中，当前已命中次数：242
[2020-8-13 16:13:30][Info]任务ID：3 触发命中，当前已命中次数：239
[2020-8-13 16:13:30][Info]任务ID：2 触发命中，当前已命中次数：243
[2020-8-13 16:13:31][Info]任务ID：3 触发命中，当前已命中次数：240
[2020-8-13 16:13:31][Info]任务ID：2 触发命中，当前已命中次数：244
[2020-8-13 16:13:32][Info]任务ID：3 触发命中，当前已命中次数：241
[2020-8-13 16:13:32][Info]任务ID：2 触发命中，当前已命中次数：245
[2020-8-13 16:13:33][Info]任务ID：3 触发命中，当前已命中次数：242
[2020-8-13 16:13:33][Info]任务ID：2 触发命中，当前已命中次数：246
[2020-8-13 16:13:34][Info]任务ID：3 触发命中，当前已命中次数：243
[2020-8-13 16:13:34][Info]任务ID：2 触发命中，当前已命中次数：247
[2020-8-13 16:13:35][Info]任务ID：3 触发命中，当前已命中次数：244
[2020-8-13 16:13:35][Info]任务ID：2 触发命中，当前已命中次数：248
[2020-8-13 16:13:36][Info]任务ID：3 触发命中，当前已命中次数：245
[2020-8-13 16:13:36][Info]任务ID：2 触发命中，当前已命中次数：249
[2020-8-13 16:13:37][Info]任务ID：3 触发命中，当前已命中次数：246
[2020-8-13 16:13:37][Info]任务ID：2 触发命中，当前已命中次数：250
[2020-8-13 16:13:38][Info]任务ID：3 触发命中，当前已命中次数：247
[2020-8-13 16:13:38][Info]任务ID：2 触发命中，当前已命中次数：251
[2020-8-13 16:13:39][Info]任务ID：3 触发命中，当前已命中次数：248
[2020-8-13 16:13:39][Info]任务ID：2 触发命中，当前已命中次数：252
[2020-8-13 16:13:40][Info]任务ID：3 触发命中，当前已命中次数：249
[2020-8-13 16:13:40][Info]任务ID：2 触发命中，当前已命中次数：253
[2020-8-13 16:13:41][Info]任务ID：3 触发命中，当前已命中次数：250
[2020-8-13 16:13:41][Info]任务ID：2 触发命中，当前已命中次数：254
[2020-8-13 16:13:42][Info]任务ID：3 触发命中，当前已命中次数：251
[2020-8-13 16:13:42][Info]任务ID：2 触发命中，当前已命中次数：255
[2020-8-13 16:13:43][Info]任务ID：3 触发命中，当前已命中次数：252
[2020-8-13 16:13:43][Info]任务ID：2 触发命中，当前已命中次数：256
[2020-8-13 16:13:44][Info]任务ID：3 触发命中，当前已命中次数：253
[2020-8-13 16:13:44][Info]任务ID：2 触发命中，当前已命中次数：257
[2020-8-13 16:13:45][Info]任务ID：3 触发命中，当前已命中次数：254
[2020-8-13 16:13:45][Info]任务ID：2 触发命中，当前已命中次数：258
[2020-8-13 16:13:46][Info]任务ID：3 触发命中，当前已命中次数：255
[2020-8-13 16:13:46][Info]任务ID：2 触发命中，当前已命中次数：259
[2020-8-13 16:13:47][Info]任务ID：3 触发命中，当前已命中次数：256
[2020-8-13 16:13:47][Info]任务ID：2 触发命中，当前已命中次数：260
[2020-8-13 16:13:48][Info]任务ID：3 触发命中，当前已命中次数：257
[2020-8-13 16:13:48][Info]任务ID：2 触发命中，当前已命中次数：261
[2020-8-13 16:13:49][Info]任务ID：3 触发命中，当前已命中次数：258
[2020-8-13 16:13:50][Info]任务ID：2 触发命中，当前已命中次数：262
[2020-8-13 16:13:50][Info]任务ID：3 触发命中，当前已命中次数：259
[2020-8-13 16:13:51][Info]任务ID：2 触发命中，当前已命中次数：263
[2020-8-13 16:13:51][Info]任务ID：3 触发命中，当前已命中次数：260
[2020-8-13 16:13:52][Info]任务ID：2 触发命中，当前已命中次数：264
[2020-8-13 16:13:52][Info]任务ID：3 触发命中，当前已命中次数：261
[2020-8-13 16:13:53][Info]任务ID：2 触发命中，当前已命中次数：265
[2020-8-13 16:13:53][Info]任务ID：3 触发命中，当前已命中次数：262
[2020-8-13 16:13:54][Info]任务ID：2 触发命中，当前已命中次数：266
[2020-8-13 16:13:54][Info]任务ID：3 触发命中，当前已命中次数：263
[2020-8-13 16:13:55][Info]任务ID：2 触发命中，当前已命中次数：267
[2020-8-13 16:13:55][Info]任务ID：3 触发命中，当前已命中次数：264
[2020-8-13 16:13:56][Info]任务ID：2 触发命中，当前已命中次数：268
[2020-8-13 16:13:56][Info]任务ID：3 触发命中，当前已命中次数：265
[2020-8-13 16:13:57][Info]任务ID：2 触发命中，当前已命中次数：269
[2020-8-13 16:13:57][Info]任务ID：3 触发命中，当前已命中次数：266
[2020-8-13 16:13:58][Info]任务ID：2 触发命中，当前已命中次数：270
[2020-8-13 16:13:58][Info]任务ID：3 触发命中，当前已命中次数：267
[2020-8-13 16:13:59][Info]任务ID：2 触发命中，当前已命中次数：271
[2020-8-13 16:13:59][Info]任务ID：3 触发命中，当前已命中次数：268
[2020-8-13 16:14:00][Info]任务ID：2 触发命中，当前已命中次数：272
[2020-8-13 16:14:00][Info]任务ID：3 触发命中，当前已命中次数：269
[2020-8-13 16:14:01][Info]任务ID：2 触发命中，当前已命中次数：273
[2020-8-13 16:14:01][Info]任务ID：3 触发命中，当前已命中次数：270
[2020-8-13 16:14:02][Info]任务ID：2 触发命中，当前已命中次数：274
[2020-8-13 16:14:02][Info]任务ID：3 触发命中，当前已命中次数：271
[2020-8-13 16:14:03][Info]任务ID：2 触发命中，当前已命中次数：275
[2020-8-13 16:14:04][Info]任务ID：3 触发命中，当前已命中次数：272
[2020-8-13 16:14:04][Info]任务ID：2 触发命中，当前已命中次数：276
[2020-8-13 16:14:05][Info]任务ID：3 触发命中，当前已命中次数：273
[2020-8-13 16:14:05][Info]任务ID：2 触发命中，当前已命中次数：277
[2020-8-13 16:14:06][Info]任务ID：3 触发命中，当前已命中次数：274
[2020-8-13 16:14:06][Info]任务ID：2 触发命中，当前已命中次数：278
[2020-8-13 16:14:07][Info]任务ID：3 触发命中，当前已命中次数：275
[2020-8-13 16:14:07][Info]任务ID：2 触发命中，当前已命中次数：279
[2020-8-13 16:14:08][Info]任务ID：3 触发命中，当前已命中次数：276
[2020-8-13 16:14:08][Info]任务ID：2 触发命中，当前已命中次数：280
[2020-8-13 16:14:09][Info]任务ID：3 触发命中，当前已命中次数：277
[2020-8-13 16:14:09][Info]任务ID：2 触发命中，当前已命中次数：281
[2020-8-13 16:14:10][Info]任务ID：3 触发命中，当前已命中次数：278
[2020-8-13 16:14:10][Info]任务ID：2 触发命中，当前已命中次数：282
[2020-8-13 16:14:11][Info]任务ID：3 触发命中，当前已命中次数：279
[2020-8-13 16:14:11][Info]任务ID：2 触发命中，当前已命中次数：283
[2020-8-13 16:14:12][Info]任务ID：3 触发命中，当前已命中次数：280
[2020-8-13 16:14:12][Info]任务ID：2 触发命中，当前已命中次数：284
[2020-8-13 16:14:13][Info]任务ID：3 触发命中，当前已命中次数：281
[2020-8-13 16:14:13][Info]任务ID：2 触发命中，当前已命中次数：285
[2020-8-13 16:14:14][Info]任务ID：3 触发命中，当前已命中次数：282
[2020-8-13 16:14:14][Info]任务ID：2 触发命中，当前已命中次数：286
[2020-8-13 16:14:15][Info]任务ID：3 触发命中，当前已命中次数：283
[2020-8-13 16:14:15][Info]任务ID：2 触发命中，当前已命中次数：287
[2020-8-13 16:14:16][Info]任务ID：3 触发命中，当前已命中次数：284
[2020-8-13 16:14:16][Info]任务ID：2 触发命中，当前已命中次数：288
[2020-8-13 16:14:17][Info]任务ID：3 触发命中，当前已命中次数：285
[2020-8-13 16:14:17][Info]任务ID：2 触发命中，当前已命中次数：289
[2020-8-13 16:14:18][Info]任务ID：3 触发命中，当前已命中次数：286
[2020-8-13 16:14:18][Info]任务ID：2 触发命中，当前已命中次数：290
[2020-8-13 16:14:19][Info]任务ID：3 触发命中，当前已命中次数：287
[2020-8-13 16:14:19][Info]任务ID：2 触发命中，当前已命中次数：291
[2020-8-13 16:14:20][Info]任务ID：3 触发命中，当前已命中次数：288
[2020-8-13 16:14:20][Info]任务ID：2 触发命中，当前已命中次数：292
[2020-8-13 16:14:21][Info]任务ID：3 触发命中，当前已命中次数：289
[2020-8-13 16:14:21][Info]任务ID：2 触发命中，当前已命中次数：293
[2020-8-13 16:14:22][Info]任务ID：3 触发命中，当前已命中次数：290
[2020-8-13 16:14:22][Info]任务ID：2 触发命中，当前已命中次数：294
[2020-8-13 16:14:23][Info]任务ID：3 触发命中，当前已命中次数：291
[2020-8-13 16:14:23][Info]任务ID：2 触发命中，当前已命中次数：295
[2020-8-13 16:14:24][Info]任务ID：3 触发命中，当前已命中次数：292
[2020-8-13 16:14:24][Info]任务ID：2 触发命中，当前已命中次数：296
[2020-8-13 16:14:25][Info]任务ID：3 触发命中，当前已命中次数：293
[2020-8-13 16:14:25][Info]任务ID：2 触发命中，当前已命中次数：297
[2020-8-13 16:14:26][Info]任务ID：3 触发命中，当前已命中次数：294
[2020-8-13 16:14:26][Info]任务ID：2 触发命中，当前已命中次数：298
[2020-8-13 16:14:27][Info]任务ID：3 触发命中，当前已命中次数：295
[2020-8-13 16:14:27][Info]任务ID：2 触发命中，当前已命中次数：299
[2020-8-13 16:14:28][Info]任务ID：3 触发命中，当前已命中次数：296
[2020-8-13 16:14:28][Info]任务ID：2 触发命中，当前已命中次数：300
[2020-8-13 16:14:29][Info]任务ID：3 触发命中，当前已命中次数：297
[2020-8-13 16:14:29][Info]任务ID：2 触发命中，当前已命中次数：301
[2020-8-13 16:14:30][Info]任务ID：3 触发命中，当前已命中次数：298
[2020-8-13 16:14:30][Info]任务ID：2 触发命中，当前已命中次数：302
[2020-8-13 16:14:31][Info]任务ID：3 触发命中，当前已命中次数：299
[2020-8-13 16:14:31][Info]任务ID：2 触发命中，当前已命中次数：303
[2020-8-13 16:14:32][Info]任务ID：3 触发命中，当前已命中次数：300
[2020-8-13 16:14:32][Info]任务ID：2 触发命中，当前已命中次数：304
[2020-8-13 16:14:33][Info]任务ID：3 触发命中，当前已命中次数：301
[2020-8-13 16:14:33][Info]任务ID：2 触发命中，当前已命中次数：305
[2020-8-13 16:14:34][Info]任务ID：3 触发命中，当前已命中次数：302
[2020-8-13 16:14:34][Info]任务ID：2 触发命中，当前已命中次数：306
[2020-8-13 16:14:35][Info]任务ID：3 触发命中，当前已命中次数：303
[2020-8-13 16:14:35][Info]任务ID：2 触发命中，当前已命中次数：307
[2020-8-13 16:14:36][Info]任务ID：3 触发命中，当前已命中次数：304
[2020-8-13 16:14:36][Info]任务ID：2 触发命中，当前已命中次数：308
[2020-8-13 16:14:37][Info]任务ID：3 触发命中，当前已命中次数：305
[2020-8-13 16:14:37][Info]任务ID：2 触发命中，当前已命中次数：309
[2020-8-13 16:14:38][Info]任务ID：3 触发命中，当前已命中次数：306
[2020-8-13 16:14:38][Info]任务ID：2 触发命中，当前已命中次数：310
[2020-8-13 16:14:39][Info]任务ID：3 触发命中，当前已命中次数：307
[2020-8-13 16:14:39][Info]任务ID：2 触发命中，当前已命中次数：311
[2020-8-13 16:14:40][Info]任务ID：3 触发命中，当前已命中次数：308
[2020-8-13 16:14:40][Info]任务ID：2 触发命中，当前已命中次数：312
[2020-8-13 16:14:41][Info]任务ID：3 触发命中，当前已命中次数：309
[2020-8-13 16:14:41][Info]任务ID：2 触发命中，当前已命中次数：313
[2020-8-13 16:14:42][Info]任务ID：3 触发命中，当前已命中次数：310
[2020-8-13 16:14:42][Info]任务ID：2 触发命中，当前已命中次数：314
[2020-8-13 16:14:43][Info]任务ID：3 触发命中，当前已命中次数：311
[2020-8-13 16:14:43][Info]任务ID：2 触发命中，当前已命中次数：315
[2020-8-13 16:14:44][Info]任务ID：3 触发命中，当前已命中次数：312
[2020-8-13 16:14:44][Info]任务ID：2 触发命中，当前已命中次数：316
[2020-8-13 16:14:45][Info]任务ID：3 触发命中，当前已命中次数：313
[2020-8-13 16:14:45][Info]任务ID：2 触发命中，当前已命中次数：317
[2020-8-13 16:14:46][Info]任务ID：3 触发命中，当前已命中次数：314
[2020-8-13 16:14:46][Info]任务ID：2 触发命中，当前已命中次数：318
[2020-8-13 16:14:47][Info]任务ID：3 触发命中，当前已命中次数：315
[2020-8-13 16:14:47][Info]任务ID：2 触发命中，当前已命中次数：319
[2020-8-13 16:14:48][Info]任务ID：3 触发命中，当前已命中次数：316
[2020-8-13 16:14:48][Info]任务ID：2 触发命中，当前已命中次数：320
[2020-8-13 16:14:49][Info]任务ID：3 触发命中，当前已命中次数：317
[2020-8-13 16:14:49][Info]任务ID：2 触发命中，当前已命中次数：321
[2020-8-13 16:14:50][Info]任务ID：3 触发命中，当前已命中次数：318
[2020-8-13 16:14:50][Info]任务ID：2 触发命中，当前已命中次数：322
[2020-8-13 16:14:51][Info]任务ID：3 触发命中，当前已命中次数：319
[2020-8-13 16:14:51][Info]任务ID：2 触发命中，当前已命中次数：323
[2020-8-13 16:14:52][Info]任务ID：3 触发命中，当前已命中次数：320
[2020-8-13 16:14:52][Info]任务ID：2 触发命中，当前已命中次数：324
[2020-8-13 16:14:53][Info]任务ID：3 触发命中，当前已命中次数：321
[2020-8-13 16:14:53][Info]任务ID：2 触发命中，当前已命中次数：325
[2020-8-13 16:14:54][Info]任务ID：3 触发命中，当前已命中次数：322
[2020-8-13 16:14:54][Info]任务ID：2 触发命中，当前已命中次数：326
[2020-8-13 16:14:55][Info]任务ID：3 触发命中，当前已命中次数：323
[2020-8-13 16:14:55][Info]任务ID：2 触发命中，当前已命中次数：327
[2020-8-13 16:14:56][Info]任务ID：3 触发命中，当前已命中次数：324
[2020-8-13 16:14:56][Info]任务ID：2 触发命中，当前已命中次数：328
[2020-8-13 16:14:57][Info]任务ID：3 触发命中，当前已命中次数：325
[2020-8-13 16:14:57][Info]任务ID：2 触发命中，当前已命中次数：329
[2020-8-13 16:14:58][Info]任务ID：3 触发命中，当前已命中次数：326
[2020-8-13 16:14:58][Info]任务ID：2 触发命中，当前已命中次数：330
[2020-8-13 16:14:59][Info]任务ID：3 触发命中，当前已命中次数：327
[2020-8-13 16:14:59][Info]任务ID：2 触发命中，当前已命中次数：331
[2020-8-13 16:15:00][Info]任务ID：3 触发命中，当前已命中次数：328
[2020-8-13 16:15:00][Info]任务ID：2 触发命中，当前已命中次数：332
[2020-8-13 16:15:01][Info]任务ID：3 触发命中，当前已命中次数：329
[2020-8-13 16:15:01][Info]任务ID：2 触发命中，当前已命中次数：333
[2020-8-13 16:15:02][Info]任务ID：3 触发命中，当前已命中次数：330
[2020-8-13 16:15:03][Info]任务ID：2 触发命中，当前已命中次数：334
[2020-8-13 16:15:03][Info]任务ID：3 触发命中，当前已命中次数：331
[2020-8-13 16:15:04][Info]任务ID：2 触发命中，当前已命中次数：335
[2020-8-13 16:15:04][Info]任务ID：3 触发命中，当前已命中次数：332
[2020-8-13 16:15:05][Info]任务ID：2 触发命中，当前已命中次数：336
[2020-8-13 16:15:05][Info]任务ID：3 触发命中，当前已命中次数：333
[2020-8-13 16:15:06][Info]任务ID：2 触发命中，当前已命中次数：337
[2020-8-13 16:15:06][Info]任务ID：3 触发命中，当前已命中次数：334
[2020-8-13 16:15:07][Info]任务ID：2 触发命中，当前已命中次数：338
[2020-8-13 16:15:07][Info]任务ID：3 触发命中，当前已命中次数：335
[2020-8-13 16:15:08][Info]任务ID：2 触发命中，当前已命中次数：339
[2020-8-13 16:15:08][Info]任务ID：3 触发命中，当前已命中次数：336
[2020-8-13 16:15:09][Info]任务ID：2 触发命中，当前已命中次数：340
[2020-8-13 16:15:09][Info]任务ID：3 触发命中，当前已命中次数：337
[2020-8-13 16:15:10][Info]任务ID：2 触发命中，当前已命中次数：341
[2020-8-13 16:15:10][Info]任务ID：3 触发命中，当前已命中次数：338
[2020-8-13 16:15:11][Info]任务ID：2 触发命中，当前已命中次数：342
[2020-8-13 16:15:11][Info]任务ID：3 触发命中，当前已命中次数：339
[2020-8-13 16:15:12][Info]任务ID：2 触发命中，当前已命中次数：343
[2020-8-13 16:15:12][Info]任务ID：3 触发命中，当前已命中次数：340
[2020-8-13 16:15:13][Info]任务ID：2 触发命中，当前已命中次数：344
[2020-8-13 16:15:13][Info]任务ID：3 触发命中，当前已命中次数：341
[2020-8-13 16:15:14][Info]任务ID：2 触发命中，当前已命中次数：345
[2020-8-13 16:15:14][Info]任务ID：3 触发命中，当前已命中次数：342
[2020-8-13 16:15:15][Info]任务ID：2 触发命中，当前已命中次数：346
[2020-8-13 16:15:15][Info]任务ID：3 触发命中，当前已命中次数：343
[2020-8-13 16:15:16][Info]任务ID：2 触发命中，当前已命中次数：347
[2020-8-13 16:15:17][Info]任务ID：3 触发命中，当前已命中次数：344
[2020-8-13 16:15:17][Info]任务ID：2 触发命中，当前已命中次数：348
[2020-8-13 16:15:18][Info]任务ID：3 触发命中，当前已命中次数：345
[2020-8-13 16:15:18][Info]任务ID：2 触发命中，当前已命中次数：349
[2020-8-13 16:15:19][Info]任务ID：3 触发命中，当前已命中次数：346
[2020-8-13 16:15:19][Info]任务ID：2 触发命中，当前已命中次数：350
[2020-8-13 16:15:20][Info]任务ID：3 触发命中，当前已命中次数：347
[2020-8-13 16:15:20][Info]任务ID：2 触发命中，当前已命中次数：351
[2020-8-13 16:15:21][Info]任务ID：3 触发命中，当前已命中次数：348
[2020-8-13 16:15:21][Info]任务ID：2 触发命中，当前已命中次数：352
[2020-8-13 16:15:22][Info]任务ID：3 触发命中，当前已命中次数：349
[2020-8-13 16:15:22][Info]任务ID：2 触发命中，当前已命中次数：353
[2020-8-13 16:15:23][Info]任务ID：3 触发命中，当前已命中次数：350
[2020-8-13 16:15:23][Info]任务ID：2 触发命中，当前已命中次数：354
[2020-8-13 16:15:24][Info]任务ID：3 触发命中，当前已命中次数：351
[2020-8-13 16:15:24][Info]任务ID：2 触发命中，当前已命中次数：355
[2020-8-13 16:15:25][Info]任务ID：3 触发命中，当前已命中次数：352
[2020-8-13 16:15:25][Info]任务ID：2 触发命中，当前已命中次数：356
[2020-8-13 16:15:26][Info]任务ID：3 触发命中，当前已命中次数：353
[2020-8-13 16:15:26][Info]任务ID：2 触发命中，当前已命中次数：357
[2020-8-13 16:15:27][Info]任务ID：3 触发命中，当前已命中次数：354
[2020-8-13 16:15:27][Info]任务ID：2 触发命中，当前已命中次数：358
[2020-8-13 16:15:28][Info]任务ID：3 触发命中，当前已命中次数：355
[2020-8-13 16:15:28][Info]任务ID：2 触发命中，当前已命中次数：359
[2020-8-13 16:15:29][Info]任务ID：3 触发命中，当前已命中次数：356
[2020-8-13 16:15:29][Info]任务ID：2 触发命中，当前已命中次数：360
[2020-8-13 16:15:30][Info]任务ID：3 触发命中，当前已命中次数：357
[2020-8-13 16:15:30][Info]任务ID：2 触发命中，当前已命中次数：361
[2020-8-13 16:15:31][Info]任务ID：3 触发命中，当前已命中次数：358
[2020-8-13 16:15:31][Info]任务ID：2 触发命中，当前已命中次数：362
[2020-8-13 16:15:32][Info]任务ID：3 触发命中，当前已命中次数：359
[2020-8-13 16:15:32][Info]任务ID：2 触发命中，当前已命中次数：363
[2020-8-13 16:15:33][Info]任务ID：3 触发命中，当前已命中次数：360
[2020-8-13 16:15:33][Info]任务ID：2 触发命中，当前已命中次数：364
[2020-8-13 16:15:34][Info]任务ID：3 触发命中，当前已命中次数：361
[2020-8-13 16:15:34][Info]任务ID：2 触发命中，当前已命中次数：365
[2020-8-13 16:15:35][Info]任务ID：3 触发命中，当前已命中次数：362
[2020-8-13 16:15:35][Info]任务ID：2 触发命中，当前已命中次数：366
[2020-8-13 16:15:36][Info]任务ID：3 触发命中，当前已命中次数：363
[2020-8-13 16:15:36][Info]任务ID：2 触发命中，当前已命中次数：367
[2020-8-13 16:15:37][Info]任务ID：3 触发命中，当前已命中次数：364
[2020-8-13 16:15:37][Info]任务ID：2 触发命中，当前已命中次数：368
[2020-8-13 16:15:38][Info]任务ID：3 触发命中，当前已命中次数：365
[2020-8-13 16:15:38][Info]任务ID：2 触发命中，当前已命中次数：369
[2020-8-13 16:15:39][Info]任务ID：3 触发命中，当前已命中次数：366
[2020-8-13 16:15:39][Info]任务ID：2 触发命中，当前已命中次数：370
[2020-8-13 16:15:40][Info]任务ID：3 触发命中，当前已命中次数：367
[2020-8-13 16:15:40][Info]任务ID：2 触发命中，当前已命中次数：371
[2020-8-13 16:15:41][Info]任务ID：3 触发命中，当前已命中次数：368
[2020-8-13 16:15:41][Info]任务ID：2 触发命中，当前已命中次数：372
[2020-8-13 16:15:42][Info]任务ID：3 触发命中，当前已命中次数：369
[2020-8-13 16:15:42][Info]任务ID：2 触发命中，当前已命中次数：373
[2020-8-13 16:15:43][Info]任务ID：3 触发命中，当前已命中次数：370
[2020-8-13 16:15:43][Info]任务ID：2 触发命中，当前已命中次数：374
[2020-8-13 16:15:44][Info]任务ID：3 触发命中，当前已命中次数：371
[2020-8-13 16:15:44][Info]任务ID：2 触发命中，当前已命中次数：375
[2020-8-13 16:15:45][Info]任务ID：3 触发命中，当前已命中次数：372
[2020-8-13 16:15:45][Info]任务ID：2 触发命中，当前已命中次数：376
[2020-8-13 16:15:46][Info]任务ID：3 触发命中，当前已命中次数：373
[2020-8-13 16:15:46][Info]任务ID：2 触发命中，当前已命中次数：377
[2020-8-13 16:15:47][Info]任务ID：3 触发命中，当前已命中次数：374
[2020-8-13 16:15:47][Info]任务ID：2 触发命中，当前已命中次数：378
[2020-8-13 16:15:48][Info]任务ID：3 触发命中，当前已命中次数：375
[2020-8-13 16:15:48][Info]任务ID：2 触发命中，当前已命中次数：379
[2020-8-13 16:15:49][Info]任务ID：3 触发命中，当前已命中次数：376
[2020-8-13 16:15:49][Info]任务ID：2 触发命中，当前已命中次数：380
[2020-8-13 16:15:50][Info]任务ID：3 触发命中，当前已命中次数：377
[2020-8-13 16:15:50][Info]任务ID：2 触发命中，当前已命中次数：381
[2020-8-13 16:15:51][Info]任务ID：3 触发命中，当前已命中次数：378
[2020-8-13 16:15:51][Info]任务ID：2 触发命中，当前已命中次数：382
[2020-8-13 16:15:52][Info]任务ID：3 触发命中，当前已命中次数：379
[2020-8-13 16:15:52][Info]任务ID：2 触发命中，当前已命中次数：383
[2020-8-13 16:15:53][Info]任务ID：3 触发命中，当前已命中次数：380
[2020-8-13 16:15:53][Info]任务ID：2 触发命中，当前已命中次数：384
[2020-8-13 16:15:54][Info]任务ID：3 触发命中，当前已命中次数：381
[2020-8-13 16:15:54][Info]任务ID：2 触发命中，当前已命中次数：385
[2020-8-13 16:15:55][Info]任务ID：3 触发命中，当前已命中次数：382
[2020-8-13 16:15:55][Info]任务ID：2 触发命中，当前已命中次数：386
[2020-8-13 16:15:56][Info]任务ID：3 触发命中，当前已命中次数：383
[2020-8-13 16:15:56][Info]任务ID：2 触发命中，当前已命中次数：387
[2020-8-13 16:15:57][Info]任务ID：3 触发命中，当前已命中次数：384
[2020-8-13 16:15:57][Info]任务ID：2 触发命中，当前已命中次数：388
[2020-8-13 16:15:58][Info]任务ID：3 触发命中，当前已命中次数：385
[2020-8-13 16:15:58][Info]任务ID：2 触发命中，当前已命中次数：389
[2020-8-13 16:15:59][Info]任务ID：3 触发命中，当前已命中次数：386
[2020-8-13 16:15:59][Info]任务ID：2 触发命中，当前已命中次数：390
[2020-8-13 16:16:00][Info]任务ID：3 触发命中，当前已命中次数：387
[2020-8-13 16:16:00][Info]任务ID：2 触发命中，当前已命中次数：391
[2020-8-13 16:16:01][Info]任务ID：3 触发命中，当前已命中次数：388
[2020-8-13 16:16:01][Info]任务ID：2 触发命中，当前已命中次数：392
[2020-8-13 16:16:02][Info]任务ID：3 触发命中，当前已命中次数：389
[2020-8-13 16:16:02][Info]任务ID：2 触发命中，当前已命中次数：393
[2020-8-13 16:16:03][Info]任务ID：3 触发命中，当前已命中次数：390
[2020-8-13 16:16:03][Info]任务ID：2 触发命中，当前已命中次数：394
[2020-8-13 16:16:04][Info]任务ID：3 触发命中，当前已命中次数：391
[2020-8-13 16:16:04][Info]任务ID：2 触发命中，当前已命中次数：395
[2020-8-13 16:16:05][Info]任务ID：3 触发命中，当前已命中次数：392
[2020-8-13 16:16:05][Info]任务ID：2 触发命中，当前已命中次数：396
[2020-8-13 16:16:06][Info]任务ID：3 触发命中，当前已命中次数：393
[2020-8-13 16:16:06][Info]任务ID：2 触发命中，当前已命中次数：397
[2020-8-13 16:16:07][Info]任务ID：3 触发命中，当前已命中次数：394
[2020-8-13 16:16:07][Info]任务ID：2 触发命中，当前已命中次数：398
[2020-8-13 16:16:08][Info]任务ID：3 触发命中，当前已命中次数：395
[2020-8-13 16:16:08][Info]任务ID：2 触发命中，当前已命中次数：399
[2020-8-13 16:16:09][Info]任务ID：3 触发命中，当前已命中次数：396
[2020-8-13 16:16:09][Info]任务ID：2 触发命中，当前已命中次数：400
[2020-8-13 16:16:10][Info]任务ID：3 触发命中，当前已命中次数：397
[2020-8-13 16:16:10][Info]任务ID：2 触发命中，当前已命中次数：401
[2020-8-13 16:16:11][Info]任务ID：3 触发命中，当前已命中次数：398
[2020-8-13 16:16:11][Info]任务ID：2 触发命中，当前已命中次数：402
[2020-8-13 16:16:12][Info]任务ID：3 触发命中，当前已命中次数：399
[2020-8-13 16:16:12][Info]任务ID：2 触发命中，当前已命中次数：403
[2020-8-13 16:16:13][Info]任务ID：3 触发命中，当前已命中次数：400
[2020-8-13 16:16:13][Info]任务ID：2 触发命中，当前已命中次数：404
[2020-8-13 16:16:14][Info]任务ID：3 触发命中，当前已命中次数：401
[2020-8-13 16:16:14][Info]任务ID：2 触发命中，当前已命中次数：405
[2020-8-13 16:16:15][Info]任务ID：3 触发命中，当前已命中次数：402
[2020-8-13 16:16:16][Info]任务ID：2 触发命中，当前已命中次数：406
[2020-8-13 16:16:16][Info]任务ID：3 触发命中，当前已命中次数：403
[2020-8-13 16:16:17][Info]任务ID：2 触发命中，当前已命中次数：407
[2020-8-13 16:16:17][Info]任务ID：3 触发命中，当前已命中次数：404
[2020-8-13 16:16:18][Info]任务ID：2 触发命中，当前已命中次数：408
[2020-8-13 16:16:18][Info]任务ID：3 触发命中，当前已命中次数：405
[2020-8-13 16:16:19][Info]任务ID：2 触发命中，当前已命中次数：409
[2020-8-13 16:16:19][Info]任务ID：3 触发命中，当前已命中次数：406
[2020-8-13 16:16:20][Info]任务ID：2 触发命中，当前已命中次数：410
[2020-8-13 16:16:20][Info]任务ID：3 触发命中，当前已命中次数：407
[2020-8-13 16:16:21][Info]任务ID：2 触发命中，当前已命中次数：411
[2020-8-13 16:16:21][Info]任务ID：3 触发命中，当前已命中次数：408
[2020-8-13 16:16:22][Info]任务ID：2 触发命中，当前已命中次数：412
[2020-8-13 16:16:22][Info]任务ID：3 触发命中，当前已命中次数：409
[2020-8-13 16:16:23][Info]任务ID：2 触发命中，当前已命中次数：413
[2020-8-13 16:16:23][Info]任务ID：3 触发命中，当前已命中次数：410
[2020-8-13 16:16:24][Info]任务ID：2 触发命中，当前已命中次数：414
[2020-8-13 16:16:24][Info]任务ID：3 触发命中，当前已命中次数：411
[2020-8-13 16:16:25][Info]任务ID：2 触发命中，当前已命中次数：415
[2020-8-13 16:16:25][Info]任务ID：3 触发命中，当前已命中次数：412
[2020-8-13 16:16:26][Info]任务ID：2 触发命中，当前已命中次数：416
[2020-8-13 16:16:26][Info]任务ID：3 触发命中，当前已命中次数：413
[2020-8-13 16:16:27][Info]任务ID：2 触发命中，当前已命中次数：417
[2020-8-13 16:16:27][Info]任务ID：3 触发命中，当前已命中次数：414
[2020-8-13 16:16:28][Info]任务ID：2 触发命中，当前已命中次数：418
[2020-8-13 16:16:29][Info]任务ID：3 触发命中，当前已命中次数：415
[2020-8-13 16:16:29][Info]任务ID：2 触发命中，当前已命中次数：419
[2020-8-13 16:16:30][Info]任务ID：3 触发命中，当前已命中次数：416
[2020-8-13 16:16:30][Info]任务ID：2 触发命中，当前已命中次数：420
[2020-8-13 16:16:31][Info]任务ID：3 触发命中，当前已命中次数：417
[2020-8-13 16:16:31][Info]任务ID：2 触发命中，当前已命中次数：421
[2020-8-13 16:16:32][Info]任务ID：3 触发命中，当前已命中次数：418
[2020-8-13 16:16:32][Info]任务ID：2 触发命中，当前已命中次数：422
[2020-8-13 16:16:33][Info]任务ID：3 触发命中，当前已命中次数：419
[2020-8-13 16:16:33][Info]任务ID：2 触发命中，当前已命中次数：423
[2020-8-13 16:16:34][Info]任务ID：3 触发命中，当前已命中次数：420
[2020-8-13 16:16:34][Info]任务ID：2 触发命中，当前已命中次数：424
[2020-8-13 16:16:35][Info]任务ID：3 触发命中，当前已命中次数：421
[2020-8-13 16:16:35][Info]任务ID：2 触发命中，当前已命中次数：425
[2020-8-13 16:16:36][Info]任务ID：3 触发命中，当前已命中次数：422
[2020-8-13 16:16:36][Info]任务ID：2 触发命中，当前已命中次数：426
[2020-8-13 16:16:37][Info]任务ID：3 触发命中，当前已命中次数：423
[2020-8-13 16:16:37][Info]任务ID：2 触发命中，当前已命中次数：427
[2020-8-13 16:16:38][Info]任务ID：3 触发命中，当前已命中次数：424
[2020-8-13 16:16:38][Info]任务ID：2 触发命中，当前已命中次数：428
[2020-8-13 16:16:39][Info]任务ID：3 触发命中，当前已命中次数：425
[2020-8-13 16:16:39][Info]任务ID：2 触发命中，当前已命中次数：429
[2020-8-13 16:16:40][Info]任务ID：3 触发命中，当前已命中次数：426
[2020-8-13 16:16:40][Info]任务ID：2 触发命中，当前已命中次数：430
[2020-8-13 16:16:41][Info]任务ID：3 触发命中，当前已命中次数：427
[2020-8-13 16:16:41][Info]任务ID：2 触发命中，当前已命中次数：431
[2020-8-13 16:16:42][Info]任务ID：3 触发命中，当前已命中次数：428
[2020-8-13 16:16:42][Info]任务ID：2 触发命中，当前已命中次数：432
[2020-8-13 16:16:43][Info]任务ID：3 触发命中，当前已命中次数：429
[2020-8-13 16:16:43][Info]任务ID：2 触发命中，当前已命中次数：433
[2020-8-13 16:16:44][Info]任务ID：3 触发命中，当前已命中次数：430
[2020-8-13 16:16:44][Info]任务ID：2 触发命中，当前已命中次数：434
[2020-8-13 16:16:45][Info]任务ID：3 触发命中，当前已命中次数：431
[2020-8-13 16:16:45][Info]任务ID：2 触发命中，当前已命中次数：435
[2020-8-13 16:16:46][Info]任务ID：3 触发命中，当前已命中次数：432
[2020-8-13 16:16:46][Info]任务ID：2 触发命中，当前已命中次数：436
[2020-8-13 16:16:47][Info]任务ID：3 触发命中，当前已命中次数：433
[2020-8-13 16:16:47][Info]任务ID：2 触发命中，当前已命中次数：437
[2020-8-13 16:16:48][Info]任务ID：3 触发命中，当前已命中次数：434
[2020-8-13 16:16:48][Info]任务ID：2 触发命中，当前已命中次数：438
[2020-8-13 16:16:49][Info]任务ID：3 触发命中，当前已命中次数：435
[2020-8-13 16:16:49][Info]任务ID：2 触发命中，当前已命中次数：439
[2020-8-13 16:16:50][Info]任务ID：3 触发命中，当前已命中次数：436
[2020-8-13 16:16:50][Info]任务ID：2 触发命中，当前已命中次数：440
[2020-8-13 16:16:51][Info]任务ID：3 触发命中，当前已命中次数：437
[2020-8-13 16:16:51][Info]任务ID：2 触发命中，当前已命中次数：441
[2020-8-13 16:16:52][Info]任务ID：3 触发命中，当前已命中次数：438
[2020-8-13 16:16:52][Info]任务ID：2 触发命中，当前已命中次数：442
[2020-8-13 16:16:53][Info]任务ID：3 触发命中，当前已命中次数：439
[2020-8-13 16:16:53][Info]任务ID：2 触发命中，当前已命中次数：443
[2020-8-13 16:16:54][Info]任务ID：3 触发命中，当前已命中次数：440
[2020-8-13 16:16:54][Info]任务ID：2 触发命中，当前已命中次数：444
[2020-8-13 16:16:55][Info]任务ID：3 触发命中，当前已命中次数：441
[2020-8-13 16:16:55][Info]任务ID：2 触发命中，当前已命中次数：445
[2020-8-13 16:16:56][Info]任务ID：3 触发命中，当前已命中次数：442
[2020-8-13 16:16:56][Info]任务ID：2 触发命中，当前已命中次数：446
[2020-8-13 16:16:57][Info]任务ID：3 触发命中，当前已命中次数：443
[2020-8-13 16:16:57][Info]任务ID：2 触发命中，当前已命中次数：447
[2020-8-13 16:16:58][Info]任务ID：3 触发命中，当前已命中次数：444
[2020-8-13 16:16:58][Info]任务ID：2 触发命中，当前已命中次数：448
[2020-8-13 16:16:59][Info]任务ID：3 触发命中，当前已命中次数：445
[2020-8-13 16:16:59][Info]任务ID：2 触发命中，当前已命中次数：449
[2020-8-13 16:17:00][Info]任务ID：3 触发命中，当前已命中次数：446
[2020-8-13 16:17:00][Info]任务ID：2 触发命中，当前已命中次数：450
[2020-8-13 16:17:01][Info]任务ID：3 触发命中，当前已命中次数：447
[2020-8-13 16:17:01][Info]任务ID：2 触发命中，当前已命中次数：451
[2020-8-13 16:17:02][Info]任务ID：3 触发命中，当前已命中次数：448
[2020-8-13 16:17:02][Info]任务ID：2 触发命中，当前已命中次数：452
[2020-8-13 16:17:03][Info]任务ID：3 触发命中，当前已命中次数：449
[2020-8-13 16:17:03][Info]任务ID：2 触发命中，当前已命中次数：453
[2020-8-13 16:17:04][Info]任务ID：3 触发命中，当前已命中次数：450
[2020-8-13 16:17:04][Info]任务ID：2 触发命中，当前已命中次数：454
[2020-8-13 16:17:05][Info]任务ID：3 触发命中，当前已命中次数：451
[2020-8-13 16:17:05][Info]任务ID：2 触发命中，当前已命中次数：455
[2020-8-13 16:17:06][Info]任务ID：3 触发命中，当前已命中次数：452
[2020-8-13 16:17:06][Info]任务ID：2 触发命中，当前已命中次数：456
[2020-8-13 16:17:07][Info]任务ID：3 触发命中，当前已命中次数：453
[2020-8-13 16:17:07][Info]任务ID：2 触发命中，当前已命中次数：457
[2020-8-13 16:17:08][Info]任务ID：3 触发命中，当前已命中次数：454
[2020-8-13 16:17:08][Info]任务ID：2 触发命中，当前已命中次数：458
[2020-8-13 16:17:09][Info]任务ID：3 触发命中，当前已命中次数：455
[2020-8-13 16:17:09][Info]任务ID：2 触发命中，当前已命中次数：459
[2020-8-13 16:17:10][Info]任务ID：3 触发命中，当前已命中次数：456
[2020-8-13 16:17:10][Info]任务ID：2 触发命中，当前已命中次数：460
[2020-8-13 16:17:11][Info]任务ID：3 触发命中，当前已命中次数：457
[2020-8-13 16:17:11][Info]任务ID：2 触发命中，当前已命中次数：461
[2020-8-13 16:17:12][Info]任务ID：3 触发命中，当前已命中次数：458
[2020-8-13 16:17:12][Info]任务ID：2 触发命中，当前已命中次数：462
[2020-8-13 16:17:13][Info]任务ID：3 触发命中，当前已命中次数：459
[2020-8-13 16:17:13][Info]任务ID：2 触发命中，当前已命中次数：463
[2020-8-13 16:17:14][Info]任务ID：3 触发命中，当前已命中次数：460
[2020-8-13 16:17:14][Info]任务ID：2 触发命中，当前已命中次数：464
[2020-8-13 16:17:15][Info]任务ID：3 触发命中，当前已命中次数：461
[2020-8-13 16:17:15][Info]任务ID：2 触发命中，当前已命中次数：465
[2020-8-13 16:17:16][Info]任务ID：3 触发命中，当前已命中次数：462
[2020-8-13 16:17:16][Info]任务ID：2 触发命中，当前已命中次数：466
[2020-8-13 16:17:17][Info]任务ID：3 触发命中，当前已命中次数：463
[2020-8-13 16:17:17][Info]任务ID：2 触发命中，当前已命中次数：467
[2020-8-13 16:17:18][Info]任务ID：3 触发命中，当前已命中次数：464
[2020-8-13 16:17:18][Info]任务ID：2 触发命中，当前已命中次数：468
[2020-8-13 16:17:19][Info]任务ID：3 触发命中，当前已命中次数：465
[2020-8-13 16:17:19][Info]任务ID：2 触发命中，当前已命中次数：469
[2020-8-13 16:17:20][Info]任务ID：3 触发命中，当前已命中次数：466
[2020-8-13 16:17:20][Info]任务ID：2 触发命中，当前已命中次数：470
[2020-8-13 16:17:21][Info]任务ID：3 触发命中，当前已命中次数：467
[2020-8-13 16:17:21][Info]任务ID：2 触发命中，当前已命中次数：471
[2020-8-13 16:17:22][Info]任务ID：3 触发命中，当前已命中次数：468
[2020-8-13 16:17:22][Info]任务ID：2 触发命中，当前已命中次数：472
[2020-8-13 16:17:23][Info]任务ID：3 触发命中，当前已命中次数：469
[2020-8-13 16:17:23][Info]任务ID：2 触发命中，当前已命中次数：473
[2020-8-13 16:17:24][Info]任务ID：3 触发命中，当前已命中次数：470
[2020-8-13 16:17:24][Info]任务ID：2 触发命中，当前已命中次数：474
[2020-8-13 16:17:25][Info]任务ID：3 触发命中，当前已命中次数：471
[2020-8-13 16:17:25][Info]任务ID：2 触发命中，当前已命中次数：475
[2020-8-13 16:17:26][Info]任务ID：3 触发命中，当前已命中次数：472
[2020-8-13 16:17:26][Info]任务ID：2 触发命中，当前已命中次数：476
[2020-8-13 16:17:27][Info]任务ID：3 触发命中，当前已命中次数：473
[2020-8-13 16:17:28][Info]任务ID：2 触发命中，当前已命中次数：477
[2020-8-13 16:17:28][Info]任务ID：3 触发命中，当前已命中次数：474
[2020-8-13 16:17:29][Info]任务ID：2 触发命中，当前已命中次数：478
[2020-8-13 16:17:29][Info]任务ID：3 触发命中，当前已命中次数：475
[2020-8-13 16:17:30][Info]任务ID：2 触发命中，当前已命中次数：479
[2020-8-13 16:17:30][Info]任务ID：3 触发命中，当前已命中次数：476
[2020-8-13 16:17:31][Info]任务ID：2 触发命中，当前已命中次数：480
[2020-8-13 16:17:31][Info]任务ID：3 触发命中，当前已命中次数：477
[2020-8-13 16:17:32][Info]任务ID：2 触发命中，当前已命中次数：481
[2020-8-13 16:17:32][Info]任务ID：3 触发命中，当前已命中次数：478
[2020-8-13 16:17:33][Info]任务ID：2 触发命中，当前已命中次数：482
[2020-8-13 16:17:33][Info]任务ID：3 触发命中，当前已命中次数：479
[2020-8-13 16:17:34][Info]任务ID：2 触发命中，当前已命中次数：483
[2020-8-13 16:17:34][Info]任务ID：3 触发命中，当前已命中次数：480
[2020-8-13 16:17:35][Info]任务ID：2 触发命中，当前已命中次数：484
[2020-8-13 16:17:35][Info]任务ID：3 触发命中，当前已命中次数：481
[2020-8-13 16:17:36][Info]任务ID：2 触发命中，当前已命中次数：485
[2020-8-13 16:17:36][Info]任务ID：3 触发命中，当前已命中次数：482
[2020-8-13 16:17:37][Info]任务ID：2 触发命中，当前已命中次数：486
[2020-8-13 16:17:37][Info]任务ID：3 触发命中，当前已命中次数：483
[2020-8-13 16:17:38][Info]任务ID：2 触发命中，当前已命中次数：487
[2020-8-13 16:17:38][Info]任务ID：3 触发命中，当前已命中次数：484
[2020-8-13 16:17:39][Info]任务ID：2 触发命中，当前已命中次数：488
[2020-8-13 16:17:39][Info]任务ID：3 触发命中，当前已命中次数：485
[2020-8-13 16:17:40][Info]任务ID：2 触发命中，当前已命中次数：489
[2020-8-13 16:17:41][Info]任务ID：3 触发命中，当前已命中次数：486
[2020-8-13 16:17:41][Info]任务ID：2 触发命中，当前已命中次数：490
[2020-8-13 16:17:42][Info]任务ID：3 触发命中，当前已命中次数：487
[2020-8-13 16:17:42][Info]任务ID：2 触发命中，当前已命中次数：491
[2020-8-13 16:17:43][Info]任务ID：3 触发命中，当前已命中次数：488
[2020-8-13 16:17:43][Info]任务ID：2 触发命中，当前已命中次数：492
[2020-8-13 16:17:44][Info]任务ID：3 触发命中，当前已命中次数：489
[2020-8-13 16:17:44][Info]任务ID：2 触发命中，当前已命中次数：493
[2020-8-13 16:17:45][Info]任务ID：3 触发命中，当前已命中次数：490
[2020-8-13 16:17:45][Info]任务ID：2 触发命中，当前已命中次数：494
[2020-8-13 16:17:46][Info]任务ID：3 触发命中，当前已命中次数：491
[2020-8-13 16:17:46][Info]任务ID：2 触发命中，当前已命中次数：495
[2020-8-13 16:17:47][Info]任务ID：3 触发命中，当前已命中次数：492
[2020-8-13 16:17:47][Info]任务ID：2 触发命中，当前已命中次数：496
[2020-8-13 16:17:48][Info]任务ID：3 触发命中，当前已命中次数：493
[2020-8-13 16:17:48][Info]任务ID：2 触发命中，当前已命中次数：497
[2020-8-13 16:17:49][Info]任务ID：3 触发命中，当前已命中次数：494
[2020-8-13 16:17:49][Info]任务ID：2 触发命中，当前已命中次数：498
[2020-8-13 16:17:50][Info]任务ID：3 触发命中，当前已命中次数：495
[2020-8-13 16:17:50][Info]任务ID：2 触发命中，当前已命中次数：499
[2020-8-13 16:17:51][Info]任务ID：3 触发命中，当前已命中次数：496
[2020-8-13 16:17:51][Info]任务ID：2 触发命中，当前已命中次数：500
[2020-8-13 16:17:52][Info]任务ID：3 触发命中，当前已命中次数：497
[2020-8-13 16:17:52][Info]任务ID：2 触发命中，当前已命中次数：501
[2020-8-13 16:17:53][Info]任务ID：3 触发命中，当前已命中次数：498
[2020-8-13 16:17:53][Info]任务ID：2 触发命中，当前已命中次数：502
[2020-8-13 16:17:54][Info]任务ID：3 触发命中，当前已命中次数：499
[2020-8-13 16:17:54][Info]任务ID：2 触发命中，当前已命中次数：503
[2020-8-13 16:17:55][Info]任务ID：3 触发命中，当前已命中次数：500
[2020-8-13 16:17:55][Info]任务ID：2 触发命中，当前已命中次数：504
[2020-8-13 16:17:56][Info]任务ID：3 触发命中，当前已命中次数：501
[2020-8-13 16:17:56][Info]任务ID：2 触发命中，当前已命中次数：505
[2020-8-13 16:17:57][Info]任务ID：3 触发命中，当前已命中次数：502
[2020-8-13 16:17:57][Info]任务ID：2 触发命中，当前已命中次数：506
[2020-8-13 16:17:58][Info]任务ID：3 触发命中，当前已命中次数：503
[2020-8-13 16:17:58][Info]任务ID：2 触发命中，当前已命中次数：507
[2020-8-13 16:17:59][Info]任务ID：3 触发命中，当前已命中次数：504
[2020-8-13 16:17:59][Info]任务ID：2 触发命中，当前已命中次数：508
[2020-8-13 16:18:00][Info]任务ID：3 触发命中，当前已命中次数：505
[2020-8-13 16:18:00][Info]任务ID：2 触发命中，当前已命中次数：509
[2020-8-13 16:18:01][Info]任务ID：3 触发命中，当前已命中次数：506
[2020-8-13 16:18:01][Info]任务ID：2 触发命中，当前已命中次数：510
[2020-8-13 16:18:02][Info]任务ID：3 触发命中，当前已命中次数：507
[2020-8-13 16:18:02][Info]任务ID：2 触发命中，当前已命中次数：511
[2020-8-13 16:18:03][Info]任务ID：3 触发命中，当前已命中次数：508
[2020-8-13 16:18:03][Info]任务ID：2 触发命中，当前已命中次数：512
[2020-8-13 16:18:04][Info]任务ID：3 触发命中，当前已命中次数：509
[2020-8-13 16:18:04][Info]任务ID：2 触发命中，当前已命中次数：513
[2020-8-13 16:18:05][Info]任务ID：3 触发命中，当前已命中次数：510
[2020-8-13 16:18:05][Info]任务ID：2 触发命中，当前已命中次数：514
[2020-8-13 16:18:06][Info]任务ID：3 触发命中，当前已命中次数：511
[2020-8-13 16:18:06][Info]任务ID：2 触发命中，当前已命中次数：515
[2020-8-13 16:18:07][Info]任务ID：3 触发命中，当前已命中次数：512
[2020-8-13 16:18:07][Info]任务ID：2 触发命中，当前已命中次数：516
[2020-8-13 16:18:08][Info]任务ID：3 触发命中，当前已命中次数：513
[2020-8-13 16:18:08][Info]任务ID：2 触发命中，当前已命中次数：517
[2020-8-13 16:18:09][Info]任务ID：3 触发命中，当前已命中次数：514
[2020-8-13 16:18:09][Info]任务ID：2 触发命中，当前已命中次数：518
[2020-8-13 16:18:10][Info]任务ID：3 触发命中，当前已命中次数：515
[2020-8-13 16:18:10][Info]任务ID：2 触发命中，当前已命中次数：519
[2020-8-13 16:18:11][Info]任务ID：3 触发命中，当前已命中次数：516
[2020-8-13 16:18:11][Info]任务ID：2 触发命中，当前已命中次数：520
[2020-8-13 16:18:12][Info]任务ID：3 触发命中，当前已命中次数：517
[2020-8-13 16:18:12][Info]任务ID：2 触发命中，当前已命中次数：521
[2020-8-13 16:18:13][Info]任务ID：3 触发命中，当前已命中次数：518
[2020-8-13 16:18:13][Info]任务ID：2 触发命中，当前已命中次数：522
[2020-8-13 16:18:14][Info]任务ID：3 触发命中，当前已命中次数：519
[2020-8-13 16:18:14][Info]任务ID：2 触发命中，当前已命中次数：523
[2020-8-13 16:18:15][Info]任务ID：3 触发命中，当前已命中次数：520
[2020-8-13 16:18:15][Info]任务ID：2 触发命中，当前已命中次数：524
[2020-8-13 16:18:16][Info]任务ID：3 触发命中，当前已命中次数：521
[2020-8-13 16:18:16][Info]任务ID：2 触发命中，当前已命中次数：525
[2020-8-13 16:18:17][Info]任务ID：3 触发命中，当前已命中次数：522
[2020-8-13 16:18:17][Info]任务ID：2 触发命中，当前已命中次数：526
[2020-8-13 16:18:18][Info]任务ID：3 触发命中，当前已命中次数：523
[2020-8-13 16:18:18][Info]任务ID：2 触发命中，当前已命中次数：527
[2020-8-13 16:18:19][Info]任务ID：3 触发命中，当前已命中次数：524
[2020-8-13 16:18:19][Info]任务ID：2 触发命中，当前已命中次数：528
[2020-8-13 16:18:20][Info]任务ID：3 触发命中，当前已命中次数：525
[2020-8-13 16:18:20][Info]任务ID：2 触发命中，当前已命中次数：529
[2020-8-13 16:18:21][Info]任务ID：3 触发命中，当前已命中次数：526
[2020-8-13 16:18:21][Info]任务ID：2 触发命中，当前已命中次数：530
[2020-8-13 16:18:22][Info]任务ID：3 触发命中，当前已命中次数：527
[2020-8-13 16:18:22][Info]任务ID：2 触发命中，当前已命中次数：531
[2020-8-13 16:18:23][Info]任务ID：3 触发命中，当前已命中次数：528
[2020-8-13 16:18:23][Info]任务ID：2 触发命中，当前已命中次数：532
[2020-8-13 16:18:24][Info]任务ID：3 触发命中，当前已命中次数：529
[2020-8-13 16:18:24][Info]任务ID：2 触发命中，当前已命中次数：533
[2020-8-13 16:18:25][Info]任务ID：3 触发命中，当前已命中次数：530
[2020-8-13 16:18:25][Info]任务ID：2 触发命中，当前已命中次数：534
[2020-8-13 16:18:26][Info]任务ID：3 触发命中，当前已命中次数：531
[2020-8-13 16:18:26][Info]任务ID：2 触发命中，当前已命中次数：535
[2020-8-13 16:18:27][Info]任务ID：3 触发命中，当前已命中次数：532
[2020-8-13 16:18:27][Info]任务ID：2 触发命中，当前已命中次数：536
[2020-8-13 16:18:28][Info]任务ID：3 触发命中，当前已命中次数：533
[2020-8-13 16:18:28][Info]任务ID：2 触发命中，当前已命中次数：537
[2020-8-13 16:18:29][Info]任务ID：3 触发命中，当前已命中次数：534
[2020-8-13 16:18:29][Info]任务ID：2 触发命中，当前已命中次数：538
[2020-8-13 16:18:30][Info]任务ID：3 触发命中，当前已命中次数：535
[2020-8-13 16:18:30][Info]任务ID：2 触发命中，当前已命中次数：539
[2020-8-13 16:18:31][Info]任务ID：3 触发命中，当前已命中次数：536
[2020-8-13 16:18:31][Info]任务ID：2 触发命中，当前已命中次数：540
[2020-8-13 16:18:32][Info]任务ID：3 触发命中，当前已命中次数：537
[2020-8-13 16:18:32][Info]任务ID：2 触发命中，当前已命中次数：541
[2020-8-13 16:18:33][Info]任务ID：3 触发命中，当前已命中次数：538
[2020-8-13 16:18:33][Info]任务ID：2 触发命中，当前已命中次数：542
[2020-8-13 16:18:34][Info]任务ID：3 触发命中，当前已命中次数：539
[2020-8-13 16:18:34][Info]任务ID：2 触发命中，当前已命中次数：543
[2020-8-13 16:18:35][Info]任务ID：3 触发命中，当前已命中次数：540
[2020-8-13 16:18:35][Info]任务ID：2 触发命中，当前已命中次数：544
[2020-8-13 16:18:36][Info]任务ID：3 触发命中，当前已命中次数：541
[2020-8-13 16:18:36][Info]任务ID：2 触发命中，当前已命中次数：545
[2020-8-13 16:18:37][Info]任务ID：3 触发命中，当前已命中次数：542
[2020-8-13 16:18:37][Info]任务ID：2 触发命中，当前已命中次数：546
[2020-8-13 16:18:38][Info]任务ID：3 触发命中，当前已命中次数：543
[2020-8-13 16:18:38][Info]任务ID：2 触发命中，当前已命中次数：547
[2020-8-13 16:18:39][Info]任务ID：3 触发命中，当前已命中次数：544
[2020-8-13 16:18:39][Info]任务ID：2 触发命中，当前已命中次数：548
[2020-8-13 16:18:40][Info]任务ID：3 触发命中，当前已命中次数：545
[2020-8-13 16:18:41][Info]任务ID：2 触发命中，当前已命中次数：549
[2020-8-13 16:18:41][Info]任务ID：3 触发命中，当前已命中次数：546
[2020-8-13 16:18:42][Info]任务ID：2 触发命中，当前已命中次数：550
[2020-8-13 16:18:42][Info]任务ID：3 触发命中，当前已命中次数：547
[2020-8-13 16:18:43][Info]任务ID：2 触发命中，当前已命中次数：551
[2020-8-13 16:18:43][Info]任务ID：3 触发命中，当前已命中次数：548
[2020-8-13 16:18:44][Info]任务ID：2 触发命中，当前已命中次数：552
[2020-8-13 16:18:44][Info]任务ID：3 触发命中，当前已命中次数：549
[2020-8-13 16:18:45][Info]任务ID：2 触发命中，当前已命中次数：553
[2020-8-13 16:18:45][Info]任务ID：3 触发命中，当前已命中次数：550
[2020-8-13 16:18:46][Info]任务ID：2 触发命中，当前已命中次数：554
[2020-8-13 16:18:46][Info]任务ID：3 触发命中，当前已命中次数：551
[2020-8-13 16:18:47][Info]任务ID：2 触发命中，当前已命中次数：555
[2020-8-13 16:18:47][Info]任务ID：3 触发命中，当前已命中次数：552
[2020-8-13 16:18:48][Info]任务ID：2 触发命中，当前已命中次数：556
[2020-8-13 16:18:48][Info]任务ID：3 触发命中，当前已命中次数：553
[2020-8-13 16:18:49][Info]任务ID：2 触发命中，当前已命中次数：557
[2020-8-13 16:18:49][Info]任务ID：3 触发命中，当前已命中次数：554
[2020-8-13 16:18:50][Info]任务ID：2 触发命中，当前已命中次数：558
[2020-8-13 16:18:50][Info]任务ID：3 触发命中，当前已命中次数：555
[2020-8-13 16:18:51][Info]任务ID：2 触发命中，当前已命中次数：559
[2020-8-13 16:18:51][Info]任务ID：3 触发命中，当前已命中次数：556
[2020-8-13 16:18:52][Info]任务ID：2 触发命中，当前已命中次数：560
[2020-8-13 16:18:52][Info]任务ID：3 触发命中，当前已命中次数：557
[2020-8-13 16:18:53][Info]任务ID：2 触发命中，当前已命中次数：561
[2020-8-13 16:18:54][Info]任务ID：3 触发命中，当前已命中次数：558
[2020-8-13 16:18:54][Info]任务ID：2 触发命中，当前已命中次数：562
[2020-8-13 16:18:55][Info]任务ID：3 触发命中，当前已命中次数：559
[2020-8-13 16:18:55][Info]任务ID：2 触发命中，当前已命中次数：563
[2020-8-13 16:18:56][Info]任务ID：3 触发命中，当前已命中次数：560
[2020-8-13 16:18:56][Info]任务ID：2 触发命中，当前已命中次数：564
[2020-8-13 16:18:57][Info]任务ID：3 触发命中，当前已命中次数：561
[2020-8-13 16:18:57][Info]任务ID：2 触发命中，当前已命中次数：565
[2020-8-13 16:18:58][Info]任务ID：3 触发命中，当前已命中次数：562
[2020-8-13 16:18:58][Info]任务ID：2 触发命中，当前已命中次数：566
[2020-8-13 16:18:59][Info]任务ID：3 触发命中，当前已命中次数：563
[2020-8-13 16:18:59][Info]任务ID：2 触发命中，当前已命中次数：567
[2020-8-13 16:19:00][Info]任务ID：3 触发命中，当前已命中次数：564
[2020-8-13 16:19:00][Info]任务ID：2 触发命中，当前已命中次数：568
[2020-8-13 16:19:01][Info]任务ID：3 触发命中，当前已命中次数：565
[2020-8-13 16:19:01][Info]任务ID：2 触发命中，当前已命中次数：569
[2020-8-13 16:19:02][Info]任务ID：3 触发命中，当前已命中次数：566
[2020-8-13 16:19:02][Info]任务ID：2 触发命中，当前已命中次数：570
[2020-8-13 16:19:03][Info]任务ID：3 触发命中，当前已命中次数：567
[2020-8-13 16:19:03][Info]任务ID：2 触发命中，当前已命中次数：571
[2020-8-13 16:19:04][Info]任务ID：3 触发命中，当前已命中次数：568
[2020-8-13 16:19:04][Info]任务ID：2 触发命中，当前已命中次数：572
[2020-8-13 16:19:05][Info]任务ID：3 触发命中，当前已命中次数：569
[2020-8-13 16:19:05][Info]任务ID：2 触发命中，当前已命中次数：573
[2020-8-13 16:19:06][Info]任务ID：3 触发命中，当前已命中次数：570
[2020-8-13 16:19:06][Info]任务ID：2 触发命中，当前已命中次数：574
[2020-8-13 16:19:07][Info]任务ID：3 触发命中，当前已命中次数：571
[2020-8-13 16:19:07][Info]任务ID：2 触发命中，当前已命中次数：575
[2020-8-13 16:19:08][Info]任务ID：3 触发命中，当前已命中次数：572
[2020-8-13 16:19:08][Info]任务ID：2 触发命中，当前已命中次数：576
[2020-8-13 16:19:09][Info]任务ID：3 触发命中，当前已命中次数：573
[2020-8-13 16:19:09][Info]任务ID：2 触发命中，当前已命中次数：577
[2020-8-13 16:19:10][Info]任务ID：3 触发命中，当前已命中次数：574
[2020-8-13 16:19:10][Info]任务ID：2 触发命中，当前已命中次数：578
[2020-8-13 16:19:11][Info]任务ID：3 触发命中，当前已命中次数：575
[2020-8-13 16:19:11][Info]任务ID：2 触发命中，当前已命中次数：579
[2020-8-13 16:19:12][Info]任务ID：3 触发命中，当前已命中次数：576
[2020-8-13 16:19:12][Info]任务ID：2 触发命中，当前已命中次数：580
[2020-8-13 16:19:13][Info]任务ID：3 触发命中，当前已命中次数：577
[2020-8-13 16:19:13][Info]任务ID：2 触发命中，当前已命中次数：581
[2020-8-13 16:19:14][Info]任务ID：3 触发命中，当前已命中次数：578
[2020-8-13 16:19:14][Info]任务ID：2 触发命中，当前已命中次数：582
[2020-8-13 16:19:15][Info]任务ID：3 触发命中，当前已命中次数：579
[2020-8-13 16:19:15][Info]任务ID：2 触发命中，当前已命中次数：583
[2020-8-13 16:19:16][Info]任务ID：3 触发命中，当前已命中次数：580
[2020-8-13 16:19:16][Info]任务ID：2 触发命中，当前已命中次数：584
[2020-8-13 16:19:17][Info]任务ID：3 触发命中，当前已命中次数：581
[2020-8-13 16:19:17][Info]任务ID：2 触发命中，当前已命中次数：585
[2020-8-13 16:19:18][Info]任务ID：3 触发命中，当前已命中次数：582
[2020-8-13 16:19:18][Info]任务ID:2状态变更为 停止
[2020-8-13 16:19:18][Info]任务ID:3状态变更为 停止
[2020-8-13 16:19:18][System]程序退出