2020-5-17 19:15:15 系统开始初始化！
2020-5-17 19:15:15 当前启动配置为：Z:\编程数据\个人编程\源码\Source 进程监控\1.2\Script\1.pms
2020-5-17 19:15:15 任务名：Task
2020-5-17 19:15:15 控制台可见：true
2020-5-17 19:15:15 当前运行模式：单机
2020-5-17 19:15:15 初始化完成！
2020-5-17 19:15:21 找到符合条件进程
2020-5-17 19:15:21 当前任务符合触发条件，已执行创建进程：C:\Windows\System32\cmd.exe
2020-5-17 19:15:28 找到符合条件进程
2020-5-17 19:15:28 当前任务符合触发条件，已执行创建进程：C:\Windows\System32\cmd.exe
2020-5-17 19:15:31 找到符合条件进程
2020-5-17 19:15:31 当前任务符合触发条件，已执行创建进程：C:\Windows\System32\cmd.exe
2020-5-17 19:15:33 找到符合条件进程
2020-5-17 19:15:33 当前任务符合触发条件，已执行创建进程：C:\Windows\System32\cmd.exe
2020-5-17 19:15:35 找到符合条件进程
2020-5-17 19:15:35 当前任务符合触发条件，已执行创建进程：C:\Windows\System32\cmd.exe
2020-5-17 19:15:37 找到符合条件进程
2020-5-17 19:15:37 当前任务符合触发条件，已执行创建进程：C:\Windows\System32\cmd.exe
2020-5-17 19:15:39 找到符合条件进程
2020-5-17 19:15:39 当前任务符合触发条件，已执行创建进程：C:\Windows\System32\cmd.exe
