
¡¾2018-07-31 13:52:19¡¿ > [2,OnReceive] ->(142bytes)
¡¾2018-07-31 13:52:19¡¿ > [2,OnSend] ->(33bytes)
¡¾2018-07-31 13:52:19¡¿ > [2,OnReceive] ->(142bytes)
¡¾2018-07-31 13:52:19¡¿ > [2,OnSend] ->(33bytes)
¡¾2018-07-31 13:52:19¡¿ > [2,OnReceive] ->(142bytes)
¡¾2018-07-31 13:52:19¡¿$ (2) Send OK --> 
¡¾2018-07-31 13:52:19¡¿ > [2,OnReceive] ->(142bytes)
¡¾2018-07-31 13:52:20¡¿$ (2) Send OK --> 
¡¾2018-07-31 13:52:20¡¿ > [2,OnReceive] ->(142bytes)
¡¾2018-07-31 13:52:20¡¿ > [2,OnSend] ->(33bytes)
¡¾2018-07-31 13:52:20¡¿ > [2,OnReceive] ->(142bytes)
¡¾2018-07-31 13:52:20¡¿ > [2,OnSend] ->(33bytes)
¡¾2018-07-31 13:52:20¡¿ > [2,OnReceive] ->(142bytes)
¡¾2018-07-31 13:52:20¡¿ > [2,OnSend] ->(33bytes)
¡¾2018-07-31 13:52:20¡¿ > [2,OnReceive] ->(142bytes)
¡¾2018-07-31 13:52:20¡¿$ (2) Send OK --> 
¡¾2018-07-31 13:52:21¡¿ > [2,OnReceive] ->(142bytes)
¡¾2018-07-31 13:52:21¡¿$ (2) Send OK --> 
¡¾2018-07-31 13:52:21¡¿ > [2,OnReceive] ->(142bytes)
¡¾2018-07-31 13:52:21¡¿$ (2) Send OK --> 
¡¾2018-07-31 13:52:21¡¿ > [2,OnReceive] ->(142bytes)
¡¾2018-07-31 13:52:21¡¿$ (2) Send OK --> 
¡¾2018-07-31 13:52:21¡¿ > [2,OnReceive] ->(142bytes)
¡¾2018-07-31 13:52:21¡¿$ (2) Send OK --> 
¡¾2018-07-31 13:52:21¡¿ > [2,OnReceive] ->(142bytes)
¡¾2018-07-31 13:52:22¡¿ > [2,OnSend] ->(33bytes)
¡¾2018-07-31 13:52:22¡¿ > [2,OnReceive] ->(142bytes)
¡¾2018-07-31 13:52:22¡¿$ (2) Send OK --> 
¡¾2018-07-31 13:52:22¡¿ > [2,OnReceive] ->(142bytes)
¡¾2018-07-31 13:52:22¡¿$ (2) Send OK --> 
¡¾2018-07-31 13:52:22¡¿ > [2,OnReceive] ->(142bytes)
¡¾2018-07-31 13:52:22¡¿ > [2,OnSend] ->(33bytes)
¡¾2018-07-31 13:52:22¡¿ > [2,OnReceive] ->(142bytes)
¡¾2018-07-31 13:52:22¡¿ > [2,OnSend] ->(33bytes)
¡¾2018-07-31 13:52:22¡¿ > [2,OnReceive] ->(142bytes)
¡¾2018-07-31 13:52:23¡¿ > [2,OnSend] ->(33bytes)
¡¾2018-07-31 13:52:23¡¿ > [2,OnReceive] ->(142bytes)
¡¾2018-07-31 13:52:23¡¿$ (2) Send OK --> 
¡¾2018-07-31 13:52:23¡¿ > [2,OnReceive] ->(142bytes)
¡¾2018-07-31 13:52:23¡¿$ (2) Send OK --> 
¡¾2018-07-31 13:52:23¡¿ > [2,OnReceive] ->(142bytes)
¡¾2018-07-31 13:52:23¡¿ > [2,OnSend] ->(33bytes)
¡¾2018-07-31 13:52:23¡¿ > [2,OnReceive] ->(142bytes)
¡¾2018-07-31 13:52:23¡¿ > [2,OnSend] ->(33bytes)
¡¾2018-07-31 13:52:23¡¿ > [2,OnReceive] ->(142bytes)
¡¾2018-07-31 13:52:24¡¿ > [2,OnSend] ->(33bytes)
¡¾2018-07-31 13:52:24¡¿ > [2,OnReceive] ->(142bytes)
¡¾2018-07-31 13:52:24¡¿$ (2) Send OK --> 
¡¾2018-07-31 13:52:24¡¿ > [2,OnReceive] ->(142bytes)
¡¾2018-07-31 13:52:24¡¿$ (2) Send OK --> 
¡¾2018-07-31 13:52:24¡¿ > [2,OnReceive] ->(142bytes)
¡¾2018-07-31 13:52:24¡¿ > [2,OnSend] ->(33bytes)
¡¾2018-07-31 13:52:24¡¿ > [2,OnReceive] ->(142bytes)
¡¾2018-07-31 13:52:25¡¿$ (2) Send OK --> 
¡¾2018-07-31 13:52:25¡¿ > [2,OnReceive] ->(142bytes)
¡¾2018-07-31 13:52:25¡¿$ (2) Send OK --> 
¡¾2018-07-31 13:52:25¡¿ > [2,OnReceive] ->(142bytes)
¡¾2018-07-31 13:52:25¡¿ > [2,OnSend] ->(33bytes)
¡¾2018-07-31 13:52:25¡¿ > [2,OnReceive] ->(142bytes)
¡¾2018-07-31 13:52:25¡¿$ (2) Send OK --> 
¡¾2018-07-31 13:52:25¡¿ > [2,OnReceive] ->(142bytes)
¡¾2018-07-31 13:52:25¡¿$ (2) Send OK --> 
¡¾2018-07-31 13:52:25¡¿ > [2,OnReceive] ->(142bytes)
¡¾2018-07-31 13:52:26¡¿ > [2,OnSend] ->(33bytes)
¡¾2018-07-31 13:52:26¡¿ > [2,OnReceive] ->(142bytes)
¡¾2018-07-31 13:52:26¡¿ > [2,OnSend] ->(33bytes)
¡¾2018-07-31 13:52:26¡¿ > [2,OnReceive] ->(142bytes)
¡¾2018-07-31 13:52:26¡¿$ (2) Send OK --> 
¡¾2018-07-31 13:52:26¡¿ > [2,OnReceive] ->(142bytes)
¡¾2018-07-31 13:52:26¡¿ > [2,OnSend] ->(33bytes)
¡¾2018-07-31 13:52:26¡¿ > [2,OnReceive] ->(142bytes)
¡¾2018-07-31 13:52:27¡¿$ (2) Send OK --> 
¡¾2018-07-31 13:52:27¡¿ > [2,OnReceive] ->(142bytes)
¡¾2018-07-31 13:52:27¡¿$ (2) Send OK --> 
¡¾2018-07-31 13:52:27¡¿ > [2,OnReceive] ->(142bytes)
¡¾2018-07-31 13:52:27¡¿$ (2) Send OK --> 
¡¾2018-07-31 13:52:27¡¿ > [2,OnReceive] ->(142bytes)
¡¾2018-07-31 13:52:27¡¿$ (2) Send OK --> 
¡¾2018-07-31 13:52:27¡¿ > [2,OnReceive] ->(142bytes)
¡¾2018-07-31 13:52:27¡¿$ (2) Send OK --> 
¡¾2018-07-31 13:52:27¡¿ > [2,OnReceive] ->(142bytes)
¡¾2018-07-31 13:52:28¡¿ > [2,OnSend] ->(33bytes)
¡¾2018-07-31 13:52:28¡¿ > [2,OnReceive] ->(142bytes)
¡¾2018-07-31 13:52:28¡¿ > [2,OnSend] ->(33bytes)
¡¾2018-07-31 13:52:28¡¿ > [2,OnReceive] ->(142bytes)
¡¾2018-07-31 13:52:28¡¿ > [2,OnSend] ->(33bytes)
¡¾2018-07-31 13:52:28¡¿ > [2,OnReceive] ->(142bytes)
¡¾2018-07-31 13:52:28¡¿$ (2) Send OK --> 
¡¾2018-07-31 13:52:28¡¿ > [2,OnReceive] ->(142bytes)
¡¾2018-07-31 13:52:28¡¿ > [2,OnSend] ->(33bytes)
¡¾2018-07-31 13:52:28¡¿ > [2,OnReceive] ->(142bytes)
¡¾2018-07-31 13:52:29¡¿$ (2) Send OK --> 
¡¾2018-07-31 13:52:29¡¿ > [2,OnReceive] ->(142bytes)
¡¾2018-07-31 13:52:29¡¿$ (2) Send OK --> 
¡¾2018-07-31 13:52:29¡¿ > [2,OnReceive] ->(142bytes)
¡¾2018-07-31 13:52:39¡¿ > [2,OnClose]
¡¾2018-08-01 18:23:39¡¿$ Client Starting ... --> (127.0.0.1 : 8081)
¡¾2018-08-01 18:23:39¡¿ > [1,OnConnect] -> local address:127.0.0.1
¡¾2018-08-01 18:23:40¡¿ > [1,OnSend] ->(29bytes)
¡¾2018-08-01 18:23:40¡¿ > [1,OnReceive] ->(30bytes)
¡¾2018-08-01 18:23:41¡¿ > [1,OnSend] ->(34bytes)
¡¾2018-08-01 18:23:41¡¿ > [1,OnReceive] ->(48bytes)
¡¾2018-08-01 18:23:42¡¿$ (1) Send OK --> 
¡¾2018-08-01 18:23:42¡¿ > [1,OnReceive] ->(565bytes)
¡¾2018-08-01 18:24:14¡¿$ Client Starting ... --> (127.0.0.1 : 8081)
¡¾2018-08-01 18:24:14¡¿ > [1,OnConnect] -> local address:127.0.0.1
¡¾2018-08-10 07:48:10¡¿$ Client Starting ... --> (127.0.0.1 : 8081)
¡¾2018-08-10 07:48:10¡¿ > [1,OnConnect] -> local address:127.0.0.1
¡¾2018-08-10 07:48:11¡¿ > [1,OnSend] ->(31bytes)
¡¾2018-08-10 07:48:11¡¿ > [1,OnReceive] ->(34bytes)
¡¾2018-08-10 07:48:12¡¿$ (1) Send OK --> 
¡¾2018-08-10 07:48:12¡¿ > [1,OnSend] ->(40bytes)
¡¾2018-08-10 07:48:12¡¿ > [1,OnReceive] ->(25bytes)
¡¾2018-08-10 07:48:13¡¿ > [1,OnSend] ->(34bytes)
¡¾2018-08-10 07:48:13¡¿ > [1,OnReceive] ->(15bytes)
¡¾2018-08-10 07:48:13¡¿ > [1,OnClose]
¡¾2018-08-10 07:50:06¡¿$ Client Starting ... --> (127.0.0.1 : 8081)
¡¾2018-08-10 07:50:06¡¿ > [1,OnConnect] -> local address:127.0.0.1
¡¾2018-08-10 07:50:06¡¿ > [1,OnSend] ->(31bytes)
¡¾2018-08-10 07:50:06¡¿ > [1,OnReceive] ->(33bytes)
¡¾2018-08-10 07:50:07¡¿ > [1,OnSend] ->(39bytes)
¡¾2018-08-10 07:50:07¡¿ > [1,OnReceive] ->(25bytes)
¡¾2018-08-10 07:50:08¡¿ > [1,OnSend] ->(33bytes)
¡¾2018-08-10 07:50:08¡¿ > [1,OnReceive] ->(15bytes)
¡¾2018-08-10 07:50:08¡¿ > [1,OnClose]
¡¾2018-08-10 07:50:22¡¿$ Client Starting ... --> (127.0.0.1 : 8081)
¡¾2018-08-10 07:50:22¡¿ > [1,OnConnect] -> local address:127.0.0.1
¡¾2018-08-10 07:50:29¡¿ > [1,OnSend] ->(29bytes)
¡¾2018-08-10 07:50:29¡¿ > [1,OnReceive] ->(36bytes)
¡¾2018-08-10 07:50:30¡¿ > [1,OnSend] ->(40bytes)
¡¾2018-08-10 07:50:30¡¿ > [1,OnReceive] ->(33bytes)
¡¾2018-08-10 07:50:31¡¿ > [1,OnSend] ->(36bytes)
¡¾2018-08-10 07:50:31¡¿ > [1,OnReceive] ->(15bytes)
¡¾2018-08-10 07:50:42¡¿ > [1,OnSend] ->(32bytes)
¡¾2018-08-10 07:50:42¡¿ > [1,OnReceive] ->(19bytes)