
¡¾2018-07-31 18:48:56¡¿$ Server IP No Set£¡
¡¾2018-07-31 19:01:43¡¿$ Client Starting ... --> (127.0.0.1 : 8081)
¡¾2018-07-31 19:01:43¡¿ > [1,OnConnect] -> local address:127.0.0.1
¡¾2018-07-31 19:01:47¡¿$ (1) Send OK --> 
¡¾2018-07-31 19:01:47¡¿ > [1,OnReceive] ->(31bytes)
¡¾2018-07-31 19:01:47¡¿$ (1) Send OK --> 
¡¾2018-07-31 19:01:47¡¿ > [1,OnSend] ->(35bytes)
¡¾2018-07-31 19:01:47¡¿ > [1,OnReceive] ->(48bytes)
¡¾2018-07-31 19:02:00¡¿$ Client Starting ... --> (127.0.0.1 : 8081)
¡¾2018-07-31 19:02:00¡¿ > [1,OnConnect] -> local address:127.0.0.1
¡¾2018-07-31 19:02:01¡¿$ (1) Send OK --> 
¡¾2018-07-31 19:02:01¡¿ > [1,OnReceive] ->(31bytes)
¡¾2018-07-31 19:02:02¡¿$ (1) Send OK --> 
¡¾2018-07-31 19:02:02¡¿ > [1,OnSend] ->(35bytes)
¡¾2018-07-31 19:02:02¡¿ > [1,OnReceive] ->(48bytes)
¡¾2018-07-31 19:02:03¡¿ > [1,OnSend] ->(31bytes)
¡¾2018-07-31 19:02:03¡¿ > [1,OnReceive] ->(565bytes)
¡¾2018-07-31 19:02:06¡¿ > [1,OnSend] ->(27bytes)
¡¾2018-07-31 19:02:06¡¿ > [1,OnReceive] ->(19bytes)
¡¾2018-07-31 19:03:25¡¿$ Client Starting ... --> (127.0.0.1 : 8081)
¡¾2018-07-31 19:03:25¡¿ > [1,OnConnect] -> local address:127.0.0.1
¡¾2018-07-31 19:03:28¡¿$ (1) Send OK --> 
¡¾2018-07-31 19:03:28¡¿ > [1,OnReceive] ->(31bytes)
¡¾2018-07-31 19:03:28¡¿ > [1,OnSend] ->(35bytes)
¡¾2018-07-31 19:03:29¡¿ > [1,OnReceive] ->(48bytes)
¡¾2018-07-31 19:03:29¡¿$ (1) Send OK --> 
¡¾2018-07-31 19:03:29¡¿ > [1,OnReceive] ->(565bytes)
¡¾2018-07-31 19:03:30¡¿ > [1,OnSend] ->(27bytes)
¡¾2018-07-31 19:03:30¡¿ > [1,OnReceive] ->(19bytes)
¡¾2018-07-31 19:27:56¡¿$ Client Starting ... --> (127.0.0.1 : 8081)
¡¾2018-07-31 19:27:56¡¿ > [1,OnConnect] -> local address:127.0.0.1
¡¾2018-07-31 19:27:57¡¿$ (1) Send OK --> 
¡¾2018-07-31 19:27:57¡¿ > [1,OnReceive] ->(31bytes)
¡¾2018-07-31 19:27:57¡¿$ (1) Send OK --> 
¡¾2018-07-31 19:27:57¡¿ > [1,OnSend] ->(35bytes)
¡¾2018-07-31 19:27:57¡¿ > [1,OnReceive] ->(48bytes)
¡¾2018-07-31 19:27:58¡¿$ (1) Send OK --> 
¡¾2018-07-31 19:27:58¡¿ > [1,OnReceive] ->(565bytes)
¡¾2018-07-31 19:28:04¡¿ > [1,OnSend] ->(27bytes)
¡¾2018-07-31 19:28:04¡¿ > [1,OnReceive] ->(18bytes)
¡¾2018-07-31 19:28:36¡¿$ Client Starting ... --> (127.0.0.1 : 8081)
¡¾2018-07-31 19:28:36¡¿ > [1,OnConnect] -> local address:127.0.0.1
¡¾2018-07-31 19:28:37¡¿$ (1) Send OK --> 
¡¾2018-07-31 19:28:37¡¿ > [1,OnReceive] ->(31bytes)
¡¾2018-07-31 19:28:38¡¿$ (1) Send OK --> 
¡¾2018-07-31 19:28:38¡¿ > [1,OnSend] ->(35bytes)
¡¾2018-07-31 19:28:38¡¿ > [1,OnReceive] ->(48bytes)
¡¾2018-07-31 19:28:39¡¿ > [1,OnSend] ->(31bytes)
¡¾2018-07-31 19:28:39¡¿ > [1,OnReceive] ->(565bytes)
¡¾2018-07-31 19:28:42¡¿ > [1,OnSend] ->(35bytes)
¡¾2018-07-31 19:28:42¡¿ > [1,OnReceive] ->(48bytes)
¡¾2018-07-31 19:29:38¡¿ > [1,OnSend] ->(9bytes)
¡¾2018-07-31 19:29:38¡¿ > [1,OnReceive] ->(7bytes)
¡¾2018-07-31 19:30:27¡¿$ Client Starting ... --> (127.0.0.1 : 8081)
¡¾2018-07-31 19:30:27¡¿ > [1,OnConnect] -> local address:127.0.0.1
¡¾2018-07-31 19:30:47¡¿$ (1) Send OK --> 
¡¾2018-07-31 19:30:47¡¿ > [1,OnReceive] ->(31bytes)
¡¾2018-07-31 19:30:48¡¿$ (1) Send OK --> 
¡¾2018-07-31 19:30:48¡¿ > [1,OnSend] ->(35bytes)
¡¾2018-07-31 19:30:48¡¿ > [1,OnReceive] ->(48bytes)
¡¾2018-07-31 19:30:49¡¿$ (1) Send OK --> 
¡¾2018-07-31 19:30:49¡¿ > [1,OnReceive] ->(565bytes)
¡¾2018-07-31 19:30:59¡¿ > [1,OnSend] ->(35bytes)
¡¾2018-07-31 19:30:59¡¿ > [1,OnReceive] ->(45bytes)
¡¾2018-07-31 19:31:14¡¿$ (1) Send OK --> 
¡¾2018-07-31 19:31:14¡¿ > [1,OnReceive] ->(565bytes)
¡¾2018-07-31 19:31:27¡¿ > [1,OnSend] ->(33bytes)
¡¾2018-07-31 19:31:27¡¿ > [1,OnReceive] ->(15bytes)
¡¾2018-07-31 19:32:27¡¿$ (1) Send OK --> 
¡¾2018-07-31 19:32:27¡¿ > [1,OnReceive] ->(95bytes)
¡¾2018-07-31 19:32:36¡¿$ (1) Send OK --> 
¡¾2018-07-31 19:32:36¡¿ > [1,OnReceive] ->(27bytes)
¡¾2018-07-31 19:33:02¡¿ > [1,OnClose]
¡¾2018-08-01 18:24:19¡¿$ Client Starting ... --> (127.0.0.1 : 8081)
¡¾2018-08-01 18:24:19¡¿ > [1,OnConnect] -> local address:127.0.0.1
¡¾2018-08-01 18:24:20¡¿$ (1) Send OK --> 
¡¾2018-08-01 18:24:20¡¿ > [1,OnReceive] ->(30bytes)
¡¾2018-08-01 18:24:21¡¿ > [1,OnSend] ->(34bytes)
¡¾2018-08-01 18:24:21¡¿ > [1,OnReceive] ->(48bytes)
¡¾2018-08-01 18:24:22¡¿$ (1) Send OK --> 
¡¾2018-08-01 18:24:22¡¿ > [1,OnReceive] ->(565bytes)
¡¾2018-08-01 18:24:53¡¿ > [1,OnSend] ->(30bytes)
¡¾2018-08-01 18:24:53¡¿ > [1,OnReceive] ->(565bytes)
¡¾2018-08-01 18:25:00¡¿$ (1) Send OK --> 
¡¾2018-08-01 18:25:00¡¿ > [1,OnReceive] ->(565bytes)
¡¾2018-08-01 18:25:04¡¿$ (1) Send OK --> 
¡¾2018-08-01 18:25:04¡¿ > [1,OnReceive] ->(565bytes)
¡¾2018-08-01 18:25:17¡¿$ (1) Send OK --> 
¡¾2018-08-01 18:25:17¡¿ > [1,OnReceive] ->(15bytes)
¡¾2018-08-01 18:25:27¡¿$ (1) Send OK --> 
¡¾2018-08-01 18:25:27¡¿ > [1,OnReceive] ->(16bytes)
¡¾2018-08-01 18:25:27¡¿ > [1,OnSend] ->(30bytes)
¡¾2018-08-01 18:25:27¡¿ > [1,OnReceive] ->(627bytes)
¡¾2018-08-01 19:08:58¡¿ > [1,OnClose]
¡¾2018-08-09 21:41:08¡¿$ Client Starting ... --> (127.0.0.1 : 8081)
¡¾2018-08-09 21:41:08¡¿ > [1,OnConnect] -> local address:127.0.0.1
¡¾2018-08-09 21:41:13¡¿ > [1,OnSend] ->(29bytes)
¡¾2018-08-09 21:41:13¡¿ > [1,OnReceive] ->(21bytes)
¡¾2018-08-09 21:44:15¡¿$ Client Starting ... --> (127.0.0.1 : 8081)
¡¾2018-08-09 21:44:15¡¿ > [1,OnConnect] -> local address:127.0.0.1
¡¾2018-08-09 21:44:36¡¿$ Client Starting ... --> (127.0.0.1 : 8081)
¡¾2018-08-09 21:44:36¡¿ > [1,OnConnect] -> local address:127.0.0.1
¡¾2018-08-09 21:45:05¡¿ > [1,OnSend] ->(40bytes)
¡¾2018-08-09 21:45:18¡¿ > [1,OnReceive] ->(45bytes)
¡¾2018-08-09 21:45:34¡¿$ Client Starting ... --> (127.0.0.1 : 8081)
¡¾2018-08-09 21:45:34¡¿ > [1,OnConnect] -> local address:127.0.0.1
¡¾2018-08-09 21:45:43¡¿ > [1,OnSend] ->(31bytes)
¡¾2018-08-09 21:45:43¡¿ > [1,OnReceive] ->(33bytes)
¡¾2018-08-09 21:45:44¡¿$ (1) Send OK --> 
¡¾2018-08-09 21:45:44¡¿ > [1,OnSend] ->(39bytes)
¡¾2018-08-09 21:45:45¡¿ > [1,OnReceive] ->(25bytes)
¡¾2018-08-09 21:45:45¡¿ > [1,OnSend] ->(33bytes)
¡¾2018-08-09 21:45:46¡¿ > [1,OnReceive] ->(15bytes)
¡¾2018-08-09 21:46:03¡¿ > [1,OnClose]
¡¾2018-08-09 22:47:51¡¿$ Client Starting ... --> (127.0.0.1 : 8081)
¡¾2018-08-09 22:47:51¡¿ > [1,OnConnect] -> local address:127.0.0.1
¡¾2018-08-09 22:47:51¡¿ > [1,OnSend] ->(31bytes)
¡¾2018-08-09 22:47:52¡¿ > [1,OnReceive] ->(32bytes)
¡¾2018-08-09 22:47:52¡¿ > [1,OnSend] ->(38bytes)
¡¾2018-08-09 22:47:52¡¿ > [1,OnReceive] ->(25bytes)
¡¾2018-08-09 22:47:53¡¿ > [1,OnSend] ->(32bytes)
¡¾2018-08-09 22:47:53¡¿ > [1,OnReceive] ->(15bytes)
¡¾2018-08-09 22:48:00¡¿ > [1,OnSend] ->(38bytes)
¡¾2018-08-09 22:48:00¡¿ > [1,OnReceive] ->(25bytes)
¡¾2018-08-10 07:42:34¡¿$ Client Starting ... --> (127.0.0.1 : 8081)
¡¾2018-08-10 07:42:34¡¿ > [1,OnConnect] -> local address:127.0.0.1
¡¾2018-08-10 07:42:35¡¿ > [1,OnSend] ->(31bytes)
¡¾2018-08-10 07:42:35¡¿ > [1,OnReceive] ->(33bytes)
¡¾2018-08-10 07:42:35¡¿$ (1) Send OK --> 
¡¾2018-08-10 07:42:35¡¿ > [1,OnSend] ->(39bytes)
¡¾2018-08-10 07:42:36¡¿ > [1,OnReceive] ->(25bytes)
¡¾2018-08-10 07:42:37¡¿ > [1,OnSend] ->(33bytes)
¡¾2018-08-10 07:42:37¡¿ > [1,OnReceive] ->(15bytes)
¡¾2018-08-10 07:42:44¡¿ > [1,OnSend] ->(33bytes)
¡¾2018-08-10 07:42:44¡¿ > [1,OnReceive] ->(16bytes)
¡¾2018-08-10 07:42:45¡¿ > [1,OnSend] ->(31bytes)
¡¾2018-08-10 07:42:45¡¿ > [1,OnReceive] ->(34bytes)
¡¾2018-08-10 07:43:15¡¿ > [1,OnSend] ->(39bytes)
¡¾2018-08-10 07:45:48¡¿ > [1,OnReceive] ->(45bytes)
¡¾2018-08-10 07:45:51¡¿ > [1,OnSend] ->(39bytes)
¡¾2018-08-10 07:45:52¡¿ > [1,OnReceive] ->(25bytes)
¡¾2018-08-10 07:46:50¡¿$ (1) Send OK --> 
¡¾2018-08-10 07:46:57¡¿ > [1,OnReceive] ->(45bytes)
¡¾2018-08-10 07:47:40¡¿ > [1,OnClose]
¡¾2018-08-10 07:48:17¡¿$ Client Starting ... --> (127.0.0.1 : 8081)
¡¾2018-08-10 07:48:17¡¿ > [1,OnConnect] -> local address:127.0.0.1
¡¾2018-08-10 07:48:17¡¿ > [1,OnSend] ->(31bytes)
¡¾2018-08-10 07:48:17¡¿ > [1,OnReceive] ->(34bytes)
¡¾2018-08-10 07:48:18¡¿ > [1,OnSend] ->(40bytes)
¡¾2018-08-10 07:48:18¡¿ > [1,OnReceive] ->(25bytes)
¡¾2018-08-10 07:48:19¡¿ > [1,OnSend] ->(34bytes)
¡¾2018-08-10 07:48:19¡¿ > [1,OnReceive] ->(15bytes)
¡¾2018-08-10 07:48:20¡¿ > [1,OnSend] ->(34bytes)
¡¾2018-08-10 07:48:20¡¿ > [1,OnReceive] ->(16bytes)
¡¾2018-08-10 07:48:21¡¿ > [1,OnSend] ->(31bytes)
¡¾2018-08-10 07:48:21¡¿ > [1,OnReceive] ->(33bytes)
¡¾2018-08-10 07:48:42¡¿ > [1,OnSend] ->(38bytes)
¡¾2018-08-10 07:48:42¡¿ > [1,OnReceive] ->(21bytes)
¡¾2018-08-10 07:49:12¡¿ > [1,OnSend] ->(29bytes)
¡¾2018-08-10 07:49:12¡¿ > [1,OnReceive] ->(36bytes)
¡¾2018-08-10 07:49:22¡¿ > [1,OnSend] ->(29bytes)
¡¾2018-08-10 07:49:22¡¿ > [1,OnReceive] ->(36bytes)
¡¾2018-08-10 07:49:28¡¿$ (1) Send OK --> 
¡¾2018-08-10 07:49:28¡¿ > [1,OnSend] ->(38bytes)
¡¾2018-08-10 07:49:28¡¿ > [1,OnReceive] ->(33bytes)
¡¾2018-08-10 07:49:29¡¿ > [1,OnSend] ->(34bytes)
¡¾2018-08-10 07:49:29¡¿ > [1,OnReceive] ->(34bytes)
¡¾2018-08-10 07:49:30¡¿ > [1,OnSend] ->(34bytes)
¡¾2018-08-10 07:49:30¡¿ > [1,OnReceive] ->(16bytes)
¡¾2018-08-10 07:49:31¡¿ > [1,OnClose]
¡¾2018-08-10 07:49:35¡¿$ Client Starting ... --> (127.0.0.1 : 8081)
¡¾2018-08-10 07:49:35¡¿ > [1,OnConnect] -> local address:127.0.0.1
¡¾2018-08-10 07:49:35¡¿ > [1,OnSend] ->(31bytes)
¡¾2018-08-10 07:49:35¡¿ > [1,OnReceive] ->(33bytes)
¡¾2018-08-10 07:49:36¡¿ > [1,OnSend] ->(39bytes)
¡¾2018-08-10 07:49:36¡¿ > [1,OnReceive] ->(25bytes)
¡¾2018-08-10 07:49:37¡¿ > [1,OnSend] ->(33bytes)
¡¾2018-08-10 07:49:37¡¿ > [1,OnReceive] ->(15bytes)
¡¾2018-08-10 07:49:38¡¿ > [1,OnClose]
¡¾2018-08-10 07:49:48¡¿$ Client Starting ... --> (127.0.0.1 : 8081)
¡¾2018-08-10 07:49:48¡¿ > [1,OnConnect] -> local address:127.0.0.1
¡¾2018-08-10 07:49:55¡¿ > [1,OnSend] ->(29bytes)
¡¾2018-08-10 07:49:55¡¿ > [1,OnReceive] ->(36bytes)
¡¾2018-08-10 07:49:55¡¿$ (1) Send OK --> 
¡¾2018-08-10 07:49:55¡¿ > [1,OnSend] ->(40bytes)
¡¾2018-08-10 07:49:55¡¿ > [1,OnReceive] ->(33bytes)
¡¾2018-08-10 07:49:56¡¿ > [1,OnSend] ->(36bytes)
¡¾2018-08-10 07:49:56¡¿ > [1,OnReceive] ->(15bytes)
¡¾2018-08-10 07:50:02¡¿ > [1,OnClose]
¡¾2020-05-04 20:05:47¡¿$ Client Starting ... --> (127.0.0.1 : 8081)
¡¾2020-05-04 20:05:47¡¿ > [1,OnConnect] -> local address:127.0.0.1
¡¾2020-05-04 20:05:50¡¿ > [1,OnSend] ->(29bytes)
¡¾2020-05-04 20:05:50¡¿ > [1,OnReceive] ->(30bytes)
¡¾2020-05-04 20:05:51¡¿$ (1) Send OK --> 
¡¾2020-05-04 20:05:51¡¿ > [1,OnReceive] ->(33bytes)
¡¾2020-05-04 20:05:52¡¿$ (1) Send OK --> 
¡¾2020-05-04 20:05:52¡¿ > [1,OnReceive] ->(15bytes)
¡¾2020-05-04 20:07:04¡¿$ (1) Send OK --> 
¡¾2020-05-04 20:07:04¡¿ > [1,OnReceive] ->(15bytes)
¡¾2020-05-04 20:07:08¡¿ > [1,OnSend] ->(26bytes)
¡¾2020-05-04 20:07:08¡¿ > [1,OnReceive] ->(19bytes)
¡¾2020-05-04 22:00:49¡¿$ Client Starting ... --> (127.0.0.1 : 8081)
¡¾2020-05-04 22:00:49¡¿ > [1,OnConnect] -> local address:127.0.0.1
¡¾2020-05-04 22:01:21¡¿$ (1) Send OK --> 
¡¾2020-05-04 22:01:21¡¿ > [1,OnReceive] ->(21bytes)
¡¾2020-05-04 22:01:29¡¿ > [1,OnSend] ->(31bytes)
¡¾2020-05-04 22:01:29¡¿ > [1,OnReceive] ->(30bytes)
¡¾2020-05-04 22:01:30¡¿$ (1) Send OK --> 
¡¾2020-05-04 22:01:30¡¿ > [1,OnReceive] ->(35bytes)
¡¾2020-05-04 22:01:31¡¿$ (1) Send OK --> 
¡¾2020-05-04 22:01:31¡¿ > [1,OnReceive] ->(15bytes)
¡¾2020-05-04 22:01:44¡¿$ (1) Send OK --> 
¡¾2020-05-04 22:01:44¡¿ > [1,OnReceive] ->(27bytes)
¡¾2020-05-04 22:02:19¡¿ > [1,OnSend] ->(32bytes)
¡¾2020-05-04 22:02:19¡¿ > [1,OnReceive] ->(15bytes)
¡¾2020-05-04 22:02:22¡¿ > [1,OnSend] ->(32bytes)
¡¾2020-05-04 22:02:22¡¿ > [1,OnReceive] ->(15bytes)
¡¾2020-05-04 22:02:42¡¿$ (1) Send OK --> 
¡¾2020-05-04 22:02:42¡¿ > [1,OnReceive] ->(27bytes)
¡¾2020-05-04 22:03:27¡¿ > [1,OnSend] ->(36bytes)
¡¾2020-05-04 22:03:27¡¿ > [1,OnReceive] ->(35bytes)
¡¾2020-05-04 22:03:45¡¿$ (1) Send OK --> 
¡¾2020-05-04 22:03:45¡¿ > [1,OnReceive] ->(16bytes)
¡¾2020-05-04 22:03:46¡¿ > [1,OnSend] ->(30bytes)
¡¾2020-05-04 22:03:46¡¿ > [1,OnReceive] ->(16bytes)
¡¾2020-05-04 22:04:06¡¿$ (1) Send OK --> 
¡¾2020-05-04 22:04:07¡¿ > [1,OnReceive] ->(23bytes)
¡¾2020-05-04 22:04:16¡¿$ Client Starting ... --> (127.0.0.1 : 8081)
¡¾2020-05-04 22:04:16¡¿ > [1,OnConnect] -> local address:127.0.0.1
¡¾2020-05-04 22:04:17¡¿ > [1,OnSend] ->(31bytes)
¡¾2020-05-04 22:04:17¡¿ > [1,OnReceive] ->(30bytes)
¡¾2020-05-04 22:04:17¡¿ > [1,OnSend] ->(36bytes)
¡¾2020-05-04 22:04:17¡¿ > [1,OnReceive] ->(35bytes)
¡¾2020-05-04 22:04:18¡¿$ (1) Send OK --> 
¡¾2020-05-04 22:04:19¡¿ > [1,OnReceive] ->(15bytes)
¡¾2020-05-04 22:04:55¡¿$ (1) Send OK --> 
¡¾2020-05-04 22:04:56¡¿ > [1,OnReceive] ->(23bytes)
¡¾2020-05-04 22:05:00¡¿$ Client Starting ... --> (127.0.0.1 : 8081)
¡¾2020-05-04 22:05:00¡¿ > [1,OnConnect] -> local address:127.0.0.1
¡¾2020-05-04 22:05:15¡¿ > [1,OnSend] ->(31bytes)
¡¾2020-05-04 22:05:15¡¿ > [1,OnReceive] ->(30bytes)
¡¾2020-05-04 22:05:15¡¿$ (1) Send OK --> 
¡¾2020-05-04 22:05:15¡¿ > [1,OnSend] ->(36bytes)
¡¾2020-05-04 22:05:15¡¿ > [1,OnReceive] ->(36bytes)
¡¾2020-05-04 22:05:16¡¿$ (1) Send OK --> 
¡¾2020-05-04 22:05:16¡¿ > [1,OnReceive] ->(15bytes)
¡¾2020-05-04 22:05:36¡¿ > [1,OnSend] ->(9bytes)
¡¾2020-05-04 22:05:36¡¿ > [1,OnReceive] ->(7bytes)
¡¾2020-05-04 22:06:06¡¿$ (1) Send OK --> 
¡¾2020-05-04 22:06:06¡¿ > [1,OnReceive] ->(26bytes)
¡¾2020-05-04 22:06:10¡¿ > [1,OnSend] ->(17bytes)
¡¾2020-05-04 22:06:10¡¿ > [1,OnReceive] ->(21bytes)
¡¾2020-05-04 22:06:44¡¿$ (1) Send OK --> 
¡¾2020-05-04 22:06:44¡¿ > [1,OnSend] ->(9bytes)
¡¾2020-05-04 22:06:44¡¿ > [1,OnReceive] ->(26bytes)
¡¾2020-05-04 22:06:48¡¿ > [1,OnSend] ->(17bytes)
¡¾2020-05-04 22:06:48¡¿ > [1,OnReceive] ->(21bytes)
¡¾2020-05-04 22:09:01¡¿ > [1,OnSend] ->(17bytes)
¡¾2020-05-04 22:09:01¡¿ > [1,OnReceive] ->(21bytes)
¡¾2020-05-04 22:09:08¡¿$ (1) Send OK --> 
¡¾2020-05-04 22:09:08¡¿ > [1,OnReceive] ->(27bytes)
¡¾2020-05-04 22:09:16¡¿$ (1) Send OK --> 
¡¾2020-05-04 22:09:16¡¿ > [1,OnReceive] ->(36bytes)
¡¾2020-05-04 22:09:28¡¿$ (1) Send OK --> 
¡¾2020-05-04 22:09:28¡¿ > [1,OnReceive] ->(26bytes)
¡¾2020-05-04 22:09:30¡¿ > [1,OnSend] ->(17bytes)
¡¾2020-05-04 22:09:30¡¿ > [1,OnReceive] ->(21bytes)
¡¾2020-05-04 22:10:47¡¿ > [1,OnSend] ->(17bytes)
¡¾2020-05-04 22:10:47¡¿ > [1,OnReceive] ->(21bytes)
¡¾2020-05-04 22:11:08¡¿ > [1,OnSend] ->(12bytes)
¡¾2020-05-04 22:11:08¡¿ > [1,OnReceive] ->(27bytes)
¡¾2020-05-04 22:14:41¡¿ > [1,OnClose]
¡¾2020-05-05 14:56:40¡¿$ Client Starting ... --> (127.0.0.1 : 8081)
¡¾2020-05-05 14:56:42¡¿$ Client Starting ... --> (192.168.75.129 : 8081)
¡¾2020-05-05 14:57:03¡¿$ Connect to Server Fail
¡¾2020-05-05 14:57:06¡¿$ Client Starting ... --> (127.0.0.1 : 54876)
¡¾2020-05-05 14:57:06¡¿ > [1,OnConnect] -> local address:127.0.0.1
¡¾2020-05-24 16:56:53¡¿$ Client Starting ... --> (127.0.0.1 : 54876)
¡¾2020-05-24 16:56:55¡¿$ Client Starting ... --> (192.168.75.129 : 54876)
¡¾2020-05-24 16:57:16¡¿$ Connect to Server Fail
¡¾2020-05-24 16:58:11¡¿$ Client Starting ... --> (192.168.2.8 : 8081)
¡¾2020-05-24 16:58:13¡¿$ Client Starting ... --> (192.168.75.129 : 8081)
¡¾2020-05-24 16:58:33¡¿$ Client Starting ... --> (192.168.2.8 : 8081)
¡¾2020-05-24 16:58:33¡¿ > [1,OnConnect] -> local address:192.168.2.8
¡¾2020-05-24 16:58:42¡¿$ (1) Send OK --> 
¡¾2020-05-24 16:58:42¡¿ > [1,OnReceive] ->(34bytes)
¡¾2020-05-24 16:58:42¡¿$ (1) Send OK --> 
¡¾2020-05-24 16:58:42¡¿ > [1,OnReceive] ->(36bytes)
¡¾2020-05-24 16:58:43¡¿ > [1,OnSend] ->(34bytes)
¡¾2020-05-24 16:58:43¡¿ > [1,OnReceive] ->(15bytes)
¡¾2020-05-24 16:59:15¡¿ > [1,OnClose]